<?xml version="1.0" encoding="UTF-8"?>
<testsuite xmlns:xsi="http://www.w3.org/2001/XMLSchema-instance" xsi:noNamespaceSchemaLocation="https://maven.apache.org/surefire/maven-surefire-plugin/xsd/surefire-test-report-3.0.xsd" version="3.0" name="TestRunner.Run" time="46.057" tests="5" errors="0" skipped="0" failures="0">
  <properties>
    <property name="java.specification.version" value="14"/>
    <property name="webdriver.chrome.driver" value="C:\Users\ghaya\.cache\selenium\chromedriver\win32\112.0.5615.49\chromedriver.exe"/>
    <property name="sun.cpu.isalist" value="amd64"/>
    <property name="sun.jnu.encoding" value="Cp1252"/>
    <property name="java.class.path" value="D:\QA\SeleniumWorkSpace\AdminDemoCucumberFramework\target\test-classes;D:\QA\SeleniumWorkSpace\AdminDemoCucumberFramework\target\classes;C:\Users\ghaya\.m2\repository\junit\junit\4.11\junit-4.11.jar;C:\Users\ghaya\.m2\repository\io\cucumber\cucumber-html\0.2.7\cucumber-html-0.2.7.jar;C:\Users\ghaya\.m2\repository\net\sourceforge\cobertura\cobertura\2.1.1\cobertura-2.1.1.jar;C:\Users\ghaya\.m2\repository\org\ow2\asm\asm\5.0.1\asm-5.0.1.jar;C:\Users\ghaya\.m2\repository\org\ow2\asm\asm-tree\5.0.1\asm-tree-5.0.1.jar;C:\Users\ghaya\.m2\repository\org\ow2\asm\asm-commons\5.0.1\asm-commons-5.0.1.jar;C:\Users\ghaya\.m2\repository\org\ow2\asm\asm-util\5.0.1\asm-util-5.0.1.jar;C:\Users\ghaya\.m2\repository\org\ow2\asm\asm-analysis\5.0.1\asm-analysis-5.0.1.jar;C:\Users\ghaya\.m2\repository\oro\oro\2.0.8\oro-2.0.8.jar;C:\Users\ghaya\.m2\repository\jaxen\jaxen\1.1.4\jaxen-1.1.4.jar;C:\Users\ghaya\.m2\repository\org\apache\ant\ant\1.8.3\ant-1.8.3.jar;C:\Users\ghaya\.m2\repository\org\apache\ant\ant-launcher\1.8.3\ant-launcher-1.8.3.jar;C:\Users\ghaya\.m2\repository\org\apache\ant\ant-junit\1.8.3\ant-junit-1.8.3.jar;C:\Users\ghaya\.m2\repository\org\mortbay\jetty\servlet-api-2.5\6.1.14\servlet-api-2.5-6.1.14.jar;C:\Users\ghaya\.m2\repository\org\mortbay\jetty\jetty\6.1.14\jetty-6.1.14.jar;C:\Users\ghaya\.m2\repository\org\mortbay\jetty\jetty-util\6.1.14\jetty-util-6.1.14.jar;C:\Users\ghaya\.m2\repository\org\slf4j\slf4j-api\1.7.5\slf4j-api-1.7.5.jar;C:\Users\ghaya\.m2\repository\ch\qos\logback\logback-classic\1.0.13\logback-classic-1.0.13.jar;C:\Users\ghaya\.m2\repository\ch\qos\logback\logback-core\1.0.13\logback-core-1.0.13.jar;C:\Users\ghaya\.m2\repository\org\apache\commons\commons-lang3\3.3.2\commons-lang3-3.3.2.jar;C:\Users\ghaya\.m2\repository\io\cucumber\cucumber-java\7.3.4\cucumber-java-7.3.4.jar;C:\Users\ghaya\.m2\repository\io\cucumber\cucumber-core\7.3.4\cucumber-core-7.3.4.jar;C:\Users\ghaya\.m2\repository\io\cucumber\cucumber-gherkin\7.3.4\cucumber-gherkin-7.3.4.jar;C:\Users\ghaya\.m2\repository\io\cucumber\cucumber-gherkin-messages\7.3.4\cucumber-gherkin-messages-7.3.4.jar;C:\Users\ghaya\.m2\repository\io\cucumber\tag-expressions\4.1.0\tag-expressions-4.1.0.jar;C:\Users\ghaya\.m2\repository\io\cucumber\cucumber-expressions\15.1.1\cucumber-expressions-15.1.1.jar;C:\Users\ghaya\.m2\repository\io\cucumber\datatable\7.3.4\datatable-7.3.4.jar;C:\Users\ghaya\.m2\repository\io\cucumber\cucumber-plugin\7.3.4\cucumber-plugin-7.3.4.jar;C:\Users\ghaya\.m2\repository\io\cucumber\docstring\7.3.4\docstring-7.3.4.jar;C:\Users\ghaya\.m2\repository\io\cucumber\html-formatter\19.1.0\html-formatter-19.1.0.jar;C:\Users\ghaya\.m2\repository\io\cucumber\ci-environment\9.0.4\ci-environment-9.0.4.jar;C:\Users\ghaya\.m2\repository\org\apiguardian\apiguardian-api\1.1.2\apiguardian-api-1.1.2.jar;C:\Users\ghaya\.m2\repository\io\cucumber\cucumber-jvm-deps\1.0.6\cucumber-jvm-deps-1.0.6.jar;C:\Users\ghaya\.m2\repository\net\masterthought\cucumber-reporting\5.7.1\cucumber-reporting-5.7.1.jar;C:\Users\ghaya\.m2\repository\com\fasterxml\jackson\core\jackson-databind\2.13.2.2\jackson-databind-2.13.2.2.jar;C:\Users\ghaya\.m2\repository\com\fasterxml\jackson\core\jackson-annotations\2.13.2\jackson-annotations-2.13.2.jar;C:\Users\ghaya\.m2\repository\com\fasterxml\jackson\core\jackson-core\2.13.2\jackson-core-2.13.2.jar;C:\Users\ghaya\.m2\repository\com\fasterxml\jackson\datatype\jackson-datatype-jsr310\2.13.2\jackson-datatype-jsr310-2.13.2.jar;C:\Users\ghaya\.m2\repository\org\apache\velocity\velocity-engine-core\2.3\velocity-engine-core-2.3.jar;C:\Users\ghaya\.m2\repository\commons-collections\commons-collections\3.2.2\commons-collections-3.2.2.jar;C:\Users\ghaya\.m2\repository\joda-time\joda-time\2.10.14\joda-time-2.10.14.jar;C:\Users\ghaya\.m2\repository\org\codehaus\plexus\plexus-utils\3.4.2\plexus-utils-3.4.2.jar;C:\Users\ghaya\.m2\repository\org\jsoup\jsoup\1.15.1\jsoup-1.15.1.jar;C:\Users\ghaya\.m2\repository\com\google\guava\guava\31.1-jre\guava-31.1-jre.jar;C:\Users\ghaya\.m2\repository\com\google\guava\failureaccess\1.0.1\failureaccess-1.0.1.jar;C:\Users\ghaya\.m2\repository\com\google\guava\listenablefuture\9999.0-empty-to-avoid-conflict-with-guava\listenablefuture-9999.0-empty-to-avoid-conflict-with-guava.jar;C:\Users\ghaya\.m2\repository\com\google\code\findbugs\jsr305\3.0.2\jsr305-3.0.2.jar;C:\Users\ghaya\.m2\repository\org\checkerframework\checker-qual\3.12.0\checker-qual-3.12.0.jar;C:\Users\ghaya\.m2\repository\com\google\errorprone\error_prone_annotations\2.11.0\error_prone_annotations-2.11.0.jar;C:\Users\ghaya\.m2\repository\com\google\j2objc\j2objc-annotations\1.3\j2objc-annotations-1.3.jar;C:\Users\ghaya\.m2\repository\com\googlecode\owasp-java-html-sanitizer\owasp-java-html-sanitizer\20211018.2\owasp-java-html-sanitizer-20211018.2.jar;C:\Users\ghaya\.m2\repository\commons-configuration\commons-configuration\1.10\commons-configuration-1.10.jar;C:\Users\ghaya\.m2\repository\commons-lang\commons-lang\2.6\commons-lang-2.6.jar;C:\Users\ghaya\.m2\repository\commons-logging\commons-logging\1.1.1\commons-logging-1.1.1.jar;C:\Users\ghaya\.m2\repository\org\hamcrest\hamcrest-core\2.2\hamcrest-core-2.2.jar;C:\Users\ghaya\.m2\repository\org\hamcrest\hamcrest\2.2\hamcrest-2.2.jar;C:\Users\ghaya\.m2\repository\io\cucumber\gherkin\23.0.1\gherkin-23.0.1.jar;C:\Users\ghaya\.m2\repository\io\cucumber\messages\18.0.0\messages-18.0.0.jar;C:\Users\ghaya\.m2\repository\org\seleniumhq\selenium\selenium-java\4.8.3\selenium-java-4.8.3.jar;C:\Users\ghaya\.m2\repository\org\seleniumhq\selenium\selenium-api\4.8.3\selenium-api-4.8.3.jar;C:\Users\ghaya\.m2\repository\org\seleniumhq\selenium\selenium-chrome-driver\4.8.3\selenium-chrome-driver-4.8.3.jar;C:\Users\ghaya\.m2\repository\com\google\auto\service\auto-service-annotations\1.0.1\auto-service-annotations-1.0.1.jar;C:\Users\ghaya\.m2\repository\com\google\auto\service\auto-service\1.0.1\auto-service-1.0.1.jar;C:\Users\ghaya\.m2\repository\com\google\auto\auto-common\1.2\auto-common-1.2.jar;C:\Users\ghaya\.m2\repository\org\seleniumhq\selenium\selenium-chromium-driver\4.8.3\selenium-chromium-driver-4.8.3.jar;C:\Users\ghaya\.m2\repository\org\seleniumhq\selenium\selenium-json\4.8.3\selenium-json-4.8.3.jar;C:\Users\ghaya\.m2\repository\org\seleniumhq\selenium\selenium-manager\4.8.3\selenium-manager-4.8.3.jar;C:\Users\ghaya\.m2\repository\org\seleniumhq\selenium\selenium-devtools-v109\4.8.3\selenium-devtools-v109-4.8.3.jar;C:\Users\ghaya\.m2\repository\org\seleniumhq\selenium\selenium-devtools-v110\4.8.3\selenium-devtools-v110-4.8.3.jar;C:\Users\ghaya\.m2\repository\org\seleniumhq\selenium\selenium-devtools-v111\4.8.3\selenium-devtools-v111-4.8.3.jar;C:\Users\ghaya\.m2\repository\org\seleniumhq\selenium\selenium-devtools-v85\4.8.3\selenium-devtools-v85-4.8.3.jar;C:\Users\ghaya\.m2\repository\org\seleniumhq\selenium\selenium-edge-driver\4.8.3\selenium-edge-driver-4.8.3.jar;C:\Users\ghaya\.m2\repository\org\seleniumhq\selenium\selenium-firefox-driver\4.8.3\selenium-firefox-driver-4.8.3.jar;C:\Users\ghaya\.m2\repository\org\seleniumhq\selenium\selenium-http\4.8.3\selenium-http-4.8.3.jar;C:\Users\ghaya\.m2\repository\dev\failsafe\failsafe\3.3.1\failsafe-3.3.1.jar;C:\Users\ghaya\.m2\repository\org\seleniumhq\selenium\selenium-ie-driver\4.8.3\selenium-ie-driver-4.8.3.jar;C:\Users\ghaya\.m2\repository\org\seleniumhq\selenium\selenium-remote-driver\4.8.3\selenium-remote-driver-4.8.3.jar;C:\Users\ghaya\.m2\repository\io\netty\netty-buffer\4.1.90.Final\netty-buffer-4.1.90.Final.jar;C:\Users\ghaya\.m2\repository\io\netty\netty-codec-http\4.1.90.Final\netty-codec-http-4.1.90.Final.jar;C:\Users\ghaya\.m2\repository\io\netty\netty-codec\4.1.90.Final\netty-codec-4.1.90.Final.jar;C:\Users\ghaya\.m2\repository\io\netty\netty-handler\4.1.90.Final\netty-handler-4.1.90.Final.jar;C:\Users\ghaya\.m2\repository\io\netty\netty-common\4.1.90.Final\netty-common-4.1.90.Final.jar;C:\Users\ghaya\.m2\repository\io\netty\netty-transport-classes-epoll\4.1.90.Final\netty-transport-classes-epoll-4.1.90.Final.jar;C:\Users\ghaya\.m2\repository\io\netty\netty-transport-classes-kqueue\4.1.90.Final\netty-transport-classes-kqueue-4.1.90.Final.jar;C:\Users\ghaya\.m2\repository\io\netty\netty-transport-native-epoll\4.1.90.Final\netty-transport-native-epoll-4.1.90.Final.jar;C:\Users\ghaya\.m2\repository\io\netty\netty-transport-native-kqueue\4.1.90.Final\netty-transport-native-kqueue-4.1.90.Final.jar;C:\Users\ghaya\.m2\repository\io\netty\netty-transport-native-unix-common\4.1.90.Final\netty-transport-native-unix-common-4.1.90.Final.jar;C:\Users\ghaya\.m2\repository\io\netty\netty-transport\4.1.90.Final\netty-transport-4.1.90.Final.jar;C:\Users\ghaya\.m2\repository\io\netty\netty-resolver\4.1.90.Final\netty-resolver-4.1.90.Final.jar;C:\Users\ghaya\.m2\repository\io\opentelemetry\opentelemetry-api\1.24.0\opentelemetry-api-1.24.0.jar;C:\Users\ghaya\.m2\repository\io\opentelemetry\opentelemetry-context\1.24.0\opentelemetry-context-1.24.0.jar;C:\Users\ghaya\.m2\repository\io\opentelemetry\opentelemetry-exporter-logging\1.24.0\opentelemetry-exporter-logging-1.24.0.jar;C:\Users\ghaya\.m2\repository\io\opentelemetry\opentelemetry-sdk-metrics\1.24.0\opentelemetry-sdk-metrics-1.24.0.jar;C:\Users\ghaya\.m2\repository\io\opentelemetry\opentelemetry-sdk-logs\1.24.0-alpha\opentelemetry-sdk-logs-1.24.0-alpha.jar;C:\Users\ghaya\.m2\repository\io\opentelemetry\opentelemetry-api-logs\1.24.0-alpha\opentelemetry-api-logs-1.24.0-alpha.jar;C:\Users\ghaya\.m2\repository\io\opentelemetry\opentelemetry-api-events\1.24.0-alpha\opentelemetry-api-events-1.24.0-alpha.jar;C:\Users\ghaya\.m2\repository\io\opentelemetry\opentelemetry-sdk-common\1.24.0\opentelemetry-sdk-common-1.24.0.jar;C:\Users\ghaya\.m2\repository\io\opentelemetry\opentelemetry-sdk-extension-autoconfigure-spi\1.24.0\opentelemetry-sdk-extension-autoconfigure-spi-1.24.0.jar;C:\Users\ghaya\.m2\repository\io\opentelemetry\opentelemetry-sdk-extension-autoconfigure\1.24.0-alpha\opentelemetry-sdk-extension-autoconfigure-1.24.0-alpha.jar;C:\Users\ghaya\.m2\repository\io\opentelemetry\opentelemetry-sdk-trace\1.24.0\opentelemetry-sdk-trace-1.24.0.jar;C:\Users\ghaya\.m2\repository\io\opentelemetry\opentelemetry-sdk\1.24.0\opentelemetry-sdk-1.24.0.jar;C:\Users\ghaya\.m2\repository\io\opentelemetry\opentelemetry-semconv\1.24.0-alpha\opentelemetry-semconv-1.24.0-alpha.jar;C:\Users\ghaya\.m2\repository\io\ous\jtoml\2.0.0\jtoml-2.0.0.jar;C:\Users\ghaya\.m2\repository\net\bytebuddy\byte-buddy\1.14.2\byte-buddy-1.14.2.jar;C:\Users\ghaya\.m2\repository\org\apache\commons\commons-exec\1.3\commons-exec-1.3.jar;C:\Users\ghaya\.m2\repository\org\asynchttpclient\async-http-client\2.12.3\async-http-client-2.12.3.jar;C:\Users\ghaya\.m2\repository\org\asynchttpclient\async-http-client-netty-utils\2.12.3\async-http-client-netty-utils-2.12.3.jar;C:\Users\ghaya\.m2\repository\io\netty\netty-codec-socks\4.1.60.Final\netty-codec-socks-4.1.60.Final.jar;C:\Users\ghaya\.m2\repository\io\netty\netty-handler-proxy\4.1.60.Final\netty-handler-proxy-4.1.60.Final.jar;C:\Users\ghaya\.m2\repository\io\netty\netty-transport-native-epoll\4.1.60.Final\netty-transport-native-epoll-4.1.60.Final-linux-x86_64.jar;C:\Users\ghaya\.m2\repository\io\netty\netty-transport-native-kqueue\4.1.60.Final\netty-transport-native-kqueue-4.1.60.Final-osx-x86_64.jar;C:\Users\ghaya\.m2\repository\org\reactivestreams\reactive-streams\1.0.3\reactive-streams-1.0.3.jar;C:\Users\ghaya\.m2\repository\com\typesafe\netty\netty-reactive-streams\2.0.4\netty-reactive-streams-2.0.4.jar;C:\Users\ghaya\.m2\repository\com\sun\activation\jakarta.activation\1.2.2\jakarta.activation-1.2.2.jar;C:\Users\ghaya\.m2\repository\org\seleniumhq\selenium\selenium-safari-driver\4.8.3\selenium-safari-driver-4.8.3.jar;C:\Users\ghaya\.m2\repository\org\seleniumhq\selenium\selenium-support\4.8.3\selenium-support-4.8.3.jar;C:\Users\ghaya\.m2\repository\io\github\bonigarcia\webdrivermanager\5.2.0\webdrivermanager-5.2.0.jar;C:\Users\ghaya\.m2\repository\com\google\code\gson\gson\2.9.0\gson-2.9.0.jar;C:\Users\ghaya\.m2\repository\com\github\docker-java\docker-java\3.2.13\docker-java-3.2.13.jar;C:\Users\ghaya\.m2\repository\com\github\docker-java\docker-java-core\3.2.13\docker-java-core-3.2.13.jar;C:\Users\ghaya\.m2\repository\com\github\docker-java\docker-java-api\3.2.13\docker-java-api-3.2.13.jar;C:\Users\ghaya\.m2\repository\org\apache\commons\commons-compress\1.21\commons-compress-1.21.jar;C:\Users\ghaya\.m2\repository\org\bouncycastle\bcpkix-jdk15on\1.64\bcpkix-jdk15on-1.64.jar;C:\Users\ghaya\.m2\repository\org\bouncycastle\bcprov-jdk15on\1.64\bcprov-jdk15on-1.64.jar;C:\Users\ghaya\.m2\repository\org\slf4j\jcl-over-slf4j\1.7.30\jcl-over-slf4j-1.7.30.jar;C:\Users\ghaya\.m2\repository\com\github\docker-java\docker-java-transport-httpclient5\3.2.13\docker-java-transport-httpclient5-3.2.13.jar;C:\Users\ghaya\.m2\repository\com\github\docker-java\docker-java-transport\3.2.13\docker-java-transport-3.2.13.jar;C:\Users\ghaya\.m2\repository\net\java\dev\jna\jna\5.8.0\jna-5.8.0.jar;C:\Users\ghaya\.m2\repository\org\brotli\dec\0.1.2\dec-0.1.2.jar;C:\Users\ghaya\.m2\repository\org\apache\httpcomponents\client5\httpclient5\5.1.3\httpclient5-5.1.3.jar;C:\Users\ghaya\.m2\repository\org\apache\httpcomponents\core5\httpcore5\5.1.3\httpcore5-5.1.3.jar;C:\Users\ghaya\.m2\repository\org\apache\httpcomponents\core5\httpcore5-h2\5.1.3\httpcore5-h2-5.1.3.jar;C:\Users\ghaya\.m2\repository\commons-codec\commons-codec\1.15\commons-codec-1.15.jar;C:\Program Files\Java\jdk-17\lib\tools-1.5.0.jar;C:\Users\ghaya\.m2\repository\io\cucumber\cucumber-junit\7.11.2\cucumber-junit-7.11.2.jar;C:\Users\ghaya\.m2\repository\commons-io\commons-io\2.11.0\commons-io-2.11.0.jar;C:\Users\ghaya\.m2\repository\org\apache\logging\log4j\log4j-core\2.17.2\log4j-core-2.17.2.jar;C:\Users\ghaya\.m2\repository\org\apache\logging\log4j\log4j-api\2.17.2\log4j-api-2.17.2.jar;C:\Users\ghaya\.m2\repository\org\testng\testng\7.4.0\testng-7.4.0.jar;C:\Users\ghaya\.m2\repository\com\beust\jcommander\1.78\jcommander-1.78.jar;C:\Users\ghaya\.m2\repository\org\webjars\jquery\3.5.1\jquery-3.5.1.jar;C:\Users\ghaya\.m2\repository\io\cucumber\cucumber-testng\7.3.4\cucumber-testng-7.3.4.jar;"/>
    <property name="java.vm.vendor" value="Oracle Corporation"/>
    <property name="sun.arch.data.model" value="64"/>
    <property name="user.variant" value=""/>
    <property name="java.vendor.url" value="https://java.oracle.com/"/>
    <property name="user.timezone" value="America/Toronto"/>
    <property name="os.name" value="Windows 10"/>
    <property name="java.vm.specification.version" value="14"/>
    <property name="sun.java.launcher" value="SUN_STANDARD"/>
    <property name="user.country" value="CA"/>
    <property name="sun.boot.library.path" value="C:\Program Files\Java\jdk-14.0.2\bin"/>
    <property name="sun.java.command" value="C:\Users\ghaya\AppData\Local\Temp\surefire3552514535558175629\surefirebooter-20230416083114056_3.jar C:\Users\ghaya\AppData\Local\Temp\surefire3552514535558175629 2023-04-16T08-31-13_876-jvmRun1 surefire-20230416083114056_1tmp surefire_0-20230416083114056_2tmp"/>
    <property name="jdk.debug" value="release"/>
    <property name="surefire.test.class.path" value="D:\QA\SeleniumWorkSpace\AdminDemoCucumberFramework\target\test-classes;D:\QA\SeleniumWorkSpace\AdminDemoCucumberFramework\target\classes;C:\Users\ghaya\.m2\repository\junit\junit\4.11\junit-4.11.jar;C:\Users\ghaya\.m2\repository\io\cucumber\cucumber-html\0.2.7\cucumber-html-0.2.7.jar;C:\Users\ghaya\.m2\repository\net\sourceforge\cobertura\cobertura\2.1.1\cobertura-2.1.1.jar;C:\Users\ghaya\.m2\repository\org\ow2\asm\asm\5.0.1\asm-5.0.1.jar;C:\Users\ghaya\.m2\repository\org\ow2\asm\asm-tree\5.0.1\asm-tree-5.0.1.jar;C:\Users\ghaya\.m2\repository\org\ow2\asm\asm-commons\5.0.1\asm-commons-5.0.1.jar;C:\Users\ghaya\.m2\repository\org\ow2\asm\asm-util\5.0.1\asm-util-5.0.1.jar;C:\Users\ghaya\.m2\repository\org\ow2\asm\asm-analysis\5.0.1\asm-analysis-5.0.1.jar;C:\Users\ghaya\.m2\repository\oro\oro\2.0.8\oro-2.0.8.jar;C:\Users\ghaya\.m2\repository\jaxen\jaxen\1.1.4\jaxen-1.1.4.jar;C:\Users\ghaya\.m2\repository\org\apache\ant\ant\1.8.3\ant-1.8.3.jar;C:\Users\ghaya\.m2\repository\org\apache\ant\ant-launcher\1.8.3\ant-launcher-1.8.3.jar;C:\Users\ghaya\.m2\repository\org\apache\ant\ant-junit\1.8.3\ant-junit-1.8.3.jar;C:\Users\ghaya\.m2\repository\org\mortbay\jetty\servlet-api-2.5\6.1.14\servlet-api-2.5-6.1.14.jar;C:\Users\ghaya\.m2\repository\org\mortbay\jetty\jetty\6.1.14\jetty-6.1.14.jar;C:\Users\ghaya\.m2\repository\org\mortbay\jetty\jetty-util\6.1.14\jetty-util-6.1.14.jar;C:\Users\ghaya\.m2\repository\org\slf4j\slf4j-api\1.7.5\slf4j-api-1.7.5.jar;C:\Users\ghaya\.m2\repository\ch\qos\logback\logback-classic\1.0.13\logback-classic-1.0.13.jar;C:\Users\ghaya\.m2\repository\ch\qos\logback\logback-core\1.0.13\logback-core-1.0.13.jar;C:\Users\ghaya\.m2\repository\org\apache\commons\commons-lang3\3.3.2\commons-lang3-3.3.2.jar;C:\Users\ghaya\.m2\repository\io\cucumber\cucumber-java\7.3.4\cucumber-java-7.3.4.jar;C:\Users\ghaya\.m2\repository\io\cucumber\cucumber-core\7.3.4\cucumber-core-7.3.4.jar;C:\Users\ghaya\.m2\repository\io\cucumber\cucumber-gherkin\7.3.4\cucumber-gherkin-7.3.4.jar;C:\Users\ghaya\.m2\repository\io\cucumber\cucumber-gherkin-messages\7.3.4\cucumber-gherkin-messages-7.3.4.jar;C:\Users\ghaya\.m2\repository\io\cucumber\tag-expressions\4.1.0\tag-expressions-4.1.0.jar;C:\Users\ghaya\.m2\repository\io\cucumber\cucumber-expressions\15.1.1\cucumber-expressions-15.1.1.jar;C:\Users\ghaya\.m2\repository\io\cucumber\datatable\7.3.4\datatable-7.3.4.jar;C:\Users\ghaya\.m2\repository\io\cucumber\cucumber-plugin\7.3.4\cucumber-plugin-7.3.4.jar;C:\Users\ghaya\.m2\repository\io\cucumber\docstring\7.3.4\docstring-7.3.4.jar;C:\Users\ghaya\.m2\repository\io\cucumber\html-formatter\19.1.0\html-formatter-19.1.0.jar;C:\Users\ghaya\.m2\repository\io\cucumber\ci-environment\9.0.4\ci-environment-9.0.4.jar;C:\Users\ghaya\.m2\repository\org\apiguardian\apiguardian-api\1.1.2\apiguardian-api-1.1.2.jar;C:\Users\ghaya\.m2\repository\io\cucumber\cucumber-jvm-deps\1.0.6\cucumber-jvm-deps-1.0.6.jar;C:\Users\ghaya\.m2\repository\net\masterthought\cucumber-reporting\5.7.1\cucumber-reporting-5.7.1.jar;C:\Users\ghaya\.m2\repository\com\fasterxml\jackson\core\jackson-databind\2.13.2.2\jackson-databind-2.13.2.2.jar;C:\Users\ghaya\.m2\repository\com\fasterxml\jackson\core\jackson-annotations\2.13.2\jackson-annotations-2.13.2.jar;C:\Users\ghaya\.m2\repository\com\fasterxml\jackson\core\jackson-core\2.13.2\jackson-core-2.13.2.jar;C:\Users\ghaya\.m2\repository\com\fasterxml\jackson\datatype\jackson-datatype-jsr310\2.13.2\jackson-datatype-jsr310-2.13.2.jar;C:\Users\ghaya\.m2\repository\org\apache\velocity\velocity-engine-core\2.3\velocity-engine-core-2.3.jar;C:\Users\ghaya\.m2\repository\commons-collections\commons-collections\3.2.2\commons-collections-3.2.2.jar;C:\Users\ghaya\.m2\repository\joda-time\joda-time\2.10.14\joda-time-2.10.14.jar;C:\Users\ghaya\.m2\repository\org\codehaus\plexus\plexus-utils\3.4.2\plexus-utils-3.4.2.jar;C:\Users\ghaya\.m2\repository\org\jsoup\jsoup\1.15.1\jsoup-1.15.1.jar;C:\Users\ghaya\.m2\repository\com\google\guava\guava\31.1-jre\guava-31.1-jre.jar;C:\Users\ghaya\.m2\repository\com\google\guava\failureaccess\1.0.1\failureaccess-1.0.1.jar;C:\Users\ghaya\.m2\repository\com\google\guava\listenablefuture\9999.0-empty-to-avoid-conflict-with-guava\listenablefuture-9999.0-empty-to-avoid-conflict-with-guava.jar;C:\Users\ghaya\.m2\repository\com\google\code\findbugs\jsr305\3.0.2\jsr305-3.0.2.jar;C:\Users\ghaya\.m2\repository\org\checkerframework\checker-qual\3.12.0\checker-qual-3.12.0.jar;C:\Users\ghaya\.m2\repository\com\google\errorprone\error_prone_annotations\2.11.0\error_prone_annotations-2.11.0.jar;C:\Users\ghaya\.m2\repository\com\google\j2objc\j2objc-annotations\1.3\j2objc-annotations-1.3.jar;C:\Users\ghaya\.m2\repository\com\googlecode\owasp-java-html-sanitizer\owasp-java-html-sanitizer\20211018.2\owasp-java-html-sanitizer-20211018.2.jar;C:\Users\ghaya\.m2\repository\commons-configuration\commons-configuration\1.10\commons-configuration-1.10.jar;C:\Users\ghaya\.m2\repository\commons-lang\commons-lang\2.6\commons-lang-2.6.jar;C:\Users\ghaya\.m2\repository\commons-logging\commons-logging\1.1.1\commons-logging-1.1.1.jar;C:\Users\ghaya\.m2\repository\org\hamcrest\hamcrest-core\2.2\hamcrest-core-2.2.jar;C:\Users\ghaya\.m2\repository\org\hamcrest\hamcrest\2.2\hamcrest-2.2.jar;C:\Users\ghaya\.m2\repository\io\cucumber\gherkin\23.0.1\gherkin-23.0.1.jar;C:\Users\ghaya\.m2\repository\io\cucumber\messages\18.0.0\messages-18.0.0.jar;C:\Users\ghaya\.m2\repository\org\seleniumhq\selenium\selenium-java\4.8.3\selenium-java-4.8.3.jar;C:\Users\ghaya\.m2\repository\org\seleniumhq\selenium\selenium-api\4.8.3\selenium-api-4.8.3.jar;C:\Users\ghaya\.m2\repository\org\seleniumhq\selenium\selenium-chrome-driver\4.8.3\selenium-chrome-driver-4.8.3.jar;C:\Users\ghaya\.m2\repository\com\google\auto\service\auto-service-annotations\1.0.1\auto-service-annotations-1.0.1.jar;C:\Users\ghaya\.m2\repository\com\google\auto\service\auto-service\1.0.1\auto-service-1.0.1.jar;C:\Users\ghaya\.m2\repository\com\google\auto\auto-common\1.2\auto-common-1.2.jar;C:\Users\ghaya\.m2\repository\org\seleniumhq\selenium\selenium-chromium-driver\4.8.3\selenium-chromium-driver-4.8.3.jar;C:\Users\ghaya\.m2\repository\org\seleniumhq\selenium\selenium-json\4.8.3\selenium-json-4.8.3.jar;C:\Users\ghaya\.m2\repository\org\seleniumhq\selenium\selenium-manager\4.8.3\selenium-manager-4.8.3.jar;C:\Users\ghaya\.m2\repository\org\seleniumhq\selenium\selenium-devtools-v109\4.8.3\selenium-devtools-v109-4.8.3.jar;C:\Users\ghaya\.m2\repository\org\seleniumhq\selenium\selenium-devtools-v110\4.8.3\selenium-devtools-v110-4.8.3.jar;C:\Users\ghaya\.m2\repository\org\seleniumhq\selenium\selenium-devtools-v111\4.8.3\selenium-devtools-v111-4.8.3.jar;C:\Users\ghaya\.m2\repository\org\seleniumhq\selenium\selenium-devtools-v85\4.8.3\selenium-devtools-v85-4.8.3.jar;C:\Users\ghaya\.m2\repository\org\seleniumhq\selenium\selenium-edge-driver\4.8.3\selenium-edge-driver-4.8.3.jar;C:\Users\ghaya\.m2\repository\org\seleniumhq\selenium\selenium-firefox-driver\4.8.3\selenium-firefox-driver-4.8.3.jar;C:\Users\ghaya\.m2\repository\org\seleniumhq\selenium\selenium-http\4.8.3\selenium-http-4.8.3.jar;C:\Users\ghaya\.m2\repository\dev\failsafe\failsafe\3.3.1\failsafe-3.3.1.jar;C:\Users\ghaya\.m2\repository\org\seleniumhq\selenium\selenium-ie-driver\4.8.3\selenium-ie-driver-4.8.3.jar;C:\Users\ghaya\.m2\repository\org\seleniumhq\selenium\selenium-remote-driver\4.8.3\selenium-remote-driver-4.8.3.jar;C:\Users\ghaya\.m2\repository\io\netty\netty-buffer\4.1.90.Final\netty-buffer-4.1.90.Final.jar;C:\Users\ghaya\.m2\repository\io\netty\netty-codec-http\4.1.90.Final\netty-codec-http-4.1.90.Final.jar;C:\Users\ghaya\.m2\repository\io\netty\netty-codec\4.1.90.Final\netty-codec-4.1.90.Final.jar;C:\Users\ghaya\.m2\repository\io\netty\netty-handler\4.1.90.Final\netty-handler-4.1.90.Final.jar;C:\Users\ghaya\.m2\repository\io\netty\netty-common\4.1.90.Final\netty-common-4.1.90.Final.jar;C:\Users\ghaya\.m2\repository\io\netty\netty-transport-classes-epoll\4.1.90.Final\netty-transport-classes-epoll-4.1.90.Final.jar;C:\Users\ghaya\.m2\repository\io\netty\netty-transport-classes-kqueue\4.1.90.Final\netty-transport-classes-kqueue-4.1.90.Final.jar;C:\Users\ghaya\.m2\repository\io\netty\netty-transport-native-epoll\4.1.90.Final\netty-transport-native-epoll-4.1.90.Final.jar;C:\Users\ghaya\.m2\repository\io\netty\netty-transport-native-kqueue\4.1.90.Final\netty-transport-native-kqueue-4.1.90.Final.jar;C:\Users\ghaya\.m2\repository\io\netty\netty-transport-native-unix-common\4.1.90.Final\netty-transport-native-unix-common-4.1.90.Final.jar;C:\Users\ghaya\.m2\repository\io\netty\netty-transport\4.1.90.Final\netty-transport-4.1.90.Final.jar;C:\Users\ghaya\.m2\repository\io\netty\netty-resolver\4.1.90.Final\netty-resolver-4.1.90.Final.jar;C:\Users\ghaya\.m2\repository\io\opentelemetry\opentelemetry-api\1.24.0\opentelemetry-api-1.24.0.jar;C:\Users\ghaya\.m2\repository\io\opentelemetry\opentelemetry-context\1.24.0\opentelemetry-context-1.24.0.jar;C:\Users\ghaya\.m2\repository\io\opentelemetry\opentelemetry-exporter-logging\1.24.0\opentelemetry-exporter-logging-1.24.0.jar;C:\Users\ghaya\.m2\repository\io\opentelemetry\opentelemetry-sdk-metrics\1.24.0\opentelemetry-sdk-metrics-1.24.0.jar;C:\Users\ghaya\.m2\repository\io\opentelemetry\opentelemetry-sdk-logs\1.24.0-alpha\opentelemetry-sdk-logs-1.24.0-alpha.jar;C:\Users\ghaya\.m2\repository\io\opentelemetry\opentelemetry-api-logs\1.24.0-alpha\opentelemetry-api-logs-1.24.0-alpha.jar;C:\Users\ghaya\.m2\repository\io\opentelemetry\opentelemetry-api-events\1.24.0-alpha\opentelemetry-api-events-1.24.0-alpha.jar;C:\Users\ghaya\.m2\repository\io\opentelemetry\opentelemetry-sdk-common\1.24.0\opentelemetry-sdk-common-1.24.0.jar;C:\Users\ghaya\.m2\repository\io\opentelemetry\opentelemetry-sdk-extension-autoconfigure-spi\1.24.0\opentelemetry-sdk-extension-autoconfigure-spi-1.24.0.jar;C:\Users\ghaya\.m2\repository\io\opentelemetry\opentelemetry-sdk-extension-autoconfigure\1.24.0-alpha\opentelemetry-sdk-extension-autoconfigure-1.24.0-alpha.jar;C:\Users\ghaya\.m2\repository\io\opentelemetry\opentelemetry-sdk-trace\1.24.0\opentelemetry-sdk-trace-1.24.0.jar;C:\Users\ghaya\.m2\repository\io\opentelemetry\opentelemetry-sdk\1.24.0\opentelemetry-sdk-1.24.0.jar;C:\Users\ghaya\.m2\repository\io\opentelemetry\opentelemetry-semconv\1.24.0-alpha\opentelemetry-semconv-1.24.0-alpha.jar;C:\Users\ghaya\.m2\repository\io\ous\jtoml\2.0.0\jtoml-2.0.0.jar;C:\Users\ghaya\.m2\repository\net\bytebuddy\byte-buddy\1.14.2\byte-buddy-1.14.2.jar;C:\Users\ghaya\.m2\repository\org\apache\commons\commons-exec\1.3\commons-exec-1.3.jar;C:\Users\ghaya\.m2\repository\org\asynchttpclient\async-http-client\2.12.3\async-http-client-2.12.3.jar;C:\Users\ghaya\.m2\repository\org\asynchttpclient\async-http-client-netty-utils\2.12.3\async-http-client-netty-utils-2.12.3.jar;C:\Users\ghaya\.m2\repository\io\netty\netty-codec-socks\4.1.60.Final\netty-codec-socks-4.1.60.Final.jar;C:\Users\ghaya\.m2\repository\io\netty\netty-handler-proxy\4.1.60.Final\netty-handler-proxy-4.1.60.Final.jar;C:\Users\ghaya\.m2\repository\io\netty\netty-transport-native-epoll\4.1.60.Final\netty-transport-native-epoll-4.1.60.Final-linux-x86_64.jar;C:\Users\ghaya\.m2\repository\io\netty\netty-transport-native-kqueue\4.1.60.Final\netty-transport-native-kqueue-4.1.60.Final-osx-x86_64.jar;C:\Users\ghaya\.m2\repository\org\reactivestreams\reactive-streams\1.0.3\reactive-streams-1.0.3.jar;C:\Users\ghaya\.m2\repository\com\typesafe\netty\netty-reactive-streams\2.0.4\netty-reactive-streams-2.0.4.jar;C:\Users\ghaya\.m2\repository\com\sun\activation\jakarta.activation\1.2.2\jakarta.activation-1.2.2.jar;C:\Users\ghaya\.m2\repository\org\seleniumhq\selenium\selenium-safari-driver\4.8.3\selenium-safari-driver-4.8.3.jar;C:\Users\ghaya\.m2\repository\org\seleniumhq\selenium\selenium-support\4.8.3\selenium-support-4.8.3.jar;C:\Users\ghaya\.m2\repository\io\github\bonigarcia\webdrivermanager\5.2.0\webdrivermanager-5.2.0.jar;C:\Users\ghaya\.m2\repository\com\google\code\gson\gson\2.9.0\gson-2.9.0.jar;C:\Users\ghaya\.m2\repository\com\github\docker-java\docker-java\3.2.13\docker-java-3.2.13.jar;C:\Users\ghaya\.m2\repository\com\github\docker-java\docker-java-core\3.2.13\docker-java-core-3.2.13.jar;C:\Users\ghaya\.m2\repository\com\github\docker-java\docker-java-api\3.2.13\docker-java-api-3.2.13.jar;C:\Users\ghaya\.m2\repository\org\apache\commons\commons-compress\1.21\commons-compress-1.21.jar;C:\Users\ghaya\.m2\repository\org\bouncycastle\bcpkix-jdk15on\1.64\bcpkix-jdk15on-1.64.jar;C:\Users\ghaya\.m2\repository\org\bouncycastle\bcprov-jdk15on\1.64\bcprov-jdk15on-1.64.jar;C:\Users\ghaya\.m2\repository\org\slf4j\jcl-over-slf4j\1.7.30\jcl-over-slf4j-1.7.30.jar;C:\Users\ghaya\.m2\repository\com\github\docker-java\docker-java-transport-httpclient5\3.2.13\docker-java-transport-httpclient5-3.2.13.jar;C:\Users\ghaya\.m2\repository\com\github\docker-java\docker-java-transport\3.2.13\docker-java-transport-3.2.13.jar;C:\Users\ghaya\.m2\repository\net\java\dev\jna\jna\5.8.0\jna-5.8.0.jar;C:\Users\ghaya\.m2\repository\org\brotli\dec\0.1.2\dec-0.1.2.jar;C:\Users\ghaya\.m2\repository\org\apache\httpcomponents\client5\httpclient5\5.1.3\httpclient5-5.1.3.jar;C:\Users\ghaya\.m2\repository\org\apache\httpcomponents\core5\httpcore5\5.1.3\httpcore5-5.1.3.jar;C:\Users\ghaya\.m2\repository\org\apache\httpcomponents\core5\httpcore5-h2\5.1.3\httpcore5-h2-5.1.3.jar;C:\Users\ghaya\.m2\repository\commons-codec\commons-codec\1.15\commons-codec-1.15.jar;C:\Program Files\Java\jdk-17\lib\tools-1.5.0.jar;C:\Users\ghaya\.m2\repository\io\cucumber\cucumber-junit\7.11.2\cucumber-junit-7.11.2.jar;C:\Users\ghaya\.m2\repository\commons-io\commons-io\2.11.0\commons-io-2.11.0.jar;C:\Users\ghaya\.m2\repository\org\apache\logging\log4j\log4j-core\2.17.2\log4j-core-2.17.2.jar;C:\Users\ghaya\.m2\repository\org\apache\logging\log4j\log4j-api\2.17.2\log4j-api-2.17.2.jar;C:\Users\ghaya\.m2\repository\org\testng\testng\7.4.0\testng-7.4.0.jar;C:\Users\ghaya\.m2\repository\com\beust\jcommander\1.78\jcommander-1.78.jar;C:\Users\ghaya\.m2\repository\org\webjars\jquery\3.5.1\jquery-3.5.1.jar;C:\Users\ghaya\.m2\repository\io\cucumber\cucumber-testng\7.3.4\cucumber-testng-7.3.4.jar;"/>
    <property name="sun.cpu.endian" value="little"/>
    <property name="user.home" value="C:\Users\ghaya"/>
    <property name="user.language" value="en"/>
    <property name="java.specification.vendor" value="Oracle Corporation"/>
    <property name="java.version.date" value="2020-07-14"/>
    <property name="java.home" value="C:\Program Files\Java\jdk-14.0.2"/>
    <property name="file.separator" value="\"/>
    <property name="basedir" value="D:\QA\SeleniumWorkSpace\AdminDemoCucumberFramework"/>
    <property name="java.vm.compressedOopsMode" value="Zero based"/>
    <property name="line.separator" value="&#10;"/>
    <property name="java.vm.specification.vendor" value="Oracle Corporation"/>
    <property name="java.specification.name" value="Java Platform API Specification"/>
    <property name="surefire.real.class.path" value="C:\Users\ghaya\AppData\Local\Temp\surefire3552514535558175629\surefirebooter-20230416083114056_3.jar"/>
    <property name="user.script" value=""/>
    <property name="sun.management.compiler" value="HotSpot 64-Bit Tiered Compilers"/>
    <property name="java.runtime.version" value="14.0.2+12-46"/>
    <property name="user.name" value="ghaya"/>
    <property name="path.separator" value=";"/>
    <property name="os.version" value="10.0"/>
    <property name="java.runtime.name" value="Java(TM) SE Runtime Environment"/>
    <property name="file.encoding" value="Cp1252"/>
    <property name="java.vm.name" value="Java HotSpot(TM) 64-Bit Server VM"/>
    <property name="localRepository" value="C:\Users\ghaya\.m2\repository"/>
    <property name="java.vendor.url.bug" value="https://bugreport.java.com/bugreport/"/>
    <property name="java.io.tmpdir" value="C:\Users\ghaya\AppData\Local\Temp\"/>
    <property name="java.version" value="14.0.2"/>
    <property name="user.dir" value="D:\QA\SeleniumWorkSpace\AdminDemoCucumberFramework"/>
    <property name="os.arch" value="amd64"/>
    <property name="java.vm.specification.name" value="Java Virtual Machine Specification"/>
    <property name="sun.os.patch.level" value=""/>
    <property name="java.library.path" value="C:\Program Files\Java\jdk-14.0.2\bin;C:\WINDOWS\Sun\Java\bin;C:\WINDOWS\system32;C:\WINDOWS;C:\Program Files\Common Files\Oracle\Java\javapath;C:\Program Files (x86)\Razer Chroma SDK\bin;C:\Program Files\Razer Chroma SDK\bin;C:\Program Files (x86)\Razer\ChromaBroadcast\bin;C:\Program Files\Razer\ChromaBroadcast\bin;C:\Windows\system32;C:\Windows;C:\Windows\System32\Wbem;C:\Windows\System32\WindowsPowerShell\v1.0\;C:\Windows\System32\OpenSSH\;C:\Program Files\NVIDIA Corporation\NVIDIA NvDLISR;C:\Program Files (x86)\NVIDIA Corporation\PhysX\Common;C:\WINDOWS\system32;C:\WINDOWS;C:\WINDOWS\System32\Wbem;C:\WINDOWS\System32\WindowsPowerShell\v1.0\;C:\WINDOWS\System32\OpenSSH\;C:\WINDOWS\system32\config\systemprofile\AppData\Local\Microsoft\WindowsApps;C:\Program Files\Java\jdk-14.0.2\bin;C:\apache-ant-1.10.13\bin;C:\apache-maven-3.9.0\bin;C:\Program Files (x86)\Microsoft SQL Server\160\Tools\Binn\;C:\Program Files\Microsoft SQL Server\160\Tools\Binn\;C:\Program Files\Microsoft SQL Server\Client SDK\ODBC\170\Tools\Binn\;C:\Program Files\Microsoft SQL Server\160\DTS\Binn\;C:\Program Files (x86)\Microsoft SQL Server\160\DTS\Binn\;C:\Program Files\Azure Data Studio\bin;C:\Program Files\Git\cmd;C:\Program Files\PuTTY\;C:\Users\ghaya\AppData\Local\Microsoft\WindowsApps;;C:\Program Files\Azure Data Studio\bin;C:\Program Files\Azure Data Studio\bin;."/>
    <property name="java.vm.info" value="mixed mode, sharing"/>
    <property name="java.vendor" value="Oracle Corporation"/>
    <property name="java.vm.version" value="14.0.2+12-46"/>
    <property name="sun.io.unicode.encoding" value="UnicodeLittle"/>
    <property name="java.class.version" value="58.0"/>
  </properties>
  <testcase name="runScenario[&quot;Add New Customer&quot;, &quot;Customers&quot;](1)" classname="TestRunner.Run" time="12.563">
    <system-out><![CDATA[Setup-Sanity method executed..
[DEBUG] Resolution chrome=112 in cache (valid until 09:16:16 16/04/2023 EDT)
[DEBUG] Resolution chrome112=112.0.5615.49 in cache (valid until 08:16:16 17/04/2023 EDT)
[INFO] Using chromedriver 112.0.5615.49 (resolved driver for Chrome 112)
[DEBUG] Driver chromedriver 112.0.5615.49 found in cache
[INFO] Exporting webdriver.chrome.driver as C:\Users\ghaya\.cache\selenium\chromedriver\win32\112.0.5615.49\chromedriver.exe
[DEBUG] Using SLF4J as the default logging framework
[DEBUG] -Dio.netty.leakDetection.level: simple
[DEBUG] -Dio.netty.leakDetection.targetRecords: 4
[DEBUG] Loaded default ResourceLeakDetector: io.netty.util.ResourceLeakDetector@6f9c5048
[DEBUG] -Dio.netty.noUnsafe: false
[DEBUG] Java version: 14
[DEBUG] sun.misc.Unsafe.theUnsafe: available
[DEBUG] sun.misc.Unsafe.copyMemory: available
[DEBUG] sun.misc.Unsafe.storeFence: available
[DEBUG] java.nio.Buffer.address: available
[DEBUG] direct buffer constructor: unavailable: Reflective setAccessible(true) disabled
[DEBUG] java.nio.Bits.unaligned: available, true
[DEBUG] jdk.internal.misc.Unsafe.allocateUninitializedArray(int): unavailable: class io.netty.util.internal.PlatformDependent0$7 cannot access class jdk.internal.misc.Unsafe (in module java.base) because module java.base does not export jdk.internal.misc to unnamed module @17503f6b
[DEBUG] java.nio.DirectByteBuffer.<init>(long, int): unavailable
[DEBUG] sun.misc.Unsafe: available
[DEBUG] maxDirectMemory: 4259315712 bytes (maybe)
[DEBUG] -Dio.netty.tmpdir: C:\Users\ghaya\AppData\Local\Temp (java.io.tmpdir)
[DEBUG] -Dio.netty.bitMode: 64 (sun.arch.data.model)
[DEBUG] Platform: Windows
[DEBUG] -Dio.netty.maxDirectMemory: -1 bytes
[DEBUG] -Dio.netty.uninitializedArrayAllocationThreshold: -1
[DEBUG] java.nio.ByteBuffer.cleaner(): available
[DEBUG] -Dio.netty.noPreferDirect: false
[DEBUG] org.jctools-core.MpscChunkedArrayQueue: available
[DEBUG] -Dio.netty.threadLocalMap.stringBuilder.initialSize: 1024
[DEBUG] -Dio.netty.threadLocalMap.stringBuilder.maxSize: 4096
[DEBUG] Default protocols (JDK): [TLSv1.3, TLSv1.2, TLSv1.1, TLSv1] 
[DEBUG] Default cipher suites (JDK): [TLS_ECDHE_ECDSA_WITH_AES_256_GCM_SHA384, TLS_ECDHE_ECDSA_WITH_AES_128_GCM_SHA256, TLS_ECDHE_RSA_WITH_AES_128_GCM_SHA256, TLS_ECDHE_RSA_WITH_AES_256_GCM_SHA384, TLS_ECDHE_RSA_WITH_AES_128_CBC_SHA, TLS_ECDHE_RSA_WITH_AES_256_CBC_SHA, TLS_RSA_WITH_AES_128_GCM_SHA256, TLS_RSA_WITH_AES_128_CBC_SHA, TLS_RSA_WITH_AES_256_CBC_SHA, TLS_AES_128_GCM_SHA256, TLS_AES_256_GCM_SHA384]
[DEBUG] -Dio.netty.globalEventExecutor.quietPeriodSeconds: 1
[DEBUG] -Dio.netty.eventLoopThreads: 16
[DEBUG] -Dio.netty.noKeySetOptimization: false
[DEBUG] -Dio.netty.selectorAutoRebuildThreshold: 512
[DEBUG] -Dio.netty.allocator.numHeapArenas: 16
[DEBUG] -Dio.netty.allocator.numDirectArenas: 16
[DEBUG] -Dio.netty.allocator.pageSize: 8192
[DEBUG] -Dio.netty.allocator.maxOrder: 9
[DEBUG] -Dio.netty.allocator.chunkSize: 4194304
[DEBUG] -Dio.netty.allocator.smallCacheSize: 256
[DEBUG] -Dio.netty.allocator.normalCacheSize: 64
[DEBUG] -Dio.netty.allocator.maxCachedBufferCapacity: 32768
[DEBUG] -Dio.netty.allocator.cacheTrimInterval: 8192
[DEBUG] -Dio.netty.allocator.cacheTrimIntervalMillis: 0
[DEBUG] -Dio.netty.allocator.useCacheForAllThreads: false
[DEBUG] -Dio.netty.allocator.maxCachedByteBuffersPerChunk: 1023
[DEBUG] -Dio.netty.allocator.type: pooled
[DEBUG] -Dio.netty.threadLocalDirectBufferSize: 0
[DEBUG] -Dio.netty.maxThreadLocalCharBufferSize: 16384
[DEBUG] -Dio.netty.processId: 8216 (auto-detected)
[DEBUG] -Djava.net.preferIPv4Stack: false
[DEBUG] -Djava.net.preferIPv6Addresses: false
[DEBUG] Loopback interface: lo (Software Loopback Interface 1, 127.0.0.1)
[DEBUG] Failed to get SOMAXCONN from sysctl and file \proc\sys\net\core\somaxconn. Default: 200
[DEBUG] -Dio.netty.machineId: 98:48:27:ff:fe:a7:18:66 (auto-detected)
[DEBUG] -Dio.netty.buffer.checkAccessible: true
[DEBUG] -Dio.netty.buffer.checkBounds: true
[DEBUG] Loaded default ResourceLeakDetector: io.netty.util.ResourceLeakDetector@374b9c1
[DEBUG] Using new Channel '[id: 0xc6006600, L:/127.0.0.1:50733 - R:localhost/127.0.0.1:36722]' for 'POST' to '/session'
[DEBUG] -Dio.netty.recycler.maxCapacityPerThread: 4096
[DEBUG] -Dio.netty.recycler.ratio: 8
[DEBUG] -Dio.netty.recycler.chunkSize: 32
[DEBUG] -Dio.netty.recycler.blocking: false
[DEBUG] -Dio.netty.recycler.batchFastThreadLocalOnly: true
[DEBUG] brotli4j not in the classpath; Brotli support will be unavailable.
[DEBUG] 

Request DefaultHttpRequest(decodeResult: success, version: HTTP/1.1)
POST /session HTTP/1.1
User-Agent: selenium/4.8.3 (java windows)
Content-Length: 439
Content-Type: application/json; charset=utf-8
host: localhost:36722
accept: */*

Response DefaultHttpResponse(decodeResult: success, version: HTTP/1.1)
HTTP/1.1 200 OK
Content-Length: 858
Content-Type: application/json; charset=utf-8
cache-control: no-cache

[DEBUG] Adding key: http://localhost:36722 for channel [id: 0xc6006600, L:/127.0.0.1:50733 - R:localhost/127.0.0.1:36722]
[DEBUG] Using new Channel '[id: 0x617032d0, L:/127.0.0.1:50740 - R:localhost/127.0.0.1:50734]' for 'GET' to '/json/version'
[DEBUG] 

Request DefaultFullHttpRequest(decodeResult: success, version: HTTP/1.1, content: EmptyByteBufBE)
GET /json/version HTTP/1.1
User-Agent: selenium/4.8.3 (java windows)
host: localhost:50734
accept: */*

Response DefaultHttpResponse(decodeResult: success, version: HTTP/1.1)
HTTP/1.1 200 OK
Content-Security-Policy: frame-ancestors 'none'
Content-Length: 422
Content-Type: application/json; charset=UTF-8

[DEBUG] Adding key: http://localhost:50734 for channel [id: 0x617032d0, L:/127.0.0.1:50740 - R:localhost/127.0.0.1:50734]
[DEBUG] -Dio.netty.initialSeedUniquifier: 0xbea537e3dbb08d03
[DEBUG] Using new Channel '[id: 0x01c9bde5, L:/127.0.0.1:50741 - R:localhost/127.0.0.1:50734]' for 'GET' to '/devtools/browser/ee197389-dc21-461d-8771-c3d17be4a27d'
[DEBUG] 

Request DefaultFullHttpRequest(decodeResult: success, version: HTTP/1.1, content: EmptyByteBufBE)
GET /devtools/browser/ee197389-dc21-461d-8771-c3d17be4a27d HTTP/1.1
upgrade: websocket
connection: upgrade
sec-websocket-key: EeMN1xAU4BfFlUJPE3rOzA==
sec-websocket-version: 13
origin: http://localhost:50734
host: localhost:50734
accept: */*
user-agent: AHC/2.1

Response DefaultHttpResponse(decodeResult: success, version: HTTP/1.1)
HTTP/1.1 101 WebSocket Protocol Handshake
Upgrade: WebSocket
Connection: Upgrade
Sec-WebSocket-Accept: 7vFozipyI1qlitx4zdZTjHQ9oEU=

[FATAL] 2023-04-16 08:31:16.929 [main] StepDef - Setup1 executed...
[INFO ] 2023-04-16 08:31:16.949 [main] StepDef - chrome browser launched
[DEBUG] Using pooled Channel '[id: 0xc6006600, L:/127.0.0.1:50733 - R:localhost/127.0.0.1:36722]' for 'POST' to 'http://localhost:36722/session/157a910c0f3cfa9d788aac89f8c82209/url'
[DEBUG] Using open Channel [id: 0xc6006600, L:/127.0.0.1:50733 - R:localhost/127.0.0.1:36722] for POST '/session/157a910c0f3cfa9d788aac89f8c82209/url'
[DEBUG] Entry count for : http://localhost:50734 : 1
[DEBUG] 

Request DefaultHttpRequest(decodeResult: success, version: HTTP/1.1)
POST /session/157a910c0f3cfa9d788aac89f8c82209/url HTTP/1.1
User-Agent: selenium/4.8.3 (java windows)
Content-Length: 69
Content-Type: application/json; charset=utf-8
host: localhost:36722
accept: */*

Response DefaultHttpResponse(decodeResult: success, version: HTTP/1.1)
HTTP/1.1 200 OK
Content-Length: 14
Content-Type: application/json; charset=utf-8
cache-control: no-cache

[DEBUG] Adding key: http://localhost:36722 for channel [id: 0xc6006600, L:/127.0.0.1:50733 - R:localhost/127.0.0.1:36722]
[INFO ] 2023-04-16 08:31:18.052 [main] StepDef - url opened
[DEBUG] Using pooled Channel '[id: 0xc6006600, L:/127.0.0.1:50733 - R:localhost/127.0.0.1:36722]' for 'POST' to 'http://localhost:36722/session/157a910c0f3cfa9d788aac89f8c82209/element'
[DEBUG] Using open Channel [id: 0xc6006600, L:/127.0.0.1:50733 - R:localhost/127.0.0.1:36722] for POST '/session/157a910c0f3cfa9d788aac89f8c82209/element'
[DEBUG] 

Request DefaultHttpRequest(decodeResult: success, version: HTTP/1.1)
POST /session/157a910c0f3cfa9d788aac89f8c82209/element HTTP/1.1
User-Agent: selenium/4.8.3 (java windows)
Content-Length: 50
Content-Type: application/json; charset=utf-8
host: localhost:36722
accept: */*

Response DefaultHttpResponse(decodeResult: success, version: HTTP/1.1)
HTTP/1.1 200 OK
Content-Length: 88
Content-Type: application/json; charset=utf-8
cache-control: no-cache

[DEBUG] Adding key: http://localhost:36722 for channel [id: 0xc6006600, L:/127.0.0.1:50733 - R:localhost/127.0.0.1:36722]
[DEBUG] Using pooled Channel '[id: 0xc6006600, L:/127.0.0.1:50733 - R:localhost/127.0.0.1:36722]' for 'POST' to 'http://localhost:36722/session/157a910c0f3cfa9d788aac89f8c82209/element/992d11b0-bb3f-473e-8c12-6803d4952aa2/clear'
[DEBUG] Using open Channel [id: 0xc6006600, L:/127.0.0.1:50733 - R:localhost/127.0.0.1:36722] for POST '/session/157a910c0f3cfa9d788aac89f8c82209/element/992d11b0-bb3f-473e-8c12-6803d4952aa2/clear'
[DEBUG] 

Request DefaultHttpRequest(decodeResult: success, version: HTTP/1.1)
POST /session/157a910c0f3cfa9d788aac89f8c82209/element/992d11b0-bb3f-473e-8c12-6803d4952aa2/clear HTTP/1.1
User-Agent: selenium/4.8.3 (java windows)
Content-Length: 50
Content-Type: application/json; charset=utf-8
host: localhost:36722
accept: */*

Response DefaultHttpResponse(decodeResult: success, version: HTTP/1.1)
HTTP/1.1 200 OK
Content-Length: 14
Content-Type: application/json; charset=utf-8
cache-control: no-cache

[DEBUG] Adding key: http://localhost:36722 for channel [id: 0xc6006600, L:/127.0.0.1:50733 - R:localhost/127.0.0.1:36722]
[DEBUG] Using pooled Channel '[id: 0xc6006600, L:/127.0.0.1:50733 - R:localhost/127.0.0.1:36722]' for 'POST' to 'http://localhost:36722/session/157a910c0f3cfa9d788aac89f8c82209/element'
[DEBUG] Using open Channel [id: 0xc6006600, L:/127.0.0.1:50733 - R:localhost/127.0.0.1:36722] for POST '/session/157a910c0f3cfa9d788aac89f8c82209/element'
[DEBUG] 

Request DefaultHttpRequest(decodeResult: success, version: HTTP/1.1)
POST /session/157a910c0f3cfa9d788aac89f8c82209/element HTTP/1.1
User-Agent: selenium/4.8.3 (java windows)
Content-Length: 50
Content-Type: application/json; charset=utf-8
host: localhost:36722
accept: */*

Response DefaultHttpResponse(decodeResult: success, version: HTTP/1.1)
HTTP/1.1 200 OK
Content-Length: 88
Content-Type: application/json; charset=utf-8
cache-control: no-cache

[DEBUG] Adding key: http://localhost:36722 for channel [id: 0xc6006600, L:/127.0.0.1:50733 - R:localhost/127.0.0.1:36722]
[DEBUG] Using pooled Channel '[id: 0xc6006600, L:/127.0.0.1:50733 - R:localhost/127.0.0.1:36722]' for 'POST' to 'http://localhost:36722/session/157a910c0f3cfa9d788aac89f8c82209/element/992d11b0-bb3f-473e-8c12-6803d4952aa2/value'
[DEBUG] Using open Channel [id: 0xc6006600, L:/127.0.0.1:50733 - R:localhost/127.0.0.1:36722] for POST '/session/157a910c0f3cfa9d788aac89f8c82209/element/992d11b0-bb3f-473e-8c12-6803d4952aa2/value'
[DEBUG] 

Request DefaultHttpRequest(decodeResult: success, version: HTTP/1.1)
POST /session/157a910c0f3cfa9d788aac89f8c82209/element/992d11b0-bb3f-473e-8c12-6803d4952aa2/value HTTP/1.1
User-Agent: selenium/4.8.3 (java windows)
Content-Length: 271
Content-Type: application/json; charset=utf-8
host: localhost:36722
accept: */*

Response DefaultHttpResponse(decodeResult: success, version: HTTP/1.1)
HTTP/1.1 200 OK
Content-Length: 14
Content-Type: application/json; charset=utf-8
cache-control: no-cache

[DEBUG] Adding key: http://localhost:36722 for channel [id: 0xc6006600, L:/127.0.0.1:50733 - R:localhost/127.0.0.1:36722]
[DEBUG] Using pooled Channel '[id: 0xc6006600, L:/127.0.0.1:50733 - R:localhost/127.0.0.1:36722]' for 'POST' to 'http://localhost:36722/session/157a910c0f3cfa9d788aac89f8c82209/element'
[DEBUG] Using open Channel [id: 0xc6006600, L:/127.0.0.1:50733 - R:localhost/127.0.0.1:36722] for POST '/session/157a910c0f3cfa9d788aac89f8c82209/element'
[DEBUG] 

Request DefaultHttpRequest(decodeResult: success, version: HTTP/1.1)
POST /session/157a910c0f3cfa9d788aac89f8c82209/element HTTP/1.1
User-Agent: selenium/4.8.3 (java windows)
Content-Length: 53
Content-Type: application/json; charset=utf-8
host: localhost:36722
accept: */*

Response DefaultHttpResponse(decodeResult: success, version: HTTP/1.1)
HTTP/1.1 200 OK
Content-Length: 88
Content-Type: application/json; charset=utf-8
cache-control: no-cache

[DEBUG] Adding key: http://localhost:36722 for channel [id: 0xc6006600, L:/127.0.0.1:50733 - R:localhost/127.0.0.1:36722]
[DEBUG] Using pooled Channel '[id: 0xc6006600, L:/127.0.0.1:50733 - R:localhost/127.0.0.1:36722]' for 'POST' to 'http://localhost:36722/session/157a910c0f3cfa9d788aac89f8c82209/element/1aa2c201-0045-46a3-a555-3bd9f39d8634/clear'
[DEBUG] Using open Channel [id: 0xc6006600, L:/127.0.0.1:50733 - R:localhost/127.0.0.1:36722] for POST '/session/157a910c0f3cfa9d788aac89f8c82209/element/1aa2c201-0045-46a3-a555-3bd9f39d8634/clear'
[DEBUG] 

Request DefaultHttpRequest(decodeResult: success, version: HTTP/1.1)
POST /session/157a910c0f3cfa9d788aac89f8c82209/element/1aa2c201-0045-46a3-a555-3bd9f39d8634/clear HTTP/1.1
User-Agent: selenium/4.8.3 (java windows)
Content-Length: 50
Content-Type: application/json; charset=utf-8
host: localhost:36722
accept: */*

Response DefaultHttpResponse(decodeResult: success, version: HTTP/1.1)
HTTP/1.1 200 OK
Content-Length: 14
Content-Type: application/json; charset=utf-8
cache-control: no-cache

[DEBUG] Adding key: http://localhost:36722 for channel [id: 0xc6006600, L:/127.0.0.1:50733 - R:localhost/127.0.0.1:36722]
[DEBUG] Using pooled Channel '[id: 0xc6006600, L:/127.0.0.1:50733 - R:localhost/127.0.0.1:36722]' for 'POST' to 'http://localhost:36722/session/157a910c0f3cfa9d788aac89f8c82209/element'
[DEBUG] Using open Channel [id: 0xc6006600, L:/127.0.0.1:50733 - R:localhost/127.0.0.1:36722] for POST '/session/157a910c0f3cfa9d788aac89f8c82209/element'
[DEBUG] 

Request DefaultHttpRequest(decodeResult: success, version: HTTP/1.1)
POST /session/157a910c0f3cfa9d788aac89f8c82209/element HTTP/1.1
User-Agent: selenium/4.8.3 (java windows)
Content-Length: 53
Content-Type: application/json; charset=utf-8
host: localhost:36722
accept: */*

Response DefaultHttpResponse(decodeResult: success, version: HTTP/1.1)
HTTP/1.1 200 OK
Content-Length: 88
Content-Type: application/json; charset=utf-8
cache-control: no-cache

[DEBUG] Adding key: http://localhost:36722 for channel [id: 0xc6006600, L:/127.0.0.1:50733 - R:localhost/127.0.0.1:36722]
[DEBUG] Using pooled Channel '[id: 0xc6006600, L:/127.0.0.1:50733 - R:localhost/127.0.0.1:36722]' for 'POST' to 'http://localhost:36722/session/157a910c0f3cfa9d788aac89f8c82209/element/1aa2c201-0045-46a3-a555-3bd9f39d8634/value'
[DEBUG] Using open Channel [id: 0xc6006600, L:/127.0.0.1:50733 - R:localhost/127.0.0.1:36722] for POST '/session/157a910c0f3cfa9d788aac89f8c82209/element/1aa2c201-0045-46a3-a555-3bd9f39d8634/value'
[DEBUG] 

Request DefaultHttpRequest(decodeResult: success, version: HTTP/1.1)
POST /session/157a910c0f3cfa9d788aac89f8c82209/element/1aa2c201-0045-46a3-a555-3bd9f39d8634/value HTTP/1.1
User-Agent: selenium/4.8.3 (java windows)
Content-Length: 131
Content-Type: application/json; charset=utf-8
host: localhost:36722
accept: */*

Response DefaultHttpResponse(decodeResult: success, version: HTTP/1.1)
HTTP/1.1 200 OK
Content-Length: 14
Content-Type: application/json; charset=utf-8
cache-control: no-cache

[DEBUG] Adding key: http://localhost:36722 for channel [id: 0xc6006600, L:/127.0.0.1:50733 - R:localhost/127.0.0.1:36722]
[INFO ] 2023-04-16 08:31:18.177 [main] StepDef - email address and password entered
[DEBUG] Using pooled Channel '[id: 0xc6006600, L:/127.0.0.1:50733 - R:localhost/127.0.0.1:36722]' for 'POST' to 'http://localhost:36722/session/157a910c0f3cfa9d788aac89f8c82209/element'
[DEBUG] Using open Channel [id: 0xc6006600, L:/127.0.0.1:50733 - R:localhost/127.0.0.1:36722] for POST '/session/157a910c0f3cfa9d788aac89f8c82209/element'
[DEBUG] 

Request DefaultHttpRequest(decodeResult: success, version: HTTP/1.1)
POST /session/157a910c0f3cfa9d788aac89f8c82209/element HTTP/1.1
User-Agent: selenium/4.8.3 (java windows)
Content-Length: 87
Content-Type: application/json; charset=utf-8
host: localhost:36722
accept: */*

Response DefaultHttpResponse(decodeResult: success, version: HTTP/1.1)
HTTP/1.1 200 OK
Content-Length: 88
Content-Type: application/json; charset=utf-8
cache-control: no-cache

[DEBUG] Adding key: http://localhost:36722 for channel [id: 0xc6006600, L:/127.0.0.1:50733 - R:localhost/127.0.0.1:36722]
[DEBUG] Using pooled Channel '[id: 0xc6006600, L:/127.0.0.1:50733 - R:localhost/127.0.0.1:36722]' for 'POST' to 'http://localhost:36722/session/157a910c0f3cfa9d788aac89f8c82209/element/07105ab2-9aa0-4ce7-ba19-2b1f1a54b601/click'
[DEBUG] Using open Channel [id: 0xc6006600, L:/127.0.0.1:50733 - R:localhost/127.0.0.1:36722] for POST '/session/157a910c0f3cfa9d788aac89f8c82209/element/07105ab2-9aa0-4ce7-ba19-2b1f1a54b601/click'
[DEBUG] Entry count for : http://localhost:50734 : 1
[DEBUG] Entry count for : http://localhost:50734 : 1
[DEBUG] 

Request DefaultHttpRequest(decodeResult: success, version: HTTP/1.1)
POST /session/157a910c0f3cfa9d788aac89f8c82209/element/07105ab2-9aa0-4ce7-ba19-2b1f1a54b601/click HTTP/1.1
User-Agent: selenium/4.8.3 (java windows)
Content-Length: 50
Content-Type: application/json; charset=utf-8
host: localhost:36722
accept: */*

Response DefaultHttpResponse(decodeResult: success, version: HTTP/1.1)
HTTP/1.1 200 OK
Content-Length: 14
Content-Type: application/json; charset=utf-8
cache-control: no-cache

[DEBUG] Adding key: http://localhost:36722 for channel [id: 0xc6006600, L:/127.0.0.1:50733 - R:localhost/127.0.0.1:36722]
[INFO ] 2023-04-16 08:31:20.202 [main] StepDef - Clicked on login button
[DEBUG] Using pooled Channel '[id: 0xc6006600, L:/127.0.0.1:50733 - R:localhost/127.0.0.1:36722]' for 'GET' to 'http://localhost:36722/session/157a910c0f3cfa9d788aac89f8c82209/title'
[DEBUG] Using open Channel [id: 0xc6006600, L:/127.0.0.1:50733 - R:localhost/127.0.0.1:36722] for GET '/session/157a910c0f3cfa9d788aac89f8c82209/title'
[DEBUG] 

Request DefaultFullHttpRequest(decodeResult: success, version: HTTP/1.1, content: EmptyByteBufBE)
GET /session/157a910c0f3cfa9d788aac89f8c82209/title HTTP/1.1
User-Agent: selenium/4.8.3 (java windows)
Cache-Control: no-cache
Content-Type: application/json; charset=utf-8
host: localhost:36722
accept: */*

Response DefaultHttpResponse(decodeResult: success, version: HTTP/1.1)
HTTP/1.1 200 OK
Content-Length: 50
Content-Type: application/json; charset=utf-8
cache-control: no-cache

[DEBUG] Adding key: http://localhost:36722 for channel [id: 0xc6006600, L:/127.0.0.1:50733 - R:localhost/127.0.0.1:36722]
[INFO ] 2023-04-16 08:31:20.213 [main] StepDef - user can view dashboard test passed.
[DEBUG] Using pooled Channel '[id: 0xc6006600, L:/127.0.0.1:50733 - R:localhost/127.0.0.1:36722]' for 'POST' to 'http://localhost:36722/session/157a910c0f3cfa9d788aac89f8c82209/element'
[DEBUG] Using open Channel [id: 0xc6006600, L:/127.0.0.1:50733 - R:localhost/127.0.0.1:36722] for POST '/session/157a910c0f3cfa9d788aac89f8c82209/element'
[DEBUG] 

Request DefaultHttpRequest(decodeResult: success, version: HTTP/1.1)
POST /session/157a910c0f3cfa9d788aac89f8c82209/element HTTP/1.1
User-Agent: selenium/4.8.3 (java windows)
Content-Length: 104
Content-Type: application/json; charset=utf-8
host: localhost:36722
accept: */*

Response DefaultHttpResponse(decodeResult: success, version: HTTP/1.1)
HTTP/1.1 200 OK
Content-Length: 88
Content-Type: application/json; charset=utf-8
cache-control: no-cache

[DEBUG] Adding key: http://localhost:36722 for channel [id: 0xc6006600, L:/127.0.0.1:50733 - R:localhost/127.0.0.1:36722]
[DEBUG] Using pooled Channel '[id: 0xc6006600, L:/127.0.0.1:50733 - R:localhost/127.0.0.1:36722]' for 'POST' to 'http://localhost:36722/session/157a910c0f3cfa9d788aac89f8c82209/element/9dc6282c-fc05-4b32-a59f-576bdb259541/click'
[DEBUG] Using open Channel [id: 0xc6006600, L:/127.0.0.1:50733 - R:localhost/127.0.0.1:36722] for POST '/session/157a910c0f3cfa9d788aac89f8c82209/element/9dc6282c-fc05-4b32-a59f-576bdb259541/click'
[DEBUG] 

Request DefaultHttpRequest(decodeResult: success, version: HTTP/1.1)
POST /session/157a910c0f3cfa9d788aac89f8c82209/element/9dc6282c-fc05-4b32-a59f-576bdb259541/click HTTP/1.1
User-Agent: selenium/4.8.3 (java windows)
Content-Length: 50
Content-Type: application/json; charset=utf-8
host: localhost:36722
accept: */*

Response DefaultHttpResponse(decodeResult: success, version: HTTP/1.1)
HTTP/1.1 200 OK
Content-Length: 14
Content-Type: application/json; charset=utf-8
cache-control: no-cache

[DEBUG] Adding key: http://localhost:36722 for channel [id: 0xc6006600, L:/127.0.0.1:50733 - R:localhost/127.0.0.1:36722]
[INFO ] 2023-04-16 08:31:20.283 [main] StepDef - customer menu clicked
[DEBUG] Entry count for : http://localhost:50734 : 1
[DEBUG] Entry count for : http://localhost:36722 : 1
[DEBUG] Entry count for : http://localhost:50734 : 1
[DEBUG] Entry count for : http://localhost:36722 : 1
[DEBUG] Using pooled Channel '[id: 0xc6006600, L:/127.0.0.1:50733 - R:localhost/127.0.0.1:36722]' for 'POST' to 'http://localhost:36722/session/157a910c0f3cfa9d788aac89f8c82209/element'
[DEBUG] Using open Channel [id: 0xc6006600, L:/127.0.0.1:50733 - R:localhost/127.0.0.1:36722] for POST '/session/157a910c0f3cfa9d788aac89f8c82209/element'
[DEBUG] 

Request DefaultHttpRequest(decodeResult: success, version: HTTP/1.1)
POST /session/157a910c0f3cfa9d788aac89f8c82209/element HTTP/1.1
User-Agent: selenium/4.8.3 (java windows)
Content-Length: 138
Content-Type: application/json; charset=utf-8
host: localhost:36722
accept: */*

Response DefaultHttpResponse(decodeResult: success, version: HTTP/1.1)
HTTP/1.1 200 OK
Content-Length: 88
Content-Type: application/json; charset=utf-8
cache-control: no-cache

[DEBUG] Adding key: http://localhost:36722 for channel [id: 0xc6006600, L:/127.0.0.1:50733 - R:localhost/127.0.0.1:36722]
[DEBUG] Using pooled Channel '[id: 0xc6006600, L:/127.0.0.1:50733 - R:localhost/127.0.0.1:36722]' for 'POST' to 'http://localhost:36722/session/157a910c0f3cfa9d788aac89f8c82209/element/e794f580-eb81-4e7a-a801-b1bc6871050a/click'
[DEBUG] Using open Channel [id: 0xc6006600, L:/127.0.0.1:50733 - R:localhost/127.0.0.1:36722] for POST '/session/157a910c0f3cfa9d788aac89f8c82209/element/e794f580-eb81-4e7a-a801-b1bc6871050a/click'
[DEBUG] 

Request DefaultHttpRequest(decodeResult: success, version: HTTP/1.1)
POST /session/157a910c0f3cfa9d788aac89f8c82209/element/e794f580-eb81-4e7a-a801-b1bc6871050a/click HTTP/1.1
User-Agent: selenium/4.8.3 (java windows)
Content-Length: 50
Content-Type: application/json; charset=utf-8
host: localhost:36722
accept: */*

Response DefaultHttpResponse(decodeResult: success, version: HTTP/1.1)
HTTP/1.1 200 OK
Content-Length: 14
Content-Type: application/json; charset=utf-8
cache-control: no-cache

[DEBUG] Adding key: http://localhost:36722 for channel [id: 0xc6006600, L:/127.0.0.1:50733 - R:localhost/127.0.0.1:36722]
[INFO ] 2023-04-16 08:31:22.859 [main] StepDef - customer menu item clicked
[DEBUG] Entry count for : http://localhost:50734 : 1
[DEBUG] Entry count for : http://localhost:36722 : 1
[DEBUG] Entry count for : http://localhost:50734 : 1
[DEBUG] Entry count for : http://localhost:36722 : 1
[DEBUG] Using pooled Channel '[id: 0xc6006600, L:/127.0.0.1:50733 - R:localhost/127.0.0.1:36722]' for 'POST' to 'http://localhost:36722/session/157a910c0f3cfa9d788aac89f8c82209/element'
[DEBUG] Using open Channel [id: 0xc6006600, L:/127.0.0.1:50733 - R:localhost/127.0.0.1:36722] for POST '/session/157a910c0f3cfa9d788aac89f8c82209/element'
[DEBUG] 

Request DefaultHttpRequest(decodeResult: success, version: HTTP/1.1)
POST /session/157a910c0f3cfa9d788aac89f8c82209/element HTTP/1.1
User-Agent: selenium/4.8.3 (java windows)
Content-Length: 76
Content-Type: application/json; charset=utf-8
host: localhost:36722
accept: */*

Response DefaultHttpResponse(decodeResult: success, version: HTTP/1.1)
HTTP/1.1 200 OK
Content-Length: 88
Content-Type: application/json; charset=utf-8
cache-control: no-cache

[DEBUG] Adding key: http://localhost:36722 for channel [id: 0xc6006600, L:/127.0.0.1:50733 - R:localhost/127.0.0.1:36722]
[DEBUG] Using pooled Channel '[id: 0xc6006600, L:/127.0.0.1:50733 - R:localhost/127.0.0.1:36722]' for 'POST' to 'http://localhost:36722/session/157a910c0f3cfa9d788aac89f8c82209/element/285f1f07-1907-4d34-8a3b-c31796d08fd1/click'
[DEBUG] Using open Channel [id: 0xc6006600, L:/127.0.0.1:50733 - R:localhost/127.0.0.1:36722] for POST '/session/157a910c0f3cfa9d788aac89f8c82209/element/285f1f07-1907-4d34-8a3b-c31796d08fd1/click'
[DEBUG] Entry count for : http://localhost:50734 : 1
[DEBUG] 

Request DefaultHttpRequest(decodeResult: success, version: HTTP/1.1)
POST /session/157a910c0f3cfa9d788aac89f8c82209/element/285f1f07-1907-4d34-8a3b-c31796d08fd1/click HTTP/1.1
User-Agent: selenium/4.8.3 (java windows)
Content-Length: 50
Content-Type: application/json; charset=utf-8
host: localhost:36722
accept: */*

Response DefaultHttpResponse(decodeResult: success, version: HTTP/1.1)
HTTP/1.1 200 OK
Content-Length: 14
Content-Type: application/json; charset=utf-8
cache-control: no-cache

[DEBUG] Adding key: http://localhost:36722 for channel [id: 0xc6006600, L:/127.0.0.1:50733 - R:localhost/127.0.0.1:36722]
[INFO ] 2023-04-16 08:31:25.420 [main] StepDef - clicked on add new button.
[DEBUG] Using pooled Channel '[id: 0xc6006600, L:/127.0.0.1:50733 - R:localhost/127.0.0.1:36722]' for 'GET' to 'http://localhost:36722/session/157a910c0f3cfa9d788aac89f8c82209/title'
[DEBUG] Using open Channel [id: 0xc6006600, L:/127.0.0.1:50733 - R:localhost/127.0.0.1:36722] for GET '/session/157a910c0f3cfa9d788aac89f8c82209/title'
[DEBUG] 

Request DefaultFullHttpRequest(decodeResult: success, version: HTTP/1.1, content: EmptyByteBufBE)
GET /session/157a910c0f3cfa9d788aac89f8c82209/title HTTP/1.1
User-Agent: selenium/4.8.3 (java windows)
Cache-Control: no-cache
Content-Type: application/json; charset=utf-8
host: localhost:36722
accept: */*

Response DefaultHttpResponse(decodeResult: success, version: HTTP/1.1)
HTTP/1.1 200 OK
Content-Length: 59
Content-Type: application/json; charset=utf-8
cache-control: no-cache

[DEBUG] Adding key: http://localhost:36722 for channel [id: 0xc6006600, L:/127.0.0.1:50733 - R:localhost/127.0.0.1:36722]
[INFO ] 2023-04-16 08:31:25.427 [main] StepDef - User can view Add new customer page- passed
[DEBUG] Using pooled Channel '[id: 0xc6006600, L:/127.0.0.1:50733 - R:localhost/127.0.0.1:36722]' for 'POST' to 'http://localhost:36722/session/157a910c0f3cfa9d788aac89f8c82209/element'
[DEBUG] Using open Channel [id: 0xc6006600, L:/127.0.0.1:50733 - R:localhost/127.0.0.1:36722] for POST '/session/157a910c0f3cfa9d788aac89f8c82209/element'
[DEBUG] 

Request DefaultHttpRequest(decodeResult: success, version: HTTP/1.1)
POST /session/157a910c0f3cfa9d788aac89f8c82209/element HTTP/1.1
User-Agent: selenium/4.8.3 (java windows)
Content-Length: 67
Content-Type: application/json; charset=utf-8
host: localhost:36722
accept: */*

Response DefaultHttpResponse(decodeResult: success, version: HTTP/1.1)
HTTP/1.1 200 OK
Content-Length: 88
Content-Type: application/json; charset=utf-8
cache-control: no-cache

[DEBUG] Adding key: http://localhost:36722 for channel [id: 0xc6006600, L:/127.0.0.1:50733 - R:localhost/127.0.0.1:36722]
[DEBUG] Using pooled Channel '[id: 0xc6006600, L:/127.0.0.1:50733 - R:localhost/127.0.0.1:36722]' for 'POST' to 'http://localhost:36722/session/157a910c0f3cfa9d788aac89f8c82209/element/1c548fe3-d414-4a36-9458-2631d11cf69a/value'
[DEBUG] Using open Channel [id: 0xc6006600, L:/127.0.0.1:50733 - R:localhost/127.0.0.1:36722] for POST '/session/157a910c0f3cfa9d788aac89f8c82209/element/1c548fe3-d414-4a36-9458-2631d11cf69a/value'
[DEBUG] 

Request DefaultHttpRequest(decodeResult: success, version: HTTP/1.1)
POST /session/157a910c0f3cfa9d788aac89f8c82209/element/1c548fe3-d414-4a36-9458-2631d11cf69a/value HTTP/1.1
User-Agent: selenium/4.8.3 (java windows)
Content-Length: 261
Content-Type: application/json; charset=utf-8
host: localhost:36722
accept: */*

Response DefaultHttpResponse(decodeResult: success, version: HTTP/1.1)
HTTP/1.1 200 OK
Content-Length: 14
Content-Type: application/json; charset=utf-8
cache-control: no-cache

[DEBUG] Adding key: http://localhost:36722 for channel [id: 0xc6006600, L:/127.0.0.1:50733 - R:localhost/127.0.0.1:36722]
[DEBUG] Using pooled Channel '[id: 0xc6006600, L:/127.0.0.1:50733 - R:localhost/127.0.0.1:36722]' for 'POST' to 'http://localhost:36722/session/157a910c0f3cfa9d788aac89f8c82209/element'
[DEBUG] Using open Channel [id: 0xc6006600, L:/127.0.0.1:50733 - R:localhost/127.0.0.1:36722] for POST '/session/157a910c0f3cfa9d788aac89f8c82209/element'
[DEBUG] 

Request DefaultHttpRequest(decodeResult: success, version: HTTP/1.1)
POST /session/157a910c0f3cfa9d788aac89f8c82209/element HTTP/1.1
User-Agent: selenium/4.8.3 (java windows)
Content-Length: 70
Content-Type: application/json; charset=utf-8
host: localhost:36722
accept: */*

Response DefaultHttpResponse(decodeResult: success, version: HTTP/1.1)
HTTP/1.1 200 OK
Content-Length: 88
Content-Type: application/json; charset=utf-8
cache-control: no-cache

[DEBUG] Adding key: http://localhost:36722 for channel [id: 0xc6006600, L:/127.0.0.1:50733 - R:localhost/127.0.0.1:36722]
[DEBUG] Using pooled Channel '[id: 0xc6006600, L:/127.0.0.1:50733 - R:localhost/127.0.0.1:36722]' for 'POST' to 'http://localhost:36722/session/157a910c0f3cfa9d788aac89f8c82209/element/c14f4eb8-2a92-41f5-bdda-0136f89b0f3c/value'
[DEBUG] Using open Channel [id: 0xc6006600, L:/127.0.0.1:50733 - R:localhost/127.0.0.1:36722] for POST '/session/157a910c0f3cfa9d788aac89f8c82209/element/c14f4eb8-2a92-41f5-bdda-0136f89b0f3c/value'
[DEBUG] 

Request DefaultHttpRequest(decodeResult: success, version: HTTP/1.1)
POST /session/157a910c0f3cfa9d788aac89f8c82209/element/c14f4eb8-2a92-41f5-bdda-0136f89b0f3c/value HTTP/1.1
User-Agent: selenium/4.8.3 (java windows)
Content-Length: 131
Content-Type: application/json; charset=utf-8
host: localhost:36722
accept: */*

Response DefaultHttpResponse(decodeResult: success, version: HTTP/1.1)
HTTP/1.1 200 OK
Content-Length: 14
Content-Type: application/json; charset=utf-8
cache-control: no-cache

[DEBUG] Adding key: http://localhost:36722 for channel [id: 0xc6006600, L:/127.0.0.1:50733 - R:localhost/127.0.0.1:36722]
[DEBUG] Using pooled Channel '[id: 0xc6006600, L:/127.0.0.1:50733 - R:localhost/127.0.0.1:36722]' for 'POST' to 'http://localhost:36722/session/157a910c0f3cfa9d788aac89f8c82209/element'
[DEBUG] Using open Channel [id: 0xc6006600, L:/127.0.0.1:50733 - R:localhost/127.0.0.1:36722] for POST '/session/157a910c0f3cfa9d788aac89f8c82209/element'
[DEBUG] 

Request DefaultHttpRequest(decodeResult: success, version: HTTP/1.1)
POST /session/157a910c0f3cfa9d788aac89f8c82209/element HTTP/1.1
User-Agent: selenium/4.8.3 (java windows)
Content-Length: 71
Content-Type: application/json; charset=utf-8
host: localhost:36722
accept: */*

Response DefaultHttpResponse(decodeResult: success, version: HTTP/1.1)
HTTP/1.1 200 OK
Content-Length: 88
Content-Type: application/json; charset=utf-8
cache-control: no-cache

[DEBUG] Adding key: http://localhost:36722 for channel [id: 0xc6006600, L:/127.0.0.1:50733 - R:localhost/127.0.0.1:36722]
[DEBUG] Using pooled Channel '[id: 0xc6006600, L:/127.0.0.1:50733 - R:localhost/127.0.0.1:36722]' for 'POST' to 'http://localhost:36722/session/157a910c0f3cfa9d788aac89f8c82209/element/54961c82-718e-4d03-a101-4d87688ec615/value'
[DEBUG] Using open Channel [id: 0xc6006600, L:/127.0.0.1:50733 - R:localhost/127.0.0.1:36722] for POST '/session/157a910c0f3cfa9d788aac89f8c82209/element/54961c82-718e-4d03-a101-4d87688ec615/value'
[DEBUG] 

Request DefaultHttpRequest(decodeResult: success, version: HTTP/1.1)
POST /session/157a910c0f3cfa9d788aac89f8c82209/element/54961c82-718e-4d03-a101-4d87688ec615/value HTTP/1.1
User-Agent: selenium/4.8.3 (java windows)
Content-Length: 141
Content-Type: application/json; charset=utf-8
host: localhost:36722
accept: */*

Response DefaultHttpResponse(decodeResult: success, version: HTTP/1.1)
HTTP/1.1 200 OK
Content-Length: 14
Content-Type: application/json; charset=utf-8
cache-control: no-cache

[DEBUG] Adding key: http://localhost:36722 for channel [id: 0xc6006600, L:/127.0.0.1:50733 - R:localhost/127.0.0.1:36722]
[DEBUG] Using pooled Channel '[id: 0xc6006600, L:/127.0.0.1:50733 - R:localhost/127.0.0.1:36722]' for 'POST' to 'http://localhost:36722/session/157a910c0f3cfa9d788aac89f8c82209/element'
[DEBUG] Using open Channel [id: 0xc6006600, L:/127.0.0.1:50733 - R:localhost/127.0.0.1:36722] for POST '/session/157a910c0f3cfa9d788aac89f8c82209/element'
[DEBUG] 

Request DefaultHttpRequest(decodeResult: success, version: HTTP/1.1)
POST /session/157a910c0f3cfa9d788aac89f8c82209/element HTTP/1.1
User-Agent: selenium/4.8.3 (java windows)
Content-Length: 70
Content-Type: application/json; charset=utf-8
host: localhost:36722
accept: */*

Response DefaultHttpResponse(decodeResult: success, version: HTTP/1.1)
HTTP/1.1 200 OK
Content-Length: 88
Content-Type: application/json; charset=utf-8
cache-control: no-cache

[DEBUG] Adding key: http://localhost:36722 for channel [id: 0xc6006600, L:/127.0.0.1:50733 - R:localhost/127.0.0.1:36722]
[DEBUG] Using pooled Channel '[id: 0xc6006600, L:/127.0.0.1:50733 - R:localhost/127.0.0.1:36722]' for 'POST' to 'http://localhost:36722/session/157a910c0f3cfa9d788aac89f8c82209/element/22019c97-b914-4b7f-94d8-1c0736266866/value'
[DEBUG] Using open Channel [id: 0xc6006600, L:/127.0.0.1:50733 - R:localhost/127.0.0.1:36722] for POST '/session/157a910c0f3cfa9d788aac89f8c82209/element/22019c97-b914-4b7f-94d8-1c0736266866/value'
[DEBUG] 

Request DefaultHttpRequest(decodeResult: success, version: HTTP/1.1)
POST /session/157a910c0f3cfa9d788aac89f8c82209/element/22019c97-b914-4b7f-94d8-1c0736266866/value HTTP/1.1
User-Agent: selenium/4.8.3 (java windows)
Content-Length: 131
Content-Type: application/json; charset=utf-8
host: localhost:36722
accept: */*

Response DefaultHttpResponse(decodeResult: success, version: HTTP/1.1)
HTTP/1.1 200 OK
Content-Length: 14
Content-Type: application/json; charset=utf-8
cache-control: no-cache

[DEBUG] Adding key: http://localhost:36722 for channel [id: 0xc6006600, L:/127.0.0.1:50733 - R:localhost/127.0.0.1:36722]
[DEBUG] Using pooled Channel '[id: 0xc6006600, L:/127.0.0.1:50733 - R:localhost/127.0.0.1:36722]' for 'POST' to 'http://localhost:36722/session/157a910c0f3cfa9d788aac89f8c82209/element'
[DEBUG] Using open Channel [id: 0xc6006600, L:/127.0.0.1:50733 - R:localhost/127.0.0.1:36722] for POST '/session/157a910c0f3cfa9d788aac89f8c82209/element'
[DEBUG] 

Request DefaultHttpRequest(decodeResult: success, version: HTTP/1.1)
POST /session/157a910c0f3cfa9d788aac89f8c82209/element HTTP/1.1
User-Agent: selenium/4.8.3 (java windows)
Content-Length: 58
Content-Type: application/json; charset=utf-8
host: localhost:36722
accept: */*

Response DefaultHttpResponse(decodeResult: success, version: HTTP/1.1)
HTTP/1.1 200 OK
Content-Length: 88
Content-Type: application/json; charset=utf-8
cache-control: no-cache

[DEBUG] Adding key: http://localhost:36722 for channel [id: 0xc6006600, L:/127.0.0.1:50733 - R:localhost/127.0.0.1:36722]
[DEBUG] Using pooled Channel '[id: 0xc6006600, L:/127.0.0.1:50733 - R:localhost/127.0.0.1:36722]' for 'POST' to 'http://localhost:36722/session/157a910c0f3cfa9d788aac89f8c82209/element/35f50dd4-5eb1-47ea-bce3-ff2a2b76e3fa/click'
[DEBUG] Using open Channel [id: 0xc6006600, L:/127.0.0.1:50733 - R:localhost/127.0.0.1:36722] for POST '/session/157a910c0f3cfa9d788aac89f8c82209/element/35f50dd4-5eb1-47ea-bce3-ff2a2b76e3fa/click'
[DEBUG] 

Request DefaultHttpRequest(decodeResult: success, version: HTTP/1.1)
POST /session/157a910c0f3cfa9d788aac89f8c82209/element/35f50dd4-5eb1-47ea-bce3-ff2a2b76e3fa/click HTTP/1.1
User-Agent: selenium/4.8.3 (java windows)
Content-Length: 50
Content-Type: application/json; charset=utf-8
host: localhost:36722
accept: */*

Response DefaultHttpResponse(decodeResult: success, version: HTTP/1.1)
HTTP/1.1 200 OK
Content-Length: 14
Content-Type: application/json; charset=utf-8
cache-control: no-cache

[DEBUG] Adding key: http://localhost:36722 for channel [id: 0xc6006600, L:/127.0.0.1:50733 - R:localhost/127.0.0.1:36722]
[DEBUG] Using pooled Channel '[id: 0xc6006600, L:/127.0.0.1:50733 - R:localhost/127.0.0.1:36722]' for 'POST' to 'http://localhost:36722/session/157a910c0f3cfa9d788aac89f8c82209/element'
[DEBUG] Using open Channel [id: 0xc6006600, L:/127.0.0.1:50733 - R:localhost/127.0.0.1:36722] for POST '/session/157a910c0f3cfa9d788aac89f8c82209/element'
[DEBUG] 

Request DefaultHttpRequest(decodeResult: success, version: HTTP/1.1)
POST /session/157a910c0f3cfa9d788aac89f8c82209/element HTTP/1.1
User-Agent: selenium/4.8.3 (java windows)
Content-Length: 73
Content-Type: application/json; charset=utf-8
host: localhost:36722
accept: */*

Response DefaultHttpResponse(decodeResult: success, version: HTTP/1.1)
HTTP/1.1 200 OK
Content-Length: 88
Content-Type: application/json; charset=utf-8
cache-control: no-cache

[DEBUG] Adding key: http://localhost:36722 for channel [id: 0xc6006600, L:/127.0.0.1:50733 - R:localhost/127.0.0.1:36722]
[DEBUG] Using pooled Channel '[id: 0xc6006600, L:/127.0.0.1:50733 - R:localhost/127.0.0.1:36722]' for 'POST' to 'http://localhost:36722/session/157a910c0f3cfa9d788aac89f8c82209/element/9208530c-c7ba-42c9-89e1-ae21b4d44450/value'
[DEBUG] Using open Channel [id: 0xc6006600, L:/127.0.0.1:50733 - R:localhost/127.0.0.1:36722] for POST '/session/157a910c0f3cfa9d788aac89f8c82209/element/9208530c-c7ba-42c9-89e1-ae21b4d44450/value'
[DEBUG] 

Request DefaultHttpRequest(decodeResult: success, version: HTTP/1.1)
POST /session/157a910c0f3cfa9d788aac89f8c82209/element/9208530c-c7ba-42c9-89e1-ae21b4d44450/value HTTP/1.1
User-Agent: selenium/4.8.3 (java windows)
Content-Length: 191
Content-Type: application/json; charset=utf-8
host: localhost:36722
accept: */*

Response DefaultHttpResponse(decodeResult: success, version: HTTP/1.1)
HTTP/1.1 200 OK
Content-Length: 14
Content-Type: application/json; charset=utf-8
cache-control: no-cache

[DEBUG] Adding key: http://localhost:36722 for channel [id: 0xc6006600, L:/127.0.0.1:50733 - R:localhost/127.0.0.1:36722]
[DEBUG] Using pooled Channel '[id: 0xc6006600, L:/127.0.0.1:50733 - R:localhost/127.0.0.1:36722]' for 'POST' to 'http://localhost:36722/session/157a910c0f3cfa9d788aac89f8c82209/element'
[DEBUG] Using open Channel [id: 0xc6006600, L:/127.0.0.1:50733 - R:localhost/127.0.0.1:36722] for POST '/session/157a910c0f3cfa9d788aac89f8c82209/element'
[DEBUG] 

Request DefaultHttpRequest(decodeResult: success, version: HTTP/1.1)
POST /session/157a910c0f3cfa9d788aac89f8c82209/element HTTP/1.1
User-Agent: selenium/4.8.3 (java windows)
Content-Length: 69
Content-Type: application/json; charset=utf-8
host: localhost:36722
accept: */*

Response DefaultHttpResponse(decodeResult: success, version: HTTP/1.1)
HTTP/1.1 200 OK
Content-Length: 88
Content-Type: application/json; charset=utf-8
cache-control: no-cache

[DEBUG] Adding key: http://localhost:36722 for channel [id: 0xc6006600, L:/127.0.0.1:50733 - R:localhost/127.0.0.1:36722]
[DEBUG] Using pooled Channel '[id: 0xc6006600, L:/127.0.0.1:50733 - R:localhost/127.0.0.1:36722]' for 'POST' to 'http://localhost:36722/session/157a910c0f3cfa9d788aac89f8c82209/element/5526873a-03b6-4384-a3bb-2154643c0067/value'
[DEBUG] Using open Channel [id: 0xc6006600, L:/127.0.0.1:50733 - R:localhost/127.0.0.1:36722] for POST '/session/157a910c0f3cfa9d788aac89f8c82209/element/5526873a-03b6-4384-a3bb-2154643c0067/value'
[DEBUG] 

Request DefaultHttpRequest(decodeResult: success, version: HTTP/1.1)
POST /session/157a910c0f3cfa9d788aac89f8c82209/element/5526873a-03b6-4384-a3bb-2154643c0067/value HTTP/1.1
User-Agent: selenium/4.8.3 (java windows)
Content-Length: 181
Content-Type: application/json; charset=utf-8
host: localhost:36722
accept: */*

Response DefaultHttpResponse(decodeResult: success, version: HTTP/1.1)
HTTP/1.1 200 OK
Content-Length: 14
Content-Type: application/json; charset=utf-8
cache-control: no-cache

[DEBUG] Adding key: http://localhost:36722 for channel [id: 0xc6006600, L:/127.0.0.1:50733 - R:localhost/127.0.0.1:36722]
[DEBUG] Using pooled Channel '[id: 0xc6006600, L:/127.0.0.1:50733 - R:localhost/127.0.0.1:36722]' for 'POST' to 'http://localhost:36722/session/157a910c0f3cfa9d788aac89f8c82209/element'
[DEBUG] Using open Channel [id: 0xc6006600, L:/127.0.0.1:50733 - R:localhost/127.0.0.1:36722] for POST '/session/157a910c0f3cfa9d788aac89f8c82209/element'
[DEBUG] 

Request DefaultHttpRequest(decodeResult: success, version: HTTP/1.1)
POST /session/157a910c0f3cfa9d788aac89f8c82209/element HTTP/1.1
User-Agent: selenium/4.8.3 (java windows)
Content-Length: 77
Content-Type: application/json; charset=utf-8
host: localhost:36722
accept: */*

Response DefaultHttpResponse(decodeResult: success, version: HTTP/1.1)
HTTP/1.1 200 OK
Content-Length: 88
Content-Type: application/json; charset=utf-8
cache-control: no-cache

[DEBUG] Adding key: http://localhost:36722 for channel [id: 0xc6006600, L:/127.0.0.1:50733 - R:localhost/127.0.0.1:36722]
[DEBUG] Using pooled Channel '[id: 0xc6006600, L:/127.0.0.1:50733 - R:localhost/127.0.0.1:36722]' for 'POST' to 'http://localhost:36722/session/157a910c0f3cfa9d788aac89f8c82209/element/f73e8f91-2fc4-4fc3-ba91-f34186f8644c/value'
[DEBUG] Using open Channel [id: 0xc6006600, L:/127.0.0.1:50733 - R:localhost/127.0.0.1:36722] for POST '/session/157a910c0f3cfa9d788aac89f8c82209/element/f73e8f91-2fc4-4fc3-ba91-f34186f8644c/value'
[DEBUG] 

Request DefaultHttpRequest(decodeResult: success, version: HTTP/1.1)
POST /session/157a910c0f3cfa9d788aac89f8c82209/element/f73e8f91-2fc4-4fc3-ba91-f34186f8644c/value HTTP/1.1
User-Agent: selenium/4.8.3 (java windows)
Content-Length: 211
Content-Type: application/json; charset=utf-8
host: localhost:36722
accept: */*

Response DefaultHttpResponse(decodeResult: success, version: HTTP/1.1)
HTTP/1.1 200 OK
Content-Length: 14
Content-Type: application/json; charset=utf-8
cache-control: no-cache

[DEBUG] Adding key: http://localhost:36722 for channel [id: 0xc6006600, L:/127.0.0.1:50733 - R:localhost/127.0.0.1:36722]
[DEBUG] Using pooled Channel '[id: 0xc6006600, L:/127.0.0.1:50733 - R:localhost/127.0.0.1:36722]' for 'POST' to 'http://localhost:36722/session/157a910c0f3cfa9d788aac89f8c82209/element'
[DEBUG] Using open Channel [id: 0xc6006600, L:/127.0.0.1:50733 - R:localhost/127.0.0.1:36722] for POST '/session/157a910c0f3cfa9d788aac89f8c82209/element'
[DEBUG] 

Request DefaultHttpRequest(decodeResult: success, version: HTTP/1.1)
POST /session/157a910c0f3cfa9d788aac89f8c82209/element HTTP/1.1
User-Agent: selenium/4.8.3 (java windows)
Content-Length: 66
Content-Type: application/json; charset=utf-8
host: localhost:36722
accept: */*

Response DefaultHttpResponse(decodeResult: success, version: HTTP/1.1)
HTTP/1.1 200 OK
Content-Length: 88
Content-Type: application/json; charset=utf-8
cache-control: no-cache

[DEBUG] Adding key: http://localhost:36722 for channel [id: 0xc6006600, L:/127.0.0.1:50733 - R:localhost/127.0.0.1:36722]
[DEBUG] Using pooled Channel '[id: 0xc6006600, L:/127.0.0.1:50733 - R:localhost/127.0.0.1:36722]' for 'GET' to 'http://localhost:36722/session/157a910c0f3cfa9d788aac89f8c82209/element/49c62de8-47c0-43d0-8d3f-5ae37b57f0aa/name'
[DEBUG] Using open Channel [id: 0xc6006600, L:/127.0.0.1:50733 - R:localhost/127.0.0.1:36722] for GET '/session/157a910c0f3cfa9d788aac89f8c82209/element/49c62de8-47c0-43d0-8d3f-5ae37b57f0aa/name'
[DEBUG] 

Request DefaultFullHttpRequest(decodeResult: success, version: HTTP/1.1, content: EmptyByteBufBE)
GET /session/157a910c0f3cfa9d788aac89f8c82209/element/49c62de8-47c0-43d0-8d3f-5ae37b57f0aa/name HTTP/1.1
User-Agent: selenium/4.8.3 (java windows)
Cache-Control: no-cache
Content-Type: application/json; charset=utf-8
host: localhost:36722
accept: */*

Response DefaultHttpResponse(decodeResult: success, version: HTTP/1.1)
HTTP/1.1 200 OK
Content-Length: 18
Content-Type: application/json; charset=utf-8
cache-control: no-cache

[DEBUG] Adding key: http://localhost:36722 for channel [id: 0xc6006600, L:/127.0.0.1:50733 - R:localhost/127.0.0.1:36722]
[DEBUG] Using pooled Channel '[id: 0xc6006600, L:/127.0.0.1:50733 - R:localhost/127.0.0.1:36722]' for 'POST' to 'http://localhost:36722/session/157a910c0f3cfa9d788aac89f8c82209/element'
[DEBUG] Using open Channel [id: 0xc6006600, L:/127.0.0.1:50733 - R:localhost/127.0.0.1:36722] for POST '/session/157a910c0f3cfa9d788aac89f8c82209/element'
[DEBUG] 

Request DefaultHttpRequest(decodeResult: success, version: HTTP/1.1)
POST /session/157a910c0f3cfa9d788aac89f8c82209/element HTTP/1.1
User-Agent: selenium/4.8.3 (java windows)
Content-Length: 66
Content-Type: application/json; charset=utf-8
host: localhost:36722
accept: */*

Response DefaultHttpResponse(decodeResult: success, version: HTTP/1.1)
HTTP/1.1 200 OK
Content-Length: 88
Content-Type: application/json; charset=utf-8
cache-control: no-cache

[DEBUG] Adding key: http://localhost:36722 for channel [id: 0xc6006600, L:/127.0.0.1:50733 - R:localhost/127.0.0.1:36722]
[DEBUG] Using pooled Channel '[id: 0xc6006600, L:/127.0.0.1:50733 - R:localhost/127.0.0.1:36722]' for 'GET' to 'http://localhost:36722/session/157a910c0f3cfa9d788aac89f8c82209/element/49c62de8-47c0-43d0-8d3f-5ae37b57f0aa/attribute/multiple'
[DEBUG] Using open Channel [id: 0xc6006600, L:/127.0.0.1:50733 - R:localhost/127.0.0.1:36722] for GET '/session/157a910c0f3cfa9d788aac89f8c82209/element/49c62de8-47c0-43d0-8d3f-5ae37b57f0aa/attribute/multiple'
[DEBUG] 

Request DefaultFullHttpRequest(decodeResult: success, version: HTTP/1.1, content: EmptyByteBufBE)
GET /session/157a910c0f3cfa9d788aac89f8c82209/element/49c62de8-47c0-43d0-8d3f-5ae37b57f0aa/attribute/multiple HTTP/1.1
User-Agent: selenium/4.8.3 (java windows)
Cache-Control: no-cache
Content-Type: application/json; charset=utf-8
host: localhost:36722
accept: */*

Response DefaultHttpResponse(decodeResult: success, version: HTTP/1.1)
HTTP/1.1 200 OK
Content-Length: 14
Content-Type: application/json; charset=utf-8
cache-control: no-cache

[DEBUG] Adding key: http://localhost:36722 for channel [id: 0xc6006600, L:/127.0.0.1:50733 - R:localhost/127.0.0.1:36722]
[DEBUG] Using pooled Channel '[id: 0xc6006600, L:/127.0.0.1:50733 - R:localhost/127.0.0.1:36722]' for 'POST' to 'http://localhost:36722/session/157a910c0f3cfa9d788aac89f8c82209/element'
[DEBUG] Using open Channel [id: 0xc6006600, L:/127.0.0.1:50733 - R:localhost/127.0.0.1:36722] for POST '/session/157a910c0f3cfa9d788aac89f8c82209/element'
[DEBUG] 

Request DefaultHttpRequest(decodeResult: success, version: HTTP/1.1)
POST /session/157a910c0f3cfa9d788aac89f8c82209/element HTTP/1.1
User-Agent: selenium/4.8.3 (java windows)
Content-Length: 66
Content-Type: application/json; charset=utf-8
host: localhost:36722
accept: */*

Response DefaultHttpResponse(decodeResult: success, version: HTTP/1.1)
HTTP/1.1 200 OK
Content-Length: 88
Content-Type: application/json; charset=utf-8
cache-control: no-cache

[DEBUG] Adding key: http://localhost:36722 for channel [id: 0xc6006600, L:/127.0.0.1:50733 - R:localhost/127.0.0.1:36722]
[DEBUG] Using pooled Channel '[id: 0xc6006600, L:/127.0.0.1:50733 - R:localhost/127.0.0.1:36722]' for 'GET' to 'http://localhost:36722/session/157a910c0f3cfa9d788aac89f8c82209/element/49c62de8-47c0-43d0-8d3f-5ae37b57f0aa/enabled'
[DEBUG] Using open Channel [id: 0xc6006600, L:/127.0.0.1:50733 - R:localhost/127.0.0.1:36722] for GET '/session/157a910c0f3cfa9d788aac89f8c82209/element/49c62de8-47c0-43d0-8d3f-5ae37b57f0aa/enabled'
[DEBUG] 

Request DefaultFullHttpRequest(decodeResult: success, version: HTTP/1.1, content: EmptyByteBufBE)
GET /session/157a910c0f3cfa9d788aac89f8c82209/element/49c62de8-47c0-43d0-8d3f-5ae37b57f0aa/enabled HTTP/1.1
User-Agent: selenium/4.8.3 (java windows)
Cache-Control: no-cache
Content-Type: application/json; charset=utf-8
host: localhost:36722
accept: */*

Response DefaultHttpResponse(decodeResult: success, version: HTTP/1.1)
HTTP/1.1 200 OK
Content-Length: 14
Content-Type: application/json; charset=utf-8
cache-control: no-cache

[DEBUG] Adding key: http://localhost:36722 for channel [id: 0xc6006600, L:/127.0.0.1:50733 - R:localhost/127.0.0.1:36722]
[DEBUG] Using pooled Channel '[id: 0xc6006600, L:/127.0.0.1:50733 - R:localhost/127.0.0.1:36722]' for 'POST' to 'http://localhost:36722/session/157a910c0f3cfa9d788aac89f8c82209/element'
[DEBUG] Using open Channel [id: 0xc6006600, L:/127.0.0.1:50733 - R:localhost/127.0.0.1:36722] for POST '/session/157a910c0f3cfa9d788aac89f8c82209/element'
[DEBUG] 

Request DefaultHttpRequest(decodeResult: success, version: HTTP/1.1)
POST /session/157a910c0f3cfa9d788aac89f8c82209/element HTTP/1.1
User-Agent: selenium/4.8.3 (java windows)
Content-Length: 66
Content-Type: application/json; charset=utf-8
host: localhost:36722
accept: */*

Response DefaultHttpResponse(decodeResult: success, version: HTTP/1.1)
HTTP/1.1 200 OK
Content-Length: 88
Content-Type: application/json; charset=utf-8
cache-control: no-cache

[DEBUG] Adding key: http://localhost:36722 for channel [id: 0xc6006600, L:/127.0.0.1:50733 - R:localhost/127.0.0.1:36722]
[DEBUG] Using pooled Channel '[id: 0xc6006600, L:/127.0.0.1:50733 - R:localhost/127.0.0.1:36722]' for 'POST' to 'http://localhost:36722/session/157a910c0f3cfa9d788aac89f8c82209/element/49c62de8-47c0-43d0-8d3f-5ae37b57f0aa/elements'
[DEBUG] Using open Channel [id: 0xc6006600, L:/127.0.0.1:50733 - R:localhost/127.0.0.1:36722] for POST '/session/157a910c0f3cfa9d788aac89f8c82209/element/49c62de8-47c0-43d0-8d3f-5ae37b57f0aa/elements'
[DEBUG] 

Request DefaultHttpRequest(decodeResult: success, version: HTTP/1.1)
POST /session/157a910c0f3cfa9d788aac89f8c82209/element/49c62de8-47c0-43d0-8d3f-5ae37b57f0aa/elements HTTP/1.1
User-Agent: selenium/4.8.3 (java windows)
Content-Length: 139
Content-Type: application/json; charset=utf-8
host: localhost:36722
accept: */*

Response DefaultHttpResponse(decodeResult: success, version: HTTP/1.1)
HTTP/1.1 200 OK
Content-Length: 90
Content-Type: application/json; charset=utf-8
cache-control: no-cache

[DEBUG] Adding key: http://localhost:36722 for channel [id: 0xc6006600, L:/127.0.0.1:50733 - R:localhost/127.0.0.1:36722]
[DEBUG] Using pooled Channel '[id: 0xc6006600, L:/127.0.0.1:50733 - R:localhost/127.0.0.1:36722]' for 'GET' to 'http://localhost:36722/session/157a910c0f3cfa9d788aac89f8c82209/element/f4111f29-d749-4039-ae9b-433a7ae1591e/enabled'
[DEBUG] Using open Channel [id: 0xc6006600, L:/127.0.0.1:50733 - R:localhost/127.0.0.1:36722] for GET '/session/157a910c0f3cfa9d788aac89f8c82209/element/f4111f29-d749-4039-ae9b-433a7ae1591e/enabled'
[DEBUG] 

Request DefaultFullHttpRequest(decodeResult: success, version: HTTP/1.1, content: EmptyByteBufBE)
GET /session/157a910c0f3cfa9d788aac89f8c82209/element/f4111f29-d749-4039-ae9b-433a7ae1591e/enabled HTTP/1.1
User-Agent: selenium/4.8.3 (java windows)
Cache-Control: no-cache
Content-Type: application/json; charset=utf-8
host: localhost:36722
accept: */*

Response DefaultHttpResponse(decodeResult: success, version: HTTP/1.1)
HTTP/1.1 200 OK
Content-Length: 14
Content-Type: application/json; charset=utf-8
cache-control: no-cache

[DEBUG] Adding key: http://localhost:36722 for channel [id: 0xc6006600, L:/127.0.0.1:50733 - R:localhost/127.0.0.1:36722]
[DEBUG] Using pooled Channel '[id: 0xc6006600, L:/127.0.0.1:50733 - R:localhost/127.0.0.1:36722]' for 'GET' to 'http://localhost:36722/session/157a910c0f3cfa9d788aac89f8c82209/element/f4111f29-d749-4039-ae9b-433a7ae1591e/selected'
[DEBUG] Using open Channel [id: 0xc6006600, L:/127.0.0.1:50733 - R:localhost/127.0.0.1:36722] for GET '/session/157a910c0f3cfa9d788aac89f8c82209/element/f4111f29-d749-4039-ae9b-433a7ae1591e/selected'
[DEBUG] 

Request DefaultFullHttpRequest(decodeResult: success, version: HTTP/1.1, content: EmptyByteBufBE)
GET /session/157a910c0f3cfa9d788aac89f8c82209/element/f4111f29-d749-4039-ae9b-433a7ae1591e/selected HTTP/1.1
User-Agent: selenium/4.8.3 (java windows)
Cache-Control: no-cache
Content-Type: application/json; charset=utf-8
host: localhost:36722
accept: */*

Response DefaultHttpResponse(decodeResult: success, version: HTTP/1.1)
HTTP/1.1 200 OK
Content-Length: 15
Content-Type: application/json; charset=utf-8
cache-control: no-cache

[DEBUG] Adding key: http://localhost:36722 for channel [id: 0xc6006600, L:/127.0.0.1:50733 - R:localhost/127.0.0.1:36722]
[DEBUG] Using pooled Channel '[id: 0xc6006600, L:/127.0.0.1:50733 - R:localhost/127.0.0.1:36722]' for 'POST' to 'http://localhost:36722/session/157a910c0f3cfa9d788aac89f8c82209/element/f4111f29-d749-4039-ae9b-433a7ae1591e/click'
[DEBUG] Using open Channel [id: 0xc6006600, L:/127.0.0.1:50733 - R:localhost/127.0.0.1:36722] for POST '/session/157a910c0f3cfa9d788aac89f8c82209/element/f4111f29-d749-4039-ae9b-433a7ae1591e/click'
[DEBUG] 

Request DefaultHttpRequest(decodeResult: success, version: HTTP/1.1)
POST /session/157a910c0f3cfa9d788aac89f8c82209/element/f4111f29-d749-4039-ae9b-433a7ae1591e/click HTTP/1.1
User-Agent: selenium/4.8.3 (java windows)
Content-Length: 50
Content-Type: application/json; charset=utf-8
host: localhost:36722
accept: */*

Response DefaultHttpResponse(decodeResult: success, version: HTTP/1.1)
HTTP/1.1 200 OK
Content-Length: 14
Content-Type: application/json; charset=utf-8
cache-control: no-cache

[DEBUG] Adding key: http://localhost:36722 for channel [id: 0xc6006600, L:/127.0.0.1:50733 - R:localhost/127.0.0.1:36722]
[INFO ] 2023-04-16 08:31:25.903 [main] StepDef - customer information entered
[DEBUG] Using pooled Channel '[id: 0xc6006600, L:/127.0.0.1:50733 - R:localhost/127.0.0.1:36722]' for 'POST' to 'http://localhost:36722/session/157a910c0f3cfa9d788aac89f8c82209/element'
[DEBUG] Using open Channel [id: 0xc6006600, L:/127.0.0.1:50733 - R:localhost/127.0.0.1:36722] for POST '/session/157a910c0f3cfa9d788aac89f8c82209/element'
[DEBUG] 

Request DefaultHttpRequest(decodeResult: success, version: HTTP/1.1)
POST /session/157a910c0f3cfa9d788aac89f8c82209/element HTTP/1.1
User-Agent: selenium/4.8.3 (java windows)
Content-Length: 69
Content-Type: application/json; charset=utf-8
host: localhost:36722
accept: */*

Response DefaultHttpResponse(decodeResult: success, version: HTTP/1.1)
HTTP/1.1 200 OK
Content-Length: 88
Content-Type: application/json; charset=utf-8
cache-control: no-cache

[DEBUG] Adding key: http://localhost:36722 for channel [id: 0xc6006600, L:/127.0.0.1:50733 - R:localhost/127.0.0.1:36722]
[DEBUG] Using pooled Channel '[id: 0xc6006600, L:/127.0.0.1:50733 - R:localhost/127.0.0.1:36722]' for 'POST' to 'http://localhost:36722/session/157a910c0f3cfa9d788aac89f8c82209/element/e85bea37-ae89-4823-a552-47b43427b00e/click'
[DEBUG] Using open Channel [id: 0xc6006600, L:/127.0.0.1:50733 - R:localhost/127.0.0.1:36722] for POST '/session/157a910c0f3cfa9d788aac89f8c82209/element/e85bea37-ae89-4823-a552-47b43427b00e/click'
[DEBUG] Entry count for : http://localhost:50734 : 1
[DEBUG] 

Request DefaultHttpRequest(decodeResult: success, version: HTTP/1.1)
POST /session/157a910c0f3cfa9d788aac89f8c82209/element/e85bea37-ae89-4823-a552-47b43427b00e/click HTTP/1.1
User-Agent: selenium/4.8.3 (java windows)
Content-Length: 50
Content-Type: application/json; charset=utf-8
host: localhost:36722
accept: */*

Response DefaultHttpResponse(decodeResult: success, version: HTTP/1.1)
HTTP/1.1 200 OK
Content-Length: 14
Content-Type: application/json; charset=utf-8
cache-control: no-cache

[DEBUG] Adding key: http://localhost:36722 for channel [id: 0xc6006600, L:/127.0.0.1:50733 - R:localhost/127.0.0.1:36722]
[INFO ] 2023-04-16 08:31:26.571 [main] StepDef - clicked on save button
[DEBUG] Using pooled Channel '[id: 0xc6006600, L:/127.0.0.1:50733 - R:localhost/127.0.0.1:36722]' for 'POST' to 'http://localhost:36722/session/157a910c0f3cfa9d788aac89f8c82209/element'
[DEBUG] Using open Channel [id: 0xc6006600, L:/127.0.0.1:50733 - R:localhost/127.0.0.1:36722] for POST '/session/157a910c0f3cfa9d788aac89f8c82209/element'
[DEBUG] 

Request DefaultHttpRequest(decodeResult: success, version: HTTP/1.1)
POST /session/157a910c0f3cfa9d788aac89f8c82209/element HTTP/1.1
User-Agent: selenium/4.8.3 (java windows)
Content-Length: 44
Content-Type: application/json; charset=utf-8
host: localhost:36722
accept: */*

Response DefaultHttpResponse(decodeResult: success, version: HTTP/1.1)
HTTP/1.1 200 OK
Content-Length: 88
Content-Type: application/json; charset=utf-8
cache-control: no-cache

[DEBUG] Adding key: http://localhost:36722 for channel [id: 0xc6006600, L:/127.0.0.1:50733 - R:localhost/127.0.0.1:36722]
[DEBUG] Using pooled Channel '[id: 0xc6006600, L:/127.0.0.1:50733 - R:localhost/127.0.0.1:36722]' for 'GET' to 'http://localhost:36722/session/157a910c0f3cfa9d788aac89f8c82209/element/cb3d77b4-e407-4f0d-a46c-1483eed534c9/text'
[DEBUG] Using open Channel [id: 0xc6006600, L:/127.0.0.1:50733 - R:localhost/127.0.0.1:36722] for GET '/session/157a910c0f3cfa9d788aac89f8c82209/element/cb3d77b4-e407-4f0d-a46c-1483eed534c9/text'
[DEBUG] 

Request DefaultFullHttpRequest(decodeResult: success, version: HTTP/1.1, content: EmptyByteBufBE)
GET /session/157a910c0f3cfa9d788aac89f8c82209/element/cb3d77b4-e407-4f0d-a46c-1483eed534c9/text HTTP/1.1
User-Agent: selenium/4.8.3 (java windows)
Cache-Control: no-cache
Content-Type: application/json; charset=utf-8
host: localhost:36722
accept: */*

Response DefaultHttpResponse(decodeResult: success, version: HTTP/1.1)
HTTP/1.1 200 OK
Content-Length: 1539
Content-Type: application/json; charset=utf-8
cache-control: no-cache

[DEBUG] Adding key: http://localhost:36722 for channel [id: 0xc6006600, L:/127.0.0.1:50733 - R:localhost/127.0.0.1:36722]
[INFO ] 2023-04-16 08:31:26.668 [main] StepDef - User can view confirmation message - passed
[DEBUG] Using pooled Channel '[id: 0xc6006600, L:/127.0.0.1:50733 - R:localhost/127.0.0.1:36722]' for 'DELETE' to 'http://localhost:36722/session/157a910c0f3cfa9d788aac89f8c82209/window'
[DEBUG] Using open Channel [id: 0xc6006600, L:/127.0.0.1:50733 - R:localhost/127.0.0.1:36722] for DELETE '/session/157a910c0f3cfa9d788aac89f8c82209/window'
[DEBUG] Channel Closed: [id: 0x617032d0, L:/127.0.0.1:50740 ! R:localhost/127.0.0.1:50734] with attribute DISCARD
[DEBUG] Channel Closed: [id: 0x01c9bde5, L:/127.0.0.1:50741 ! R:localhost/127.0.0.1:50734] with attribute NettyResponseFuture{currentRetry=0,
	isDone=1,
	isCancelled=0,
	asyncHandler=org.asynchttpclient.ws.WebSocketUpgradeHandler@44f88b3,
	nettyRequest=org.asynchttpclient.netty.request.NettyRequest@4dc8c2a4,
	future=java.util.concurrent.CompletableFuture@16b9f447[Completed normally],
	uri=ws://localhost:50734/devtools/browser/ee197389-dc21-461d-8771-c3d17be4a27d,
	keepAlive=true,
	redirectCount=0,
	timeoutsHolder=null,
	inAuth=0,
	touch=1681648276910}
[DEBUG] Closing Channel [id: 0x01c9bde5, L:/127.0.0.1:50741 ! R:localhost/127.0.0.1:50734] 
[DEBUG] 

Request DefaultFullHttpRequest(decodeResult: success, version: HTTP/1.1, content: EmptyByteBufBE)
DELETE /session/157a910c0f3cfa9d788aac89f8c82209/window HTTP/1.1
User-Agent: selenium/4.8.3 (java windows)
Content-Type: application/json; charset=utf-8
host: localhost:36722
accept: */*

Response DefaultHttpResponse(decodeResult: success, version: HTTP/1.1)
HTTP/1.1 200 OK
Content-Length: 12
Content-Type: application/json; charset=utf-8
cache-control: no-cache

[DEBUG] Adding key: http://localhost:36722 for channel [id: 0xc6006600, L:/127.0.0.1:50733 - R:localhost/127.0.0.1:36722]
[INFO ] 2023-04-16 08:31:26.775 [main] StepDef - Browser closed
Tear Down method executed..
[DEBUG] Using pooled Channel '[id: 0xc6006600, L:/127.0.0.1:50733 - R:localhost/127.0.0.1:36722]' for 'DELETE' to 'http://localhost:36722/session/157a910c0f3cfa9d788aac89f8c82209'
[DEBUG] Using open Channel [id: 0xc6006600, L:/127.0.0.1:50733 - R:localhost/127.0.0.1:36722] for DELETE '/session/157a910c0f3cfa9d788aac89f8c82209'
[DEBUG] 

Request DefaultFullHttpRequest(decodeResult: success, version: HTTP/1.1, content: EmptyByteBufBE)
DELETE /session/157a910c0f3cfa9d788aac89f8c82209 HTTP/1.1
User-Agent: selenium/4.8.3 (java windows)
Content-Type: application/json; charset=utf-8
host: localhost:36722
accept: */*

Response DefaultHttpResponse(decodeResult: success, version: HTTP/1.1)
HTTP/1.1 200 OK
Content-Length: 14
Content-Type: application/json; charset=utf-8
cache-control: no-cache

[DEBUG] Adding key: http://localhost:36722 for channel [id: 0xc6006600, L:/127.0.0.1:50733 - R:localhost/127.0.0.1:36722]
[DEBUG] Channel Closed: [id: 0xc6006600, L:/127.0.0.1:50733 ! R:localhost/127.0.0.1:36722] with attribute DISCARD
]]></system-out>
    <system-err><![CDATA[Starting ChromeDriver 112.0.5615.49 (bd2a7bcb881c11e8cfe3078709382934e3916914-refs/branch-heads/5615@{#936}) on port 36722
Only local connections are allowed.
Please see https://chromedriver.chromium.org/security-considerations for suggestions on keeping ChromeDriver safe.
ChromeDriver was started successfully.
Apr. 16, 2023 8:31:16 A.M. org.openqa.selenium.devtools.CdpVersionFinder findNearestMatch
WARNING: Unable to find an exact match for CDP version 112, so returning the closest version found: 111
]]></system-err>
  </testcase>
  <testcase name="runScenario[&quot;Search Customer by Email&quot;, &quot;Customers&quot;](2)" classname="TestRunner.Run" time="11.745">
    <system-out><![CDATA[Setup-Sanity method executed..
[DEBUG] Resolution chrome=112 in cache (valid until 09:16:16 16/04/2023 EDT)
[DEBUG] Resolution chrome112=112.0.5615.49 in cache (valid until 08:16:16 17/04/2023 EDT)
[INFO] Using chromedriver 112.0.5615.49 (resolved driver for Chrome 112)
[DEBUG] Driver chromedriver 112.0.5615.49 found in cache
[INFO] Exporting webdriver.chrome.driver as C:\Users\ghaya\.cache\selenium\chromedriver\win32\112.0.5615.49\chromedriver.exe
[DEBUG] Entry count for : http://localhost:50734 : 1
[DEBUG] Entry count for : http://localhost:36722 : 1
[DEBUG] Adding Candidate expired Channel [id: 0x617032d0, L:/127.0.0.1:50740 ! R:localhost/127.0.0.1:50734] isIdleTimeoutExpired=false isRemotelyClosed=true isTtlExpired=false
[DEBUG] Closing Idle Channel [id: 0x617032d0, L:/127.0.0.1:50740 ! R:localhost/127.0.0.1:50734]
[DEBUG] Adding Candidate expired Channel [id: 0xc6006600, L:/127.0.0.1:50733 ! R:localhost/127.0.0.1:36722] isIdleTimeoutExpired=false isRemotelyClosed=true isTtlExpired=false
[DEBUG] Closing Idle Channel [id: 0xc6006600, L:/127.0.0.1:50733 ! R:localhost/127.0.0.1:36722]
[DEBUG] Closed 2 connections out of 2 in 0 ms
[DEBUG] Using new Channel '[id: 0x14146d1e, L:/127.0.0.1:50758 - R:localhost/127.0.0.1:43898]' for 'POST' to '/session'
[DEBUG] 

Request DefaultHttpRequest(decodeResult: success, version: HTTP/1.1)
POST /session HTTP/1.1
User-Agent: selenium/4.8.3 (java windows)
Content-Length: 439
Content-Type: application/json; charset=utf-8
host: localhost:43898
accept: */*

Response DefaultHttpResponse(decodeResult: success, version: HTTP/1.1)
HTTP/1.1 200 OK
Content-Length: 859
Content-Type: application/json; charset=utf-8
cache-control: no-cache

[DEBUG] Adding key: http://localhost:43898 for channel [id: 0x14146d1e, L:/127.0.0.1:50758 - R:localhost/127.0.0.1:43898]
[DEBUG] Using new Channel '[id: 0x66f14181, L:/127.0.0.1:50765 - R:localhost/127.0.0.1:50759]' for 'GET' to '/json/version'
[DEBUG] 

Request DefaultFullHttpRequest(decodeResult: success, version: HTTP/1.1, content: EmptyByteBufBE)
GET /json/version HTTP/1.1
User-Agent: selenium/4.8.3 (java windows)
host: localhost:50759
accept: */*

Response DefaultHttpResponse(decodeResult: success, version: HTTP/1.1)
HTTP/1.1 200 OK
Content-Security-Policy: frame-ancestors 'none'
Content-Length: 422
Content-Type: application/json; charset=UTF-8

[DEBUG] Adding key: http://localhost:50759 for channel [id: 0x66f14181, L:/127.0.0.1:50765 - R:localhost/127.0.0.1:50759]
[DEBUG] Using new Channel '[id: 0x7aecb274, L:/127.0.0.1:50766 - R:localhost/127.0.0.1:50759]' for 'GET' to '/devtools/browser/e25a24b8-c501-48af-a44c-ae6e3bf29daa'
[DEBUG] 

Request DefaultFullHttpRequest(decodeResult: success, version: HTTP/1.1, content: EmptyByteBufBE)
GET /devtools/browser/e25a24b8-c501-48af-a44c-ae6e3bf29daa HTTP/1.1
upgrade: websocket
connection: upgrade
sec-websocket-key: u7gPFlQaDpQvtbWm8DTF6w==
sec-websocket-version: 13
origin: http://localhost:50759
host: localhost:50759
accept: */*
user-agent: AHC/2.1

Response DefaultHttpResponse(decodeResult: success, version: HTTP/1.1)
HTTP/1.1 101 WebSocket Protocol Handshake
Upgrade: WebSocket
Connection: Upgrade
Sec-WebSocket-Accept: kDI93aBBIvd3tTHLR1Lqb+3Onls=

[DEBUG] Entry count for : http://localhost:50759 : 1
[DEBUG] Entry count for : http://localhost:43898 : 1
[FATAL] 2023-04-16 08:31:28.590 [main] StepDef - Setup1 executed...
[INFO ] 2023-04-16 08:31:28.593 [main] StepDef - chrome browser launched
[DEBUG] Using pooled Channel '[id: 0x14146d1e, L:/127.0.0.1:50758 - R:localhost/127.0.0.1:43898]' for 'POST' to 'http://localhost:43898/session/7f91aef6d1d09fe3749d3adfa31694e2/url'
[DEBUG] Using open Channel [id: 0x14146d1e, L:/127.0.0.1:50758 - R:localhost/127.0.0.1:43898] for POST '/session/7f91aef6d1d09fe3749d3adfa31694e2/url'
[DEBUG] 

Request DefaultHttpRequest(decodeResult: success, version: HTTP/1.1)
POST /session/7f91aef6d1d09fe3749d3adfa31694e2/url HTTP/1.1
User-Agent: selenium/4.8.3 (java windows)
Content-Length: 69
Content-Type: application/json; charset=utf-8
host: localhost:43898
accept: */*

Response DefaultHttpResponse(decodeResult: success, version: HTTP/1.1)
HTTP/1.1 200 OK
Content-Length: 14
Content-Type: application/json; charset=utf-8
cache-control: no-cache

[DEBUG] Adding key: http://localhost:43898 for channel [id: 0x14146d1e, L:/127.0.0.1:50758 - R:localhost/127.0.0.1:43898]
[INFO ] 2023-04-16 08:31:29.519 [main] StepDef - url opened
[DEBUG] Using pooled Channel '[id: 0x14146d1e, L:/127.0.0.1:50758 - R:localhost/127.0.0.1:43898]' for 'POST' to 'http://localhost:43898/session/7f91aef6d1d09fe3749d3adfa31694e2/element'
[DEBUG] Using open Channel [id: 0x14146d1e, L:/127.0.0.1:50758 - R:localhost/127.0.0.1:43898] for POST '/session/7f91aef6d1d09fe3749d3adfa31694e2/element'
[DEBUG] 

Request DefaultHttpRequest(decodeResult: success, version: HTTP/1.1)
POST /session/7f91aef6d1d09fe3749d3adfa31694e2/element HTTP/1.1
User-Agent: selenium/4.8.3 (java windows)
Content-Length: 50
Content-Type: application/json; charset=utf-8
host: localhost:43898
accept: */*

Response DefaultHttpResponse(decodeResult: success, version: HTTP/1.1)
HTTP/1.1 200 OK
Content-Length: 88
Content-Type: application/json; charset=utf-8
cache-control: no-cache

[DEBUG] Adding key: http://localhost:43898 for channel [id: 0x14146d1e, L:/127.0.0.1:50758 - R:localhost/127.0.0.1:43898]
[DEBUG] Using pooled Channel '[id: 0x14146d1e, L:/127.0.0.1:50758 - R:localhost/127.0.0.1:43898]' for 'POST' to 'http://localhost:43898/session/7f91aef6d1d09fe3749d3adfa31694e2/element/37ab62b7-60cf-438d-8a65-d2586f49ce6a/clear'
[DEBUG] Using open Channel [id: 0x14146d1e, L:/127.0.0.1:50758 - R:localhost/127.0.0.1:43898] for POST '/session/7f91aef6d1d09fe3749d3adfa31694e2/element/37ab62b7-60cf-438d-8a65-d2586f49ce6a/clear'
[DEBUG] 

Request DefaultHttpRequest(decodeResult: success, version: HTTP/1.1)
POST /session/7f91aef6d1d09fe3749d3adfa31694e2/element/37ab62b7-60cf-438d-8a65-d2586f49ce6a/clear HTTP/1.1
User-Agent: selenium/4.8.3 (java windows)
Content-Length: 50
Content-Type: application/json; charset=utf-8
host: localhost:43898
accept: */*

Response DefaultHttpResponse(decodeResult: success, version: HTTP/1.1)
HTTP/1.1 200 OK
Content-Length: 14
Content-Type: application/json; charset=utf-8
cache-control: no-cache

[DEBUG] Adding key: http://localhost:43898 for channel [id: 0x14146d1e, L:/127.0.0.1:50758 - R:localhost/127.0.0.1:43898]
[DEBUG] Using pooled Channel '[id: 0x14146d1e, L:/127.0.0.1:50758 - R:localhost/127.0.0.1:43898]' for 'POST' to 'http://localhost:43898/session/7f91aef6d1d09fe3749d3adfa31694e2/element'
[DEBUG] Using open Channel [id: 0x14146d1e, L:/127.0.0.1:50758 - R:localhost/127.0.0.1:43898] for POST '/session/7f91aef6d1d09fe3749d3adfa31694e2/element'
[DEBUG] 

Request DefaultHttpRequest(decodeResult: success, version: HTTP/1.1)
POST /session/7f91aef6d1d09fe3749d3adfa31694e2/element HTTP/1.1
User-Agent: selenium/4.8.3 (java windows)
Content-Length: 50
Content-Type: application/json; charset=utf-8
host: localhost:43898
accept: */*

Response DefaultHttpResponse(decodeResult: success, version: HTTP/1.1)
HTTP/1.1 200 OK
Content-Length: 88
Content-Type: application/json; charset=utf-8
cache-control: no-cache

[DEBUG] Adding key: http://localhost:43898 for channel [id: 0x14146d1e, L:/127.0.0.1:50758 - R:localhost/127.0.0.1:43898]
[DEBUG] Using pooled Channel '[id: 0x14146d1e, L:/127.0.0.1:50758 - R:localhost/127.0.0.1:43898]' for 'POST' to 'http://localhost:43898/session/7f91aef6d1d09fe3749d3adfa31694e2/element/37ab62b7-60cf-438d-8a65-d2586f49ce6a/value'
[DEBUG] Using open Channel [id: 0x14146d1e, L:/127.0.0.1:50758 - R:localhost/127.0.0.1:43898] for POST '/session/7f91aef6d1d09fe3749d3adfa31694e2/element/37ab62b7-60cf-438d-8a65-d2586f49ce6a/value'
[DEBUG] 

Request DefaultHttpRequest(decodeResult: success, version: HTTP/1.1)
POST /session/7f91aef6d1d09fe3749d3adfa31694e2/element/37ab62b7-60cf-438d-8a65-d2586f49ce6a/value HTTP/1.1
User-Agent: selenium/4.8.3 (java windows)
Content-Length: 271
Content-Type: application/json; charset=utf-8
host: localhost:43898
accept: */*

Response DefaultHttpResponse(decodeResult: success, version: HTTP/1.1)
HTTP/1.1 200 OK
Content-Length: 14
Content-Type: application/json; charset=utf-8
cache-control: no-cache

[DEBUG] Adding key: http://localhost:43898 for channel [id: 0x14146d1e, L:/127.0.0.1:50758 - R:localhost/127.0.0.1:43898]
[DEBUG] Using pooled Channel '[id: 0x14146d1e, L:/127.0.0.1:50758 - R:localhost/127.0.0.1:43898]' for 'POST' to 'http://localhost:43898/session/7f91aef6d1d09fe3749d3adfa31694e2/element'
[DEBUG] Using open Channel [id: 0x14146d1e, L:/127.0.0.1:50758 - R:localhost/127.0.0.1:43898] for POST '/session/7f91aef6d1d09fe3749d3adfa31694e2/element'
[DEBUG] 

Request DefaultHttpRequest(decodeResult: success, version: HTTP/1.1)
POST /session/7f91aef6d1d09fe3749d3adfa31694e2/element HTTP/1.1
User-Agent: selenium/4.8.3 (java windows)
Content-Length: 53
Content-Type: application/json; charset=utf-8
host: localhost:43898
accept: */*

Response DefaultHttpResponse(decodeResult: success, version: HTTP/1.1)
HTTP/1.1 200 OK
Content-Length: 88
Content-Type: application/json; charset=utf-8
cache-control: no-cache

[DEBUG] Adding key: http://localhost:43898 for channel [id: 0x14146d1e, L:/127.0.0.1:50758 - R:localhost/127.0.0.1:43898]
[DEBUG] Using pooled Channel '[id: 0x14146d1e, L:/127.0.0.1:50758 - R:localhost/127.0.0.1:43898]' for 'POST' to 'http://localhost:43898/session/7f91aef6d1d09fe3749d3adfa31694e2/element/b66485d1-757f-4260-9bf5-e07fdc80ba66/clear'
[DEBUG] Using open Channel [id: 0x14146d1e, L:/127.0.0.1:50758 - R:localhost/127.0.0.1:43898] for POST '/session/7f91aef6d1d09fe3749d3adfa31694e2/element/b66485d1-757f-4260-9bf5-e07fdc80ba66/clear'
[DEBUG] 

Request DefaultHttpRequest(decodeResult: success, version: HTTP/1.1)
POST /session/7f91aef6d1d09fe3749d3adfa31694e2/element/b66485d1-757f-4260-9bf5-e07fdc80ba66/clear HTTP/1.1
User-Agent: selenium/4.8.3 (java windows)
Content-Length: 50
Content-Type: application/json; charset=utf-8
host: localhost:43898
accept: */*

Response DefaultHttpResponse(decodeResult: success, version: HTTP/1.1)
HTTP/1.1 200 OK
Content-Length: 14
Content-Type: application/json; charset=utf-8
cache-control: no-cache

[DEBUG] Adding key: http://localhost:43898 for channel [id: 0x14146d1e, L:/127.0.0.1:50758 - R:localhost/127.0.0.1:43898]
[DEBUG] Using pooled Channel '[id: 0x14146d1e, L:/127.0.0.1:50758 - R:localhost/127.0.0.1:43898]' for 'POST' to 'http://localhost:43898/session/7f91aef6d1d09fe3749d3adfa31694e2/element'
[DEBUG] Using open Channel [id: 0x14146d1e, L:/127.0.0.1:50758 - R:localhost/127.0.0.1:43898] for POST '/session/7f91aef6d1d09fe3749d3adfa31694e2/element'
[DEBUG] 

Request DefaultHttpRequest(decodeResult: success, version: HTTP/1.1)
POST /session/7f91aef6d1d09fe3749d3adfa31694e2/element HTTP/1.1
User-Agent: selenium/4.8.3 (java windows)
Content-Length: 53
Content-Type: application/json; charset=utf-8
host: localhost:43898
accept: */*

Response DefaultHttpResponse(decodeResult: success, version: HTTP/1.1)
HTTP/1.1 200 OK
Content-Length: 88
Content-Type: application/json; charset=utf-8
cache-control: no-cache

[DEBUG] Adding key: http://localhost:43898 for channel [id: 0x14146d1e, L:/127.0.0.1:50758 - R:localhost/127.0.0.1:43898]
[DEBUG] Using pooled Channel '[id: 0x14146d1e, L:/127.0.0.1:50758 - R:localhost/127.0.0.1:43898]' for 'POST' to 'http://localhost:43898/session/7f91aef6d1d09fe3749d3adfa31694e2/element/b66485d1-757f-4260-9bf5-e07fdc80ba66/value'
[DEBUG] Using open Channel [id: 0x14146d1e, L:/127.0.0.1:50758 - R:localhost/127.0.0.1:43898] for POST '/session/7f91aef6d1d09fe3749d3adfa31694e2/element/b66485d1-757f-4260-9bf5-e07fdc80ba66/value'
[DEBUG] 

Request DefaultHttpRequest(decodeResult: success, version: HTTP/1.1)
POST /session/7f91aef6d1d09fe3749d3adfa31694e2/element/b66485d1-757f-4260-9bf5-e07fdc80ba66/value HTTP/1.1
User-Agent: selenium/4.8.3 (java windows)
Content-Length: 131
Content-Type: application/json; charset=utf-8
host: localhost:43898
accept: */*

Response DefaultHttpResponse(decodeResult: success, version: HTTP/1.1)
HTTP/1.1 200 OK
Content-Length: 14
Content-Type: application/json; charset=utf-8
cache-control: no-cache

[DEBUG] Adding key: http://localhost:43898 for channel [id: 0x14146d1e, L:/127.0.0.1:50758 - R:localhost/127.0.0.1:43898]
[INFO ] 2023-04-16 08:31:29.643 [main] StepDef - email address and password entered
[DEBUG] Using pooled Channel '[id: 0x14146d1e, L:/127.0.0.1:50758 - R:localhost/127.0.0.1:43898]' for 'POST' to 'http://localhost:43898/session/7f91aef6d1d09fe3749d3adfa31694e2/element'
[DEBUG] Using open Channel [id: 0x14146d1e, L:/127.0.0.1:50758 - R:localhost/127.0.0.1:43898] for POST '/session/7f91aef6d1d09fe3749d3adfa31694e2/element'
[DEBUG] 

Request DefaultHttpRequest(decodeResult: success, version: HTTP/1.1)
POST /session/7f91aef6d1d09fe3749d3adfa31694e2/element HTTP/1.1
User-Agent: selenium/4.8.3 (java windows)
Content-Length: 87
Content-Type: application/json; charset=utf-8
host: localhost:43898
accept: */*

Response DefaultHttpResponse(decodeResult: success, version: HTTP/1.1)
HTTP/1.1 200 OK
Content-Length: 88
Content-Type: application/json; charset=utf-8
cache-control: no-cache

[DEBUG] Adding key: http://localhost:43898 for channel [id: 0x14146d1e, L:/127.0.0.1:50758 - R:localhost/127.0.0.1:43898]
[DEBUG] Using pooled Channel '[id: 0x14146d1e, L:/127.0.0.1:50758 - R:localhost/127.0.0.1:43898]' for 'POST' to 'http://localhost:43898/session/7f91aef6d1d09fe3749d3adfa31694e2/element/6ab302ef-e796-4da0-ae8f-befd84046214/click'
[DEBUG] Using open Channel [id: 0x14146d1e, L:/127.0.0.1:50758 - R:localhost/127.0.0.1:43898] for POST '/session/7f91aef6d1d09fe3749d3adfa31694e2/element/6ab302ef-e796-4da0-ae8f-befd84046214/click'
[DEBUG] Entry count for : http://localhost:50759 : 1
[DEBUG] Entry count for : http://localhost:50759 : 1
[DEBUG] 

Request DefaultHttpRequest(decodeResult: success, version: HTTP/1.1)
POST /session/7f91aef6d1d09fe3749d3adfa31694e2/element/6ab302ef-e796-4da0-ae8f-befd84046214/click HTTP/1.1
User-Agent: selenium/4.8.3 (java windows)
Content-Length: 50
Content-Type: application/json; charset=utf-8
host: localhost:43898
accept: */*

Response DefaultHttpResponse(decodeResult: success, version: HTTP/1.1)
HTTP/1.1 200 OK
Content-Length: 14
Content-Type: application/json; charset=utf-8
cache-control: no-cache

[DEBUG] Adding key: http://localhost:43898 for channel [id: 0x14146d1e, L:/127.0.0.1:50758 - R:localhost/127.0.0.1:43898]
[INFO ] 2023-04-16 08:31:31.634 [main] StepDef - Clicked on login button
[DEBUG] Using pooled Channel '[id: 0x14146d1e, L:/127.0.0.1:50758 - R:localhost/127.0.0.1:43898]' for 'GET' to 'http://localhost:43898/session/7f91aef6d1d09fe3749d3adfa31694e2/title'
[DEBUG] Using open Channel [id: 0x14146d1e, L:/127.0.0.1:50758 - R:localhost/127.0.0.1:43898] for GET '/session/7f91aef6d1d09fe3749d3adfa31694e2/title'
[DEBUG] 

Request DefaultFullHttpRequest(decodeResult: success, version: HTTP/1.1, content: EmptyByteBufBE)
GET /session/7f91aef6d1d09fe3749d3adfa31694e2/title HTTP/1.1
User-Agent: selenium/4.8.3 (java windows)
Cache-Control: no-cache
Content-Type: application/json; charset=utf-8
host: localhost:43898
accept: */*

Response DefaultHttpResponse(decodeResult: success, version: HTTP/1.1)
HTTP/1.1 200 OK
Content-Length: 50
Content-Type: application/json; charset=utf-8
cache-control: no-cache

[DEBUG] Adding key: http://localhost:43898 for channel [id: 0x14146d1e, L:/127.0.0.1:50758 - R:localhost/127.0.0.1:43898]
[INFO ] 2023-04-16 08:31:31.647 [main] StepDef - user can view dashboard test passed.
[DEBUG] Using pooled Channel '[id: 0x14146d1e, L:/127.0.0.1:50758 - R:localhost/127.0.0.1:43898]' for 'POST' to 'http://localhost:43898/session/7f91aef6d1d09fe3749d3adfa31694e2/element'
[DEBUG] Using open Channel [id: 0x14146d1e, L:/127.0.0.1:50758 - R:localhost/127.0.0.1:43898] for POST '/session/7f91aef6d1d09fe3749d3adfa31694e2/element'
[DEBUG] 

Request DefaultHttpRequest(decodeResult: success, version: HTTP/1.1)
POST /session/7f91aef6d1d09fe3749d3adfa31694e2/element HTTP/1.1
User-Agent: selenium/4.8.3 (java windows)
Content-Length: 104
Content-Type: application/json; charset=utf-8
host: localhost:43898
accept: */*

Response DefaultHttpResponse(decodeResult: success, version: HTTP/1.1)
HTTP/1.1 200 OK
Content-Length: 88
Content-Type: application/json; charset=utf-8
cache-control: no-cache

[DEBUG] Adding key: http://localhost:43898 for channel [id: 0x14146d1e, L:/127.0.0.1:50758 - R:localhost/127.0.0.1:43898]
[DEBUG] Using pooled Channel '[id: 0x14146d1e, L:/127.0.0.1:50758 - R:localhost/127.0.0.1:43898]' for 'POST' to 'http://localhost:43898/session/7f91aef6d1d09fe3749d3adfa31694e2/element/441ce0bd-c407-4357-bd2f-b47cd6b7d047/click'
[DEBUG] Using open Channel [id: 0x14146d1e, L:/127.0.0.1:50758 - R:localhost/127.0.0.1:43898] for POST '/session/7f91aef6d1d09fe3749d3adfa31694e2/element/441ce0bd-c407-4357-bd2f-b47cd6b7d047/click'
[DEBUG] 

Request DefaultHttpRequest(decodeResult: success, version: HTTP/1.1)
POST /session/7f91aef6d1d09fe3749d3adfa31694e2/element/441ce0bd-c407-4357-bd2f-b47cd6b7d047/click HTTP/1.1
User-Agent: selenium/4.8.3 (java windows)
Content-Length: 50
Content-Type: application/json; charset=utf-8
host: localhost:43898
accept: */*

Response DefaultHttpResponse(decodeResult: success, version: HTTP/1.1)
HTTP/1.1 200 OK
Content-Length: 14
Content-Type: application/json; charset=utf-8
cache-control: no-cache

[DEBUG] Adding key: http://localhost:43898 for channel [id: 0x14146d1e, L:/127.0.0.1:50758 - R:localhost/127.0.0.1:43898]
[INFO ] 2023-04-16 08:31:31.684 [main] StepDef - customer menu clicked
[DEBUG] Entry count for : http://localhost:50759 : 1
[DEBUG] Entry count for : http://localhost:43898 : 1
[DEBUG] Entry count for : http://localhost:50759 : 1
[DEBUG] Entry count for : http://localhost:43898 : 1
[DEBUG] Using pooled Channel '[id: 0x14146d1e, L:/127.0.0.1:50758 - R:localhost/127.0.0.1:43898]' for 'POST' to 'http://localhost:43898/session/7f91aef6d1d09fe3749d3adfa31694e2/element'
[DEBUG] Using open Channel [id: 0x14146d1e, L:/127.0.0.1:50758 - R:localhost/127.0.0.1:43898] for POST '/session/7f91aef6d1d09fe3749d3adfa31694e2/element'
[DEBUG] 

Request DefaultHttpRequest(decodeResult: success, version: HTTP/1.1)
POST /session/7f91aef6d1d09fe3749d3adfa31694e2/element HTTP/1.1
User-Agent: selenium/4.8.3 (java windows)
Content-Length: 138
Content-Type: application/json; charset=utf-8
host: localhost:43898
accept: */*

Response DefaultHttpResponse(decodeResult: success, version: HTTP/1.1)
HTTP/1.1 200 OK
Content-Length: 88
Content-Type: application/json; charset=utf-8
cache-control: no-cache

[DEBUG] Adding key: http://localhost:43898 for channel [id: 0x14146d1e, L:/127.0.0.1:50758 - R:localhost/127.0.0.1:43898]
[DEBUG] Using pooled Channel '[id: 0x14146d1e, L:/127.0.0.1:50758 - R:localhost/127.0.0.1:43898]' for 'POST' to 'http://localhost:43898/session/7f91aef6d1d09fe3749d3adfa31694e2/element/e11da280-c25a-454c-aa3a-caac14883f10/click'
[DEBUG] Using open Channel [id: 0x14146d1e, L:/127.0.0.1:50758 - R:localhost/127.0.0.1:43898] for POST '/session/7f91aef6d1d09fe3749d3adfa31694e2/element/e11da280-c25a-454c-aa3a-caac14883f10/click'
[DEBUG] Entry count for : http://localhost:50759 : 1
[DEBUG] 

Request DefaultHttpRequest(decodeResult: success, version: HTTP/1.1)
POST /session/7f91aef6d1d09fe3749d3adfa31694e2/element/e11da280-c25a-454c-aa3a-caac14883f10/click HTTP/1.1
User-Agent: selenium/4.8.3 (java windows)
Content-Length: 50
Content-Type: application/json; charset=utf-8
host: localhost:43898
accept: */*

Response DefaultHttpResponse(decodeResult: success, version: HTTP/1.1)
HTTP/1.1 200 OK
Content-Length: 14
Content-Type: application/json; charset=utf-8
cache-control: no-cache

[DEBUG] Adding key: http://localhost:43898 for channel [id: 0x14146d1e, L:/127.0.0.1:50758 - R:localhost/127.0.0.1:43898]
[INFO ] 2023-04-16 08:31:34.251 [main] StepDef - customer menu item clicked
[DEBUG] Entry count for : http://localhost:50759 : 1
[DEBUG] Entry count for : http://localhost:43898 : 1
[DEBUG] Using pooled Channel '[id: 0x14146d1e, L:/127.0.0.1:50758 - R:localhost/127.0.0.1:43898]' for 'POST' to 'http://localhost:43898/session/7f91aef6d1d09fe3749d3adfa31694e2/element'
[DEBUG] Using open Channel [id: 0x14146d1e, L:/127.0.0.1:50758 - R:localhost/127.0.0.1:43898] for POST '/session/7f91aef6d1d09fe3749d3adfa31694e2/element'
[DEBUG] 

Request DefaultHttpRequest(decodeResult: success, version: HTTP/1.1)
POST /session/7f91aef6d1d09fe3749d3adfa31694e2/element HTTP/1.1
User-Agent: selenium/4.8.3 (java windows)
Content-Length: 56
Content-Type: application/json; charset=utf-8
host: localhost:43898
accept: */*

Response DefaultHttpResponse(decodeResult: success, version: HTTP/1.1)
HTTP/1.1 200 OK
Content-Length: 88
Content-Type: application/json; charset=utf-8
cache-control: no-cache

[DEBUG] Adding key: http://localhost:43898 for channel [id: 0x14146d1e, L:/127.0.0.1:50758 - R:localhost/127.0.0.1:43898]
[DEBUG] Using pooled Channel '[id: 0x14146d1e, L:/127.0.0.1:50758 - R:localhost/127.0.0.1:43898]' for 'POST' to 'http://localhost:43898/session/7f91aef6d1d09fe3749d3adfa31694e2/element/c3be35fd-2d0f-4cc2-8e47-6055ee7d4c65/value'
[DEBUG] Using open Channel [id: 0x14146d1e, L:/127.0.0.1:50758 - R:localhost/127.0.0.1:43898] for POST '/session/7f91aef6d1d09fe3749d3adfa31694e2/element/c3be35fd-2d0f-4cc2-8e47-6055ee7d4c65/value'
[DEBUG] Entry count for : http://localhost:50759 : 1
[DEBUG] 

Request DefaultHttpRequest(decodeResult: success, version: HTTP/1.1)
POST /session/7f91aef6d1d09fe3749d3adfa31694e2/element/c3be35fd-2d0f-4cc2-8e47-6055ee7d4c65/value HTTP/1.1
User-Agent: selenium/4.8.3 (java windows)
Content-Length: 411
Content-Type: application/json; charset=utf-8
host: localhost:43898
accept: */*

Response DefaultHttpResponse(decodeResult: success, version: HTTP/1.1)
HTTP/1.1 200 OK
Content-Length: 14
Content-Type: application/json; charset=utf-8
cache-control: no-cache

[DEBUG] Adding key: http://localhost:43898 for channel [id: 0x14146d1e, L:/127.0.0.1:50758 - R:localhost/127.0.0.1:43898]
[INFO ] 2023-04-16 08:31:36.339 [main] StepDef - Email address entered
[DEBUG] Using pooled Channel '[id: 0x14146d1e, L:/127.0.0.1:50758 - R:localhost/127.0.0.1:43898]' for 'POST' to 'http://localhost:43898/session/7f91aef6d1d09fe3749d3adfa31694e2/element'
[DEBUG] Using open Channel [id: 0x14146d1e, L:/127.0.0.1:50758 - R:localhost/127.0.0.1:43898] for POST '/session/7f91aef6d1d09fe3749d3adfa31694e2/element'
[DEBUG] 

Request DefaultHttpRequest(decodeResult: success, version: HTTP/1.1)
POST /session/7f91aef6d1d09fe3749d3adfa31694e2/element HTTP/1.1
User-Agent: selenium/4.8.3 (java windows)
Content-Length: 63
Content-Type: application/json; charset=utf-8
host: localhost:43898
accept: */*

Response DefaultHttpResponse(decodeResult: success, version: HTTP/1.1)
HTTP/1.1 200 OK
Content-Length: 88
Content-Type: application/json; charset=utf-8
cache-control: no-cache

[DEBUG] Adding key: http://localhost:43898 for channel [id: 0x14146d1e, L:/127.0.0.1:50758 - R:localhost/127.0.0.1:43898]
[DEBUG] Using pooled Channel '[id: 0x14146d1e, L:/127.0.0.1:50758 - R:localhost/127.0.0.1:43898]' for 'POST' to 'http://localhost:43898/session/7f91aef6d1d09fe3749d3adfa31694e2/element/51712dfa-e0bf-4bac-83e5-8e663e0673ae/click'
[DEBUG] Using open Channel [id: 0x14146d1e, L:/127.0.0.1:50758 - R:localhost/127.0.0.1:43898] for POST '/session/7f91aef6d1d09fe3749d3adfa31694e2/element/51712dfa-e0bf-4bac-83e5-8e663e0673ae/click'
[DEBUG] 

Request DefaultHttpRequest(decodeResult: success, version: HTTP/1.1)
POST /session/7f91aef6d1d09fe3749d3adfa31694e2/element/51712dfa-e0bf-4bac-83e5-8e663e0673ae/click HTTP/1.1
User-Agent: selenium/4.8.3 (java windows)
Content-Length: 50
Content-Type: application/json; charset=utf-8
host: localhost:43898
accept: */*

Response DefaultHttpResponse(decodeResult: success, version: HTTP/1.1)
HTTP/1.1 200 OK
Content-Length: 14
Content-Type: application/json; charset=utf-8
cache-control: no-cache

[DEBUG] Adding key: http://localhost:43898 for channel [id: 0x14146d1e, L:/127.0.0.1:50758 - R:localhost/127.0.0.1:43898]
[INFO ] 2023-04-16 08:31:36.372 [main] StepDef - Clicked on search button.
[DEBUG] Entry count for : http://localhost:50759 : 1
[DEBUG] Entry count for : http://localhost:43898 : 1
[DEBUG] Using pooled Channel '[id: 0x14146d1e, L:/127.0.0.1:50758 - R:localhost/127.0.0.1:43898]' for 'POST' to 'http://localhost:43898/session/7f91aef6d1d09fe3749d3adfa31694e2/elements'
[DEBUG] Using open Channel [id: 0x14146d1e, L:/127.0.0.1:50758 - R:localhost/127.0.0.1:43898] for POST '/session/7f91aef6d1d09fe3749d3adfa31694e2/elements'
[DEBUG] 

Request DefaultHttpRequest(decodeResult: success, version: HTTP/1.1)
POST /session/7f91aef6d1d09fe3749d3adfa31694e2/elements HTTP/1.1
User-Agent: selenium/4.8.3 (java windows)
Content-Length: 101
Content-Type: application/json; charset=utf-8
host: localhost:43898
accept: */*

Response DefaultHttpResponse(decodeResult: success, version: HTTP/1.1)
HTTP/1.1 200 OK
Content-Length: 90
Content-Type: application/json; charset=utf-8
cache-control: no-cache

[DEBUG] Adding key: http://localhost:43898 for channel [id: 0x14146d1e, L:/127.0.0.1:50758 - R:localhost/127.0.0.1:43898]
Searching row:1
[DEBUG] Using pooled Channel '[id: 0x14146d1e, L:/127.0.0.1:50758 - R:localhost/127.0.0.1:43898]' for 'POST' to 'http://localhost:43898/session/7f91aef6d1d09fe3749d3adfa31694e2/element'
[DEBUG] Using open Channel [id: 0x14146d1e, L:/127.0.0.1:50758 - R:localhost/127.0.0.1:43898] for POST '/session/7f91aef6d1d09fe3749d3adfa31694e2/element'
[DEBUG] 

Request DefaultHttpRequest(decodeResult: success, version: HTTP/1.1)
POST /session/7f91aef6d1d09fe3749d3adfa31694e2/element HTTP/1.1
User-Agent: selenium/4.8.3 (java windows)
Content-Length: 115
Content-Type: application/json; charset=utf-8
host: localhost:43898
accept: */*

Response DefaultHttpResponse(decodeResult: success, version: HTTP/1.1)
HTTP/1.1 200 OK
Content-Length: 88
Content-Type: application/json; charset=utf-8
cache-control: no-cache

[DEBUG] Adding key: http://localhost:43898 for channel [id: 0x14146d1e, L:/127.0.0.1:50758 - R:localhost/127.0.0.1:43898]
[DEBUG] Using pooled Channel '[id: 0x14146d1e, L:/127.0.0.1:50758 - R:localhost/127.0.0.1:43898]' for 'GET' to 'http://localhost:43898/session/7f91aef6d1d09fe3749d3adfa31694e2/element/3ef58047-5348-46b6-820f-ac51fefa2f76/text'
[DEBUG] Using open Channel [id: 0x14146d1e, L:/127.0.0.1:50758 - R:localhost/127.0.0.1:43898] for GET '/session/7f91aef6d1d09fe3749d3adfa31694e2/element/3ef58047-5348-46b6-820f-ac51fefa2f76/text'
[DEBUG] 

Request DefaultFullHttpRequest(decodeResult: success, version: HTTP/1.1, content: EmptyByteBufBE)
GET /session/7f91aef6d1d09fe3749d3adfa31694e2/element/3ef58047-5348-46b6-820f-ac51fefa2f76/text HTTP/1.1
User-Agent: selenium/4.8.3 (java windows)
Cache-Control: no-cache
Content-Type: application/json; charset=utf-8
host: localhost:43898
accept: */*

Response DefaultHttpResponse(decodeResult: success, version: HTTP/1.1)
HTTP/1.1 200 OK
Content-Length: 45
Content-Type: application/json; charset=utf-8
cache-control: no-cache

[DEBUG] Adding key: http://localhost:43898 for channel [id: 0x14146d1e, L:/127.0.0.1:50758 - R:localhost/127.0.0.1:43898]
victoria_victoria@nopCommerce.com
[DEBUG] Using pooled Channel '[id: 0x14146d1e, L:/127.0.0.1:50758 - R:localhost/127.0.0.1:43898]' for 'POST' to 'http://localhost:43898/session/7f91aef6d1d09fe3749d3adfa31694e2/elements'
[DEBUG] Using open Channel [id: 0x14146d1e, L:/127.0.0.1:50758 - R:localhost/127.0.0.1:43898] for POST '/session/7f91aef6d1d09fe3749d3adfa31694e2/elements'
[DEBUG] 

Request DefaultHttpRequest(decodeResult: success, version: HTTP/1.1)
POST /session/7f91aef6d1d09fe3749d3adfa31694e2/elements HTTP/1.1
User-Agent: selenium/4.8.3 (java windows)
Content-Length: 101
Content-Type: application/json; charset=utf-8
host: localhost:43898
accept: */*

Response DefaultHttpResponse(decodeResult: success, version: HTTP/1.1)
HTTP/1.1 200 OK
Content-Length: 90
Content-Type: application/json; charset=utf-8
cache-control: no-cache

[DEBUG] Adding key: http://localhost:43898 for channel [id: 0x14146d1e, L:/127.0.0.1:50758 - R:localhost/127.0.0.1:43898]
[DEBUG] Using pooled Channel '[id: 0x14146d1e, L:/127.0.0.1:50758 - R:localhost/127.0.0.1:43898]' for 'DELETE' to 'http://localhost:43898/session/7f91aef6d1d09fe3749d3adfa31694e2/window'
[DEBUG] Using open Channel [id: 0x14146d1e, L:/127.0.0.1:50758 - R:localhost/127.0.0.1:43898] for DELETE '/session/7f91aef6d1d09fe3749d3adfa31694e2/window'
[DEBUG] Channel Closed: [id: 0x66f14181, L:/127.0.0.1:50765 ! R:localhost/127.0.0.1:50759] with attribute DISCARD
[DEBUG] Channel Closed: [id: 0x7aecb274, L:/127.0.0.1:50766 ! R:localhost/127.0.0.1:50759] with attribute NettyResponseFuture{currentRetry=0,
	isDone=1,
	isCancelled=0,
	asyncHandler=org.asynchttpclient.ws.WebSocketUpgradeHandler@2ad6a65,
	nettyRequest=org.asynchttpclient.netty.request.NettyRequest@47aff454,
	future=java.util.concurrent.CompletableFuture@6752181d[Completed normally],
	uri=ws://localhost:50759/devtools/browser/e25a24b8-c501-48af-a44c-ae6e3bf29daa,
	keepAlive=true,
	redirectCount=0,
	timeoutsHolder=null,
	inAuth=0,
	touch=1681648288588}
[DEBUG] Closing Channel [id: 0x7aecb274, L:/127.0.0.1:50766 ! R:localhost/127.0.0.1:50759] 
[DEBUG] Entry count for : http://localhost:50759 : 1
[DEBUG] Adding Candidate expired Channel [id: 0x66f14181, L:/127.0.0.1:50765 ! R:localhost/127.0.0.1:50759] isIdleTimeoutExpired=false isRemotelyClosed=true isTtlExpired=false
[DEBUG] Closing Idle Channel [id: 0x66f14181, L:/127.0.0.1:50765 ! R:localhost/127.0.0.1:50759]
[DEBUG] Closed 1 connections out of 1 in 0 ms
[DEBUG] 

Request DefaultFullHttpRequest(decodeResult: success, version: HTTP/1.1, content: EmptyByteBufBE)
DELETE /session/7f91aef6d1d09fe3749d3adfa31694e2/window HTTP/1.1
User-Agent: selenium/4.8.3 (java windows)
Content-Type: application/json; charset=utf-8
host: localhost:43898
accept: */*

Response DefaultHttpResponse(decodeResult: success, version: HTTP/1.1)
HTTP/1.1 200 OK
Content-Length: 12
Content-Type: application/json; charset=utf-8
cache-control: no-cache

[DEBUG] Adding key: http://localhost:43898 for channel [id: 0x14146d1e, L:/127.0.0.1:50758 - R:localhost/127.0.0.1:43898]
[INFO ] 2023-04-16 08:31:38.539 [main] StepDef - Browser closed
Tear Down method executed..
[DEBUG] Using pooled Channel '[id: 0x14146d1e, L:/127.0.0.1:50758 - R:localhost/127.0.0.1:43898]' for 'DELETE' to 'http://localhost:43898/session/7f91aef6d1d09fe3749d3adfa31694e2'
[DEBUG] Using open Channel [id: 0x14146d1e, L:/127.0.0.1:50758 - R:localhost/127.0.0.1:43898] for DELETE '/session/7f91aef6d1d09fe3749d3adfa31694e2'
[DEBUG] 

Request DefaultFullHttpRequest(decodeResult: success, version: HTTP/1.1, content: EmptyByteBufBE)
DELETE /session/7f91aef6d1d09fe3749d3adfa31694e2 HTTP/1.1
User-Agent: selenium/4.8.3 (java windows)
Content-Type: application/json; charset=utf-8
host: localhost:43898
accept: */*

Response DefaultHttpResponse(decodeResult: success, version: HTTP/1.1)
HTTP/1.1 200 OK
Content-Length: 14
Content-Type: application/json; charset=utf-8
cache-control: no-cache

[DEBUG] Adding key: http://localhost:43898 for channel [id: 0x14146d1e, L:/127.0.0.1:50758 - R:localhost/127.0.0.1:43898]
[DEBUG] Channel Closed: [id: 0x14146d1e, L:/127.0.0.1:50758 ! R:localhost/127.0.0.1:43898] with attribute DISCARD
]]></system-out>
    <system-err><![CDATA[Starting ChromeDriver 112.0.5615.49 (bd2a7bcb881c11e8cfe3078709382934e3916914-refs/branch-heads/5615@{#936}) on port 43898
Only local connections are allowed.
Please see https://chromedriver.chromium.org/security-considerations for suggestions on keeping ChromeDriver safe.
ChromeDriver was started successfully.
Apr. 16, 2023 8:31:28 A.M. org.openqa.selenium.devtools.CdpVersionFinder findNearestMatch
WARNING: Unable to find an exact match for CDP version 112, so returning the closest version found: 111
]]></system-err>
  </testcase>
  <testcase name="runScenario[&quot;Search Customer by Name&quot;, &quot;Customers&quot;](3)" classname="TestRunner.Run" time="10.976">
    <system-out><![CDATA[Setup-Sanity method executed..
[DEBUG] Resolution chrome=112 in cache (valid until 09:16:16 16/04/2023 EDT)
[DEBUG] Resolution chrome112=112.0.5615.49 in cache (valid until 08:16:16 17/04/2023 EDT)
[INFO] Using chromedriver 112.0.5615.49 (resolved driver for Chrome 112)
[DEBUG] Driver chromedriver 112.0.5615.49 found in cache
[INFO] Exporting webdriver.chrome.driver as C:\Users\ghaya\.cache\selenium\chromedriver\win32\112.0.5615.49\chromedriver.exe
[DEBUG] Entry count for : http://localhost:43898 : 1
[DEBUG] Adding Candidate expired Channel [id: 0x14146d1e, L:/127.0.0.1:50758 ! R:localhost/127.0.0.1:43898] isIdleTimeoutExpired=false isRemotelyClosed=true isTtlExpired=false
[DEBUG] Closing Idle Channel [id: 0x14146d1e, L:/127.0.0.1:50758 ! R:localhost/127.0.0.1:43898]
[DEBUG] Closed 1 connections out of 1 in 0 ms
[DEBUG] Using new Channel '[id: 0xd0a6c0fe, L:/127.0.0.1:50781 - R:localhost/127.0.0.1:37379]' for 'POST' to '/session'
[DEBUG] 

Request DefaultHttpRequest(decodeResult: success, version: HTTP/1.1)
POST /session HTTP/1.1
User-Agent: selenium/4.8.3 (java windows)
Content-Length: 439
Content-Type: application/json; charset=utf-8
host: localhost:37379
accept: */*

Response DefaultHttpResponse(decodeResult: success, version: HTTP/1.1)
HTTP/1.1 200 OK
Content-Length: 858
Content-Type: application/json; charset=utf-8
cache-control: no-cache

[DEBUG] Adding key: http://localhost:37379 for channel [id: 0xd0a6c0fe, L:/127.0.0.1:50781 - R:localhost/127.0.0.1:37379]
[DEBUG] Using new Channel '[id: 0x72659b24, L:/127.0.0.1:50788 - R:localhost/127.0.0.1:50782]' for 'GET' to '/json/version'
[DEBUG] 

Request DefaultFullHttpRequest(decodeResult: success, version: HTTP/1.1, content: EmptyByteBufBE)
GET /json/version HTTP/1.1
User-Agent: selenium/4.8.3 (java windows)
host: localhost:50782
accept: */*

Response DefaultHttpResponse(decodeResult: success, version: HTTP/1.1)
HTTP/1.1 200 OK
Content-Security-Policy: frame-ancestors 'none'
Content-Length: 422
Content-Type: application/json; charset=UTF-8

[DEBUG] Adding key: http://localhost:50782 for channel [id: 0x72659b24, L:/127.0.0.1:50788 - R:localhost/127.0.0.1:50782]
[DEBUG] Using new Channel '[id: 0xe4427f1a, L:/127.0.0.1:50789 - R:localhost/127.0.0.1:50782]' for 'GET' to '/devtools/browser/1c80f422-0bff-43ff-a8ec-a4647058d2e1'
[DEBUG] 

Request DefaultFullHttpRequest(decodeResult: success, version: HTTP/1.1, content: EmptyByteBufBE)
GET /devtools/browser/1c80f422-0bff-43ff-a8ec-a4647058d2e1 HTTP/1.1
upgrade: websocket
connection: upgrade
sec-websocket-key: 7gO7Z4GBwR4P+E7kagxdlg==
sec-websocket-version: 13
origin: http://localhost:50782
host: localhost:50782
accept: */*
user-agent: AHC/2.1

Response DefaultHttpResponse(decodeResult: success, version: HTTP/1.1)
HTTP/1.1 101 WebSocket Protocol Handshake
Upgrade: WebSocket
Connection: Upgrade
Sec-WebSocket-Accept: X066vWI2oHHXlWdTotbeiVzF8wk=

[FATAL] 2023-04-16 08:31:40.302 [main] StepDef - Setup1 executed...
[INFO ] 2023-04-16 08:31:40.305 [main] StepDef - chrome browser launched
[DEBUG] Using pooled Channel '[id: 0xd0a6c0fe, L:/127.0.0.1:50781 - R:localhost/127.0.0.1:37379]' for 'POST' to 'http://localhost:37379/session/3e02b66d27ab80f549823295a686cb06/url'
[DEBUG] Using open Channel [id: 0xd0a6c0fe, L:/127.0.0.1:50781 - R:localhost/127.0.0.1:37379] for POST '/session/3e02b66d27ab80f549823295a686cb06/url'
[DEBUG] Entry count for : http://localhost:50782 : 1
[DEBUG] 

Request DefaultHttpRequest(decodeResult: success, version: HTTP/1.1)
POST /session/3e02b66d27ab80f549823295a686cb06/url HTTP/1.1
User-Agent: selenium/4.8.3 (java windows)
Content-Length: 69
Content-Type: application/json; charset=utf-8
host: localhost:37379
accept: */*

Response DefaultHttpResponse(decodeResult: success, version: HTTP/1.1)
HTTP/1.1 200 OK
Content-Length: 14
Content-Type: application/json; charset=utf-8
cache-control: no-cache

[DEBUG] Adding key: http://localhost:37379 for channel [id: 0xd0a6c0fe, L:/127.0.0.1:50781 - R:localhost/127.0.0.1:37379]
[INFO ] 2023-04-16 08:31:41.264 [main] StepDef - url opened
[DEBUG] Using pooled Channel '[id: 0xd0a6c0fe, L:/127.0.0.1:50781 - R:localhost/127.0.0.1:37379]' for 'POST' to 'http://localhost:37379/session/3e02b66d27ab80f549823295a686cb06/element'
[DEBUG] Using open Channel [id: 0xd0a6c0fe, L:/127.0.0.1:50781 - R:localhost/127.0.0.1:37379] for POST '/session/3e02b66d27ab80f549823295a686cb06/element'
[DEBUG] 

Request DefaultHttpRequest(decodeResult: success, version: HTTP/1.1)
POST /session/3e02b66d27ab80f549823295a686cb06/element HTTP/1.1
User-Agent: selenium/4.8.3 (java windows)
Content-Length: 50
Content-Type: application/json; charset=utf-8
host: localhost:37379
accept: */*

Response DefaultHttpResponse(decodeResult: success, version: HTTP/1.1)
HTTP/1.1 200 OK
Content-Length: 88
Content-Type: application/json; charset=utf-8
cache-control: no-cache

[DEBUG] Adding key: http://localhost:37379 for channel [id: 0xd0a6c0fe, L:/127.0.0.1:50781 - R:localhost/127.0.0.1:37379]
[DEBUG] Using pooled Channel '[id: 0xd0a6c0fe, L:/127.0.0.1:50781 - R:localhost/127.0.0.1:37379]' for 'POST' to 'http://localhost:37379/session/3e02b66d27ab80f549823295a686cb06/element/b8be901a-3883-4184-9ec1-9767c1f18d9e/clear'
[DEBUG] Using open Channel [id: 0xd0a6c0fe, L:/127.0.0.1:50781 - R:localhost/127.0.0.1:37379] for POST '/session/3e02b66d27ab80f549823295a686cb06/element/b8be901a-3883-4184-9ec1-9767c1f18d9e/clear'
[DEBUG] 

Request DefaultHttpRequest(decodeResult: success, version: HTTP/1.1)
POST /session/3e02b66d27ab80f549823295a686cb06/element/b8be901a-3883-4184-9ec1-9767c1f18d9e/clear HTTP/1.1
User-Agent: selenium/4.8.3 (java windows)
Content-Length: 50
Content-Type: application/json; charset=utf-8
host: localhost:37379
accept: */*

Response DefaultHttpResponse(decodeResult: success, version: HTTP/1.1)
HTTP/1.1 200 OK
Content-Length: 14
Content-Type: application/json; charset=utf-8
cache-control: no-cache

[DEBUG] Adding key: http://localhost:37379 for channel [id: 0xd0a6c0fe, L:/127.0.0.1:50781 - R:localhost/127.0.0.1:37379]
[DEBUG] Using pooled Channel '[id: 0xd0a6c0fe, L:/127.0.0.1:50781 - R:localhost/127.0.0.1:37379]' for 'POST' to 'http://localhost:37379/session/3e02b66d27ab80f549823295a686cb06/element'
[DEBUG] Using open Channel [id: 0xd0a6c0fe, L:/127.0.0.1:50781 - R:localhost/127.0.0.1:37379] for POST '/session/3e02b66d27ab80f549823295a686cb06/element'
[DEBUG] 

Request DefaultHttpRequest(decodeResult: success, version: HTTP/1.1)
POST /session/3e02b66d27ab80f549823295a686cb06/element HTTP/1.1
User-Agent: selenium/4.8.3 (java windows)
Content-Length: 50
Content-Type: application/json; charset=utf-8
host: localhost:37379
accept: */*

Response DefaultHttpResponse(decodeResult: success, version: HTTP/1.1)
HTTP/1.1 200 OK
Content-Length: 88
Content-Type: application/json; charset=utf-8
cache-control: no-cache

[DEBUG] Adding key: http://localhost:37379 for channel [id: 0xd0a6c0fe, L:/127.0.0.1:50781 - R:localhost/127.0.0.1:37379]
[DEBUG] Using pooled Channel '[id: 0xd0a6c0fe, L:/127.0.0.1:50781 - R:localhost/127.0.0.1:37379]' for 'POST' to 'http://localhost:37379/session/3e02b66d27ab80f549823295a686cb06/element/b8be901a-3883-4184-9ec1-9767c1f18d9e/value'
[DEBUG] Using open Channel [id: 0xd0a6c0fe, L:/127.0.0.1:50781 - R:localhost/127.0.0.1:37379] for POST '/session/3e02b66d27ab80f549823295a686cb06/element/b8be901a-3883-4184-9ec1-9767c1f18d9e/value'
[DEBUG] 

Request DefaultHttpRequest(decodeResult: success, version: HTTP/1.1)
POST /session/3e02b66d27ab80f549823295a686cb06/element/b8be901a-3883-4184-9ec1-9767c1f18d9e/value HTTP/1.1
User-Agent: selenium/4.8.3 (java windows)
Content-Length: 271
Content-Type: application/json; charset=utf-8
host: localhost:37379
accept: */*

Response DefaultHttpResponse(decodeResult: success, version: HTTP/1.1)
HTTP/1.1 200 OK
Content-Length: 14
Content-Type: application/json; charset=utf-8
cache-control: no-cache

[DEBUG] Adding key: http://localhost:37379 for channel [id: 0xd0a6c0fe, L:/127.0.0.1:50781 - R:localhost/127.0.0.1:37379]
[DEBUG] Using pooled Channel '[id: 0xd0a6c0fe, L:/127.0.0.1:50781 - R:localhost/127.0.0.1:37379]' for 'POST' to 'http://localhost:37379/session/3e02b66d27ab80f549823295a686cb06/element'
[DEBUG] Using open Channel [id: 0xd0a6c0fe, L:/127.0.0.1:50781 - R:localhost/127.0.0.1:37379] for POST '/session/3e02b66d27ab80f549823295a686cb06/element'
[DEBUG] 

Request DefaultHttpRequest(decodeResult: success, version: HTTP/1.1)
POST /session/3e02b66d27ab80f549823295a686cb06/element HTTP/1.1
User-Agent: selenium/4.8.3 (java windows)
Content-Length: 53
Content-Type: application/json; charset=utf-8
host: localhost:37379
accept: */*

Response DefaultHttpResponse(decodeResult: success, version: HTTP/1.1)
HTTP/1.1 200 OK
Content-Length: 88
Content-Type: application/json; charset=utf-8
cache-control: no-cache

[DEBUG] Adding key: http://localhost:37379 for channel [id: 0xd0a6c0fe, L:/127.0.0.1:50781 - R:localhost/127.0.0.1:37379]
[DEBUG] Using pooled Channel '[id: 0xd0a6c0fe, L:/127.0.0.1:50781 - R:localhost/127.0.0.1:37379]' for 'POST' to 'http://localhost:37379/session/3e02b66d27ab80f549823295a686cb06/element/84b69753-a26d-430d-ac49-7f6d4cac8244/clear'
[DEBUG] Using open Channel [id: 0xd0a6c0fe, L:/127.0.0.1:50781 - R:localhost/127.0.0.1:37379] for POST '/session/3e02b66d27ab80f549823295a686cb06/element/84b69753-a26d-430d-ac49-7f6d4cac8244/clear'
[DEBUG] 

Request DefaultHttpRequest(decodeResult: success, version: HTTP/1.1)
POST /session/3e02b66d27ab80f549823295a686cb06/element/84b69753-a26d-430d-ac49-7f6d4cac8244/clear HTTP/1.1
User-Agent: selenium/4.8.3 (java windows)
Content-Length: 50
Content-Type: application/json; charset=utf-8
host: localhost:37379
accept: */*

Response DefaultHttpResponse(decodeResult: success, version: HTTP/1.1)
HTTP/1.1 200 OK
Content-Length: 14
Content-Type: application/json; charset=utf-8
cache-control: no-cache

[DEBUG] Adding key: http://localhost:37379 for channel [id: 0xd0a6c0fe, L:/127.0.0.1:50781 - R:localhost/127.0.0.1:37379]
[DEBUG] Using pooled Channel '[id: 0xd0a6c0fe, L:/127.0.0.1:50781 - R:localhost/127.0.0.1:37379]' for 'POST' to 'http://localhost:37379/session/3e02b66d27ab80f549823295a686cb06/element'
[DEBUG] Using open Channel [id: 0xd0a6c0fe, L:/127.0.0.1:50781 - R:localhost/127.0.0.1:37379] for POST '/session/3e02b66d27ab80f549823295a686cb06/element'
[DEBUG] 

Request DefaultHttpRequest(decodeResult: success, version: HTTP/1.1)
POST /session/3e02b66d27ab80f549823295a686cb06/element HTTP/1.1
User-Agent: selenium/4.8.3 (java windows)
Content-Length: 53
Content-Type: application/json; charset=utf-8
host: localhost:37379
accept: */*

Response DefaultHttpResponse(decodeResult: success, version: HTTP/1.1)
HTTP/1.1 200 OK
Content-Length: 88
Content-Type: application/json; charset=utf-8
cache-control: no-cache

[DEBUG] Adding key: http://localhost:37379 for channel [id: 0xd0a6c0fe, L:/127.0.0.1:50781 - R:localhost/127.0.0.1:37379]
[DEBUG] Using pooled Channel '[id: 0xd0a6c0fe, L:/127.0.0.1:50781 - R:localhost/127.0.0.1:37379]' for 'POST' to 'http://localhost:37379/session/3e02b66d27ab80f549823295a686cb06/element/84b69753-a26d-430d-ac49-7f6d4cac8244/value'
[DEBUG] Using open Channel [id: 0xd0a6c0fe, L:/127.0.0.1:50781 - R:localhost/127.0.0.1:37379] for POST '/session/3e02b66d27ab80f549823295a686cb06/element/84b69753-a26d-430d-ac49-7f6d4cac8244/value'
[DEBUG] 

Request DefaultHttpRequest(decodeResult: success, version: HTTP/1.1)
POST /session/3e02b66d27ab80f549823295a686cb06/element/84b69753-a26d-430d-ac49-7f6d4cac8244/value HTTP/1.1
User-Agent: selenium/4.8.3 (java windows)
Content-Length: 131
Content-Type: application/json; charset=utf-8
host: localhost:37379
accept: */*

Response DefaultHttpResponse(decodeResult: success, version: HTTP/1.1)
HTTP/1.1 200 OK
Content-Length: 14
Content-Type: application/json; charset=utf-8
cache-control: no-cache

[DEBUG] Adding key: http://localhost:37379 for channel [id: 0xd0a6c0fe, L:/127.0.0.1:50781 - R:localhost/127.0.0.1:37379]
[INFO ] 2023-04-16 08:31:41.379 [main] StepDef - email address and password entered
[DEBUG] Using pooled Channel '[id: 0xd0a6c0fe, L:/127.0.0.1:50781 - R:localhost/127.0.0.1:37379]' for 'POST' to 'http://localhost:37379/session/3e02b66d27ab80f549823295a686cb06/element'
[DEBUG] Using open Channel [id: 0xd0a6c0fe, L:/127.0.0.1:50781 - R:localhost/127.0.0.1:37379] for POST '/session/3e02b66d27ab80f549823295a686cb06/element'
[DEBUG] 

Request DefaultHttpRequest(decodeResult: success, version: HTTP/1.1)
POST /session/3e02b66d27ab80f549823295a686cb06/element HTTP/1.1
User-Agent: selenium/4.8.3 (java windows)
Content-Length: 87
Content-Type: application/json; charset=utf-8
host: localhost:37379
accept: */*

Response DefaultHttpResponse(decodeResult: success, version: HTTP/1.1)
HTTP/1.1 200 OK
Content-Length: 88
Content-Type: application/json; charset=utf-8
cache-control: no-cache

[DEBUG] Adding key: http://localhost:37379 for channel [id: 0xd0a6c0fe, L:/127.0.0.1:50781 - R:localhost/127.0.0.1:37379]
[DEBUG] Using pooled Channel '[id: 0xd0a6c0fe, L:/127.0.0.1:50781 - R:localhost/127.0.0.1:37379]' for 'POST' to 'http://localhost:37379/session/3e02b66d27ab80f549823295a686cb06/element/359409ae-5b8e-4e2e-b620-55e52c26e621/click'
[DEBUG] Using open Channel [id: 0xd0a6c0fe, L:/127.0.0.1:50781 - R:localhost/127.0.0.1:37379] for POST '/session/3e02b66d27ab80f549823295a686cb06/element/359409ae-5b8e-4e2e-b620-55e52c26e621/click'
[DEBUG] Entry count for : http://localhost:50782 : 1
[DEBUG] 

Request DefaultHttpRequest(decodeResult: success, version: HTTP/1.1)
POST /session/3e02b66d27ab80f549823295a686cb06/element/359409ae-5b8e-4e2e-b620-55e52c26e621/click HTTP/1.1
User-Agent: selenium/4.8.3 (java windows)
Content-Length: 50
Content-Type: application/json; charset=utf-8
host: localhost:37379
accept: */*

Response DefaultHttpResponse(decodeResult: success, version: HTTP/1.1)
HTTP/1.1 200 OK
Content-Length: 14
Content-Type: application/json; charset=utf-8
cache-control: no-cache

[DEBUG] Adding key: http://localhost:37379 for channel [id: 0xd0a6c0fe, L:/127.0.0.1:50781 - R:localhost/127.0.0.1:37379]
[INFO ] 2023-04-16 08:31:42.545 [main] StepDef - Clicked on login button
[DEBUG] Using pooled Channel '[id: 0xd0a6c0fe, L:/127.0.0.1:50781 - R:localhost/127.0.0.1:37379]' for 'GET' to 'http://localhost:37379/session/3e02b66d27ab80f549823295a686cb06/title'
[DEBUG] Using open Channel [id: 0xd0a6c0fe, L:/127.0.0.1:50781 - R:localhost/127.0.0.1:37379] for GET '/session/3e02b66d27ab80f549823295a686cb06/title'
[DEBUG] 

Request DefaultFullHttpRequest(decodeResult: success, version: HTTP/1.1, content: EmptyByteBufBE)
GET /session/3e02b66d27ab80f549823295a686cb06/title HTTP/1.1
User-Agent: selenium/4.8.3 (java windows)
Cache-Control: no-cache
Content-Type: application/json; charset=utf-8
host: localhost:37379
accept: */*

Response DefaultHttpResponse(decodeResult: success, version: HTTP/1.1)
HTTP/1.1 200 OK
Content-Length: 50
Content-Type: application/json; charset=utf-8
cache-control: no-cache

[DEBUG] Adding key: http://localhost:37379 for channel [id: 0xd0a6c0fe, L:/127.0.0.1:50781 - R:localhost/127.0.0.1:37379]
[INFO ] 2023-04-16 08:31:42.555 [main] StepDef - user can view dashboard test passed.
[DEBUG] Using pooled Channel '[id: 0xd0a6c0fe, L:/127.0.0.1:50781 - R:localhost/127.0.0.1:37379]' for 'POST' to 'http://localhost:37379/session/3e02b66d27ab80f549823295a686cb06/element'
[DEBUG] Using open Channel [id: 0xd0a6c0fe, L:/127.0.0.1:50781 - R:localhost/127.0.0.1:37379] for POST '/session/3e02b66d27ab80f549823295a686cb06/element'
[DEBUG] 

Request DefaultHttpRequest(decodeResult: success, version: HTTP/1.1)
POST /session/3e02b66d27ab80f549823295a686cb06/element HTTP/1.1
User-Agent: selenium/4.8.3 (java windows)
Content-Length: 104
Content-Type: application/json; charset=utf-8
host: localhost:37379
accept: */*

Response DefaultHttpResponse(decodeResult: success, version: HTTP/1.1)
HTTP/1.1 200 OK
Content-Length: 88
Content-Type: application/json; charset=utf-8
cache-control: no-cache

[DEBUG] Adding key: http://localhost:37379 for channel [id: 0xd0a6c0fe, L:/127.0.0.1:50781 - R:localhost/127.0.0.1:37379]
[DEBUG] Using pooled Channel '[id: 0xd0a6c0fe, L:/127.0.0.1:50781 - R:localhost/127.0.0.1:37379]' for 'POST' to 'http://localhost:37379/session/3e02b66d27ab80f549823295a686cb06/element/aa5fb505-2785-4736-ab9e-c8800722a702/click'
[DEBUG] Using open Channel [id: 0xd0a6c0fe, L:/127.0.0.1:50781 - R:localhost/127.0.0.1:37379] for POST '/session/3e02b66d27ab80f549823295a686cb06/element/aa5fb505-2785-4736-ab9e-c8800722a702/click'
[DEBUG] 

Request DefaultHttpRequest(decodeResult: success, version: HTTP/1.1)
POST /session/3e02b66d27ab80f549823295a686cb06/element/aa5fb505-2785-4736-ab9e-c8800722a702/click HTTP/1.1
User-Agent: selenium/4.8.3 (java windows)
Content-Length: 50
Content-Type: application/json; charset=utf-8
host: localhost:37379
accept: */*

Response DefaultHttpResponse(decodeResult: success, version: HTTP/1.1)
HTTP/1.1 200 OK
Content-Length: 14
Content-Type: application/json; charset=utf-8
cache-control: no-cache

[DEBUG] Adding key: http://localhost:37379 for channel [id: 0xd0a6c0fe, L:/127.0.0.1:50781 - R:localhost/127.0.0.1:37379]
[INFO ] 2023-04-16 08:31:42.599 [main] StepDef - customer menu clicked
[DEBUG] Entry count for : http://localhost:50782 : 1
[DEBUG] Entry count for : http://localhost:37379 : 1
[DEBUG] Entry count for : http://localhost:50782 : 1
[DEBUG] Entry count for : http://localhost:37379 : 1
[DEBUG] Using pooled Channel '[id: 0xd0a6c0fe, L:/127.0.0.1:50781 - R:localhost/127.0.0.1:37379]' for 'POST' to 'http://localhost:37379/session/3e02b66d27ab80f549823295a686cb06/element'
[DEBUG] Using open Channel [id: 0xd0a6c0fe, L:/127.0.0.1:50781 - R:localhost/127.0.0.1:37379] for POST '/session/3e02b66d27ab80f549823295a686cb06/element'
[DEBUG] 

Request DefaultHttpRequest(decodeResult: success, version: HTTP/1.1)
POST /session/3e02b66d27ab80f549823295a686cb06/element HTTP/1.1
User-Agent: selenium/4.8.3 (java windows)
Content-Length: 138
Content-Type: application/json; charset=utf-8
host: localhost:37379
accept: */*

Response DefaultHttpResponse(decodeResult: success, version: HTTP/1.1)
HTTP/1.1 200 OK
Content-Length: 88
Content-Type: application/json; charset=utf-8
cache-control: no-cache

[DEBUG] Adding key: http://localhost:37379 for channel [id: 0xd0a6c0fe, L:/127.0.0.1:50781 - R:localhost/127.0.0.1:37379]
[DEBUG] Using pooled Channel '[id: 0xd0a6c0fe, L:/127.0.0.1:50781 - R:localhost/127.0.0.1:37379]' for 'POST' to 'http://localhost:37379/session/3e02b66d27ab80f549823295a686cb06/element/1867e3a5-778b-4ec6-894e-b1feb6f3a89e/click'
[DEBUG] Using open Channel [id: 0xd0a6c0fe, L:/127.0.0.1:50781 - R:localhost/127.0.0.1:37379] for POST '/session/3e02b66d27ab80f549823295a686cb06/element/1867e3a5-778b-4ec6-894e-b1feb6f3a89e/click'
[DEBUG] Entry count for : http://localhost:50782 : 1
[DEBUG] 

Request DefaultHttpRequest(decodeResult: success, version: HTTP/1.1)
POST /session/3e02b66d27ab80f549823295a686cb06/element/1867e3a5-778b-4ec6-894e-b1feb6f3a89e/click HTTP/1.1
User-Agent: selenium/4.8.3 (java windows)
Content-Length: 50
Content-Type: application/json; charset=utf-8
host: localhost:37379
accept: */*

Response DefaultHttpResponse(decodeResult: success, version: HTTP/1.1)
HTTP/1.1 200 OK
Content-Length: 14
Content-Type: application/json; charset=utf-8
cache-control: no-cache

[DEBUG] Adding key: http://localhost:37379 for channel [id: 0xd0a6c0fe, L:/127.0.0.1:50781 - R:localhost/127.0.0.1:37379]
[INFO ] 2023-04-16 08:31:45.181 [main] StepDef - customer menu item clicked
[DEBUG] Entry count for : http://localhost:50782 : 1
[DEBUG] Entry count for : http://localhost:37379 : 1
[DEBUG] Using pooled Channel '[id: 0xd0a6c0fe, L:/127.0.0.1:50781 - R:localhost/127.0.0.1:37379]' for 'POST' to 'http://localhost:37379/session/3e02b66d27ab80f549823295a686cb06/element'
[DEBUG] Using open Channel [id: 0xd0a6c0fe, L:/127.0.0.1:50781 - R:localhost/127.0.0.1:37379] for POST '/session/3e02b66d27ab80f549823295a686cb06/element'
[DEBUG] 

Request DefaultHttpRequest(decodeResult: success, version: HTTP/1.1)
POST /session/3e02b66d27ab80f549823295a686cb06/element HTTP/1.1
User-Agent: selenium/4.8.3 (java windows)
Content-Length: 60
Content-Type: application/json; charset=utf-8
host: localhost:37379
accept: */*

Response DefaultHttpResponse(decodeResult: success, version: HTTP/1.1)
HTTP/1.1 200 OK
Content-Length: 88
Content-Type: application/json; charset=utf-8
cache-control: no-cache

[DEBUG] Adding key: http://localhost:37379 for channel [id: 0xd0a6c0fe, L:/127.0.0.1:50781 - R:localhost/127.0.0.1:37379]
[DEBUG] Using pooled Channel '[id: 0xd0a6c0fe, L:/127.0.0.1:50781 - R:localhost/127.0.0.1:37379]' for 'POST' to 'http://localhost:37379/session/3e02b66d27ab80f549823295a686cb06/element/a1805c29-ed21-476d-af0e-d73ec5050e30/value'
[DEBUG] Using open Channel [id: 0xd0a6c0fe, L:/127.0.0.1:50781 - R:localhost/127.0.0.1:37379] for POST '/session/3e02b66d27ab80f549823295a686cb06/element/a1805c29-ed21-476d-af0e-d73ec5050e30/value'
[DEBUG] 

Request DefaultHttpRequest(decodeResult: success, version: HTTP/1.1)
POST /session/3e02b66d27ab80f549823295a686cb06/element/a1805c29-ed21-476d-af0e-d73ec5050e30/value HTTP/1.1
User-Agent: selenium/4.8.3 (java windows)
Content-Length: 161
Content-Type: application/json; charset=utf-8
host: localhost:37379
accept: */*

Response DefaultHttpResponse(decodeResult: success, version: HTTP/1.1)
HTTP/1.1 200 OK
Content-Length: 14
Content-Type: application/json; charset=utf-8
cache-control: no-cache

[DEBUG] Adding key: http://localhost:37379 for channel [id: 0xd0a6c0fe, L:/127.0.0.1:50781 - R:localhost/127.0.0.1:37379]
[DEBUG] Using pooled Channel '[id: 0xd0a6c0fe, L:/127.0.0.1:50781 - R:localhost/127.0.0.1:37379]' for 'POST' to 'http://localhost:37379/session/3e02b66d27ab80f549823295a686cb06/element'
[DEBUG] Using open Channel [id: 0xd0a6c0fe, L:/127.0.0.1:50781 - R:localhost/127.0.0.1:37379] for POST '/session/3e02b66d27ab80f549823295a686cb06/element'
[DEBUG] 

Request DefaultHttpRequest(decodeResult: success, version: HTTP/1.1)
POST /session/3e02b66d27ab80f549823295a686cb06/element HTTP/1.1
User-Agent: selenium/4.8.3 (java windows)
Content-Length: 59
Content-Type: application/json; charset=utf-8
host: localhost:37379
accept: */*

Response DefaultHttpResponse(decodeResult: success, version: HTTP/1.1)
HTTP/1.1 200 OK
Content-Length: 88
Content-Type: application/json; charset=utf-8
cache-control: no-cache

[DEBUG] Adding key: http://localhost:37379 for channel [id: 0xd0a6c0fe, L:/127.0.0.1:50781 - R:localhost/127.0.0.1:37379]
[DEBUG] Using pooled Channel '[id: 0xd0a6c0fe, L:/127.0.0.1:50781 - R:localhost/127.0.0.1:37379]' for 'POST' to 'http://localhost:37379/session/3e02b66d27ab80f549823295a686cb06/element/e2ca17b4-e11a-47e8-9d82-969f31853b55/value'
[DEBUG] Using open Channel [id: 0xd0a6c0fe, L:/127.0.0.1:50781 - R:localhost/127.0.0.1:37379] for POST '/session/3e02b66d27ab80f549823295a686cb06/element/e2ca17b4-e11a-47e8-9d82-969f31853b55/value'
[DEBUG] Entry count for : http://localhost:50782 : 1
[DEBUG] 

Request DefaultHttpRequest(decodeResult: success, version: HTTP/1.1)
POST /session/3e02b66d27ab80f549823295a686cb06/element/e2ca17b4-e11a-47e8-9d82-969f31853b55/value HTTP/1.1
User-Agent: selenium/4.8.3 (java windows)
Content-Length: 141
Content-Type: application/json; charset=utf-8
host: localhost:37379
accept: */*

Response DefaultHttpResponse(decodeResult: success, version: HTTP/1.1)
HTTP/1.1 200 OK
Content-Length: 14
Content-Type: application/json; charset=utf-8
cache-control: no-cache

[DEBUG] Adding key: http://localhost:37379 for channel [id: 0xd0a6c0fe, L:/127.0.0.1:50781 - R:localhost/127.0.0.1:37379]
[DEBUG] Using pooled Channel '[id: 0xd0a6c0fe, L:/127.0.0.1:50781 - R:localhost/127.0.0.1:37379]' for 'POST' to 'http://localhost:37379/session/3e02b66d27ab80f549823295a686cb06/element'
[DEBUG] Using open Channel [id: 0xd0a6c0fe, L:/127.0.0.1:50781 - R:localhost/127.0.0.1:37379] for POST '/session/3e02b66d27ab80f549823295a686cb06/element'
[DEBUG] 

Request DefaultHttpRequest(decodeResult: success, version: HTTP/1.1)
POST /session/3e02b66d27ab80f549823295a686cb06/element HTTP/1.1
User-Agent: selenium/4.8.3 (java windows)
Content-Length: 63
Content-Type: application/json; charset=utf-8
host: localhost:37379
accept: */*

Response DefaultHttpResponse(decodeResult: success, version: HTTP/1.1)
HTTP/1.1 200 OK
Content-Length: 88
Content-Type: application/json; charset=utf-8
cache-control: no-cache

[DEBUG] Adding key: http://localhost:37379 for channel [id: 0xd0a6c0fe, L:/127.0.0.1:50781 - R:localhost/127.0.0.1:37379]
[DEBUG] Using pooled Channel '[id: 0xd0a6c0fe, L:/127.0.0.1:50781 - R:localhost/127.0.0.1:37379]' for 'POST' to 'http://localhost:37379/session/3e02b66d27ab80f549823295a686cb06/element/7e31f194-6efa-4861-8cc1-2e74f13c1140/click'
[DEBUG] Using open Channel [id: 0xd0a6c0fe, L:/127.0.0.1:50781 - R:localhost/127.0.0.1:37379] for POST '/session/3e02b66d27ab80f549823295a686cb06/element/7e31f194-6efa-4861-8cc1-2e74f13c1140/click'
[DEBUG] 

Request DefaultHttpRequest(decodeResult: success, version: HTTP/1.1)
POST /session/3e02b66d27ab80f549823295a686cb06/element/7e31f194-6efa-4861-8cc1-2e74f13c1140/click HTTP/1.1
User-Agent: selenium/4.8.3 (java windows)
Content-Length: 50
Content-Type: application/json; charset=utf-8
host: localhost:37379
accept: */*

Response DefaultHttpResponse(decodeResult: success, version: HTTP/1.1)
HTTP/1.1 200 OK
Content-Length: 14
Content-Type: application/json; charset=utf-8
cache-control: no-cache

[DEBUG] Adding key: http://localhost:37379 for channel [id: 0xd0a6c0fe, L:/127.0.0.1:50781 - R:localhost/127.0.0.1:37379]
[INFO ] 2023-04-16 08:31:47.336 [main] StepDef - Clicked on search button.
[DEBUG] Entry count for : http://localhost:50782 : 1
[DEBUG] Entry count for : http://localhost:37379 : 1
[DEBUG] Using pooled Channel '[id: 0xd0a6c0fe, L:/127.0.0.1:50781 - R:localhost/127.0.0.1:37379]' for 'POST' to 'http://localhost:37379/session/3e02b66d27ab80f549823295a686cb06/elements'
[DEBUG] Using open Channel [id: 0xd0a6c0fe, L:/127.0.0.1:50781 - R:localhost/127.0.0.1:37379] for POST '/session/3e02b66d27ab80f549823295a686cb06/elements'
[DEBUG] 

Request DefaultHttpRequest(decodeResult: success, version: HTTP/1.1)
POST /session/3e02b66d27ab80f549823295a686cb06/elements HTTP/1.1
User-Agent: selenium/4.8.3 (java windows)
Content-Length: 101
Content-Type: application/json; charset=utf-8
host: localhost:37379
accept: */*

Response DefaultHttpResponse(decodeResult: success, version: HTTP/1.1)
HTTP/1.1 200 OK
Content-Length: 90
Content-Type: application/json; charset=utf-8
cache-control: no-cache

[DEBUG] Adding key: http://localhost:37379 for channel [id: 0xd0a6c0fe, L:/127.0.0.1:50781 - R:localhost/127.0.0.1:37379]
[DEBUG] Using pooled Channel '[id: 0xd0a6c0fe, L:/127.0.0.1:50781 - R:localhost/127.0.0.1:37379]' for 'POST' to 'http://localhost:37379/session/3e02b66d27ab80f549823295a686cb06/element'
[DEBUG] Using open Channel [id: 0xd0a6c0fe, L:/127.0.0.1:50781 - R:localhost/127.0.0.1:37379] for POST '/session/3e02b66d27ab80f549823295a686cb06/element'
[DEBUG] 

Request DefaultHttpRequest(decodeResult: success, version: HTTP/1.1)
POST /session/3e02b66d27ab80f549823295a686cb06/element HTTP/1.1
User-Agent: selenium/4.8.3 (java windows)
Content-Length: 115
Content-Type: application/json; charset=utf-8
host: localhost:37379
accept: */*

Response DefaultHttpResponse(decodeResult: success, version: HTTP/1.1)
HTTP/1.1 200 OK
Content-Length: 88
Content-Type: application/json; charset=utf-8
cache-control: no-cache

[DEBUG] Adding key: http://localhost:37379 for channel [id: 0xd0a6c0fe, L:/127.0.0.1:50781 - R:localhost/127.0.0.1:37379]
[DEBUG] Using pooled Channel '[id: 0xd0a6c0fe, L:/127.0.0.1:50781 - R:localhost/127.0.0.1:37379]' for 'GET' to 'http://localhost:37379/session/3e02b66d27ab80f549823295a686cb06/element/435c4110-f273-404c-94d1-e534ebe0c6fd/text'
[DEBUG] Using open Channel [id: 0xd0a6c0fe, L:/127.0.0.1:50781 - R:localhost/127.0.0.1:37379] for GET '/session/3e02b66d27ab80f549823295a686cb06/element/435c4110-f273-404c-94d1-e534ebe0c6fd/text'
[DEBUG] 

Request DefaultFullHttpRequest(decodeResult: success, version: HTTP/1.1, content: EmptyByteBufBE)
GET /session/3e02b66d27ab80f549823295a686cb06/element/435c4110-f273-404c-94d1-e534ebe0c6fd/text HTTP/1.1
User-Agent: selenium/4.8.3 (java windows)
Cache-Control: no-cache
Content-Type: application/json; charset=utf-8
host: localhost:37379
accept: */*

Response DefaultHttpResponse(decodeResult: success, version: HTTP/1.1)
HTTP/1.1 200 OK
Content-Length: 27
Content-Type: application/json; charset=utf-8
cache-control: no-cache

[DEBUG] Adding key: http://localhost:37379 for channel [id: 0xd0a6c0fe, L:/127.0.0.1:50781 - R:localhost/127.0.0.1:37379]
[DEBUG] Using pooled Channel '[id: 0xd0a6c0fe, L:/127.0.0.1:50781 - R:localhost/127.0.0.1:37379]' for 'DELETE' to 'http://localhost:37379/session/3e02b66d27ab80f549823295a686cb06/window'
[DEBUG] Using open Channel [id: 0xd0a6c0fe, L:/127.0.0.1:50781 - R:localhost/127.0.0.1:37379] for DELETE '/session/3e02b66d27ab80f549823295a686cb06/window'
[DEBUG] Channel Closed: [id: 0xe4427f1a, L:/127.0.0.1:50789 ! R:localhost/127.0.0.1:50782] with attribute NettyResponseFuture{currentRetry=0,
	isDone=1,
	isCancelled=0,
	asyncHandler=org.asynchttpclient.ws.WebSocketUpgradeHandler@5e4a6dbe,
	nettyRequest=org.asynchttpclient.netty.request.NettyRequest@1b48e813,
	future=java.util.concurrent.CompletableFuture@5f8819c2[Completed normally],
	uri=ws://localhost:50782/devtools/browser/1c80f422-0bff-43ff-a8ec-a4647058d2e1,
	keepAlive=true,
	redirectCount=0,
	timeoutsHolder=null,
	inAuth=0,
	touch=1681648300298}
[DEBUG] Channel Closed: [id: 0x72659b24, L:/127.0.0.1:50788 ! R:localhost/127.0.0.1:50782] with attribute DISCARD
[DEBUG] Closing Channel [id: 0xe4427f1a, L:/127.0.0.1:50789 ! R:localhost/127.0.0.1:50782] 
[DEBUG] Entry count for : http://localhost:50782 : 1
[DEBUG] Adding Candidate expired Channel [id: 0x72659b24, L:/127.0.0.1:50788 ! R:localhost/127.0.0.1:50782] isIdleTimeoutExpired=false isRemotelyClosed=true isTtlExpired=false
[DEBUG] Closing Idle Channel [id: 0x72659b24, L:/127.0.0.1:50788 ! R:localhost/127.0.0.1:50782]
[DEBUG] Closed 1 connections out of 1 in 0 ms
[DEBUG] 

Request DefaultFullHttpRequest(decodeResult: success, version: HTTP/1.1, content: EmptyByteBufBE)
DELETE /session/3e02b66d27ab80f549823295a686cb06/window HTTP/1.1
User-Agent: selenium/4.8.3 (java windows)
Content-Type: application/json; charset=utf-8
host: localhost:37379
accept: */*

Response DefaultHttpResponse(decodeResult: success, version: HTTP/1.1)
HTTP/1.1 200 OK
Content-Length: 12
Content-Type: application/json; charset=utf-8
cache-control: no-cache

[DEBUG] Adding key: http://localhost:37379 for channel [id: 0xd0a6c0fe, L:/127.0.0.1:50781 - R:localhost/127.0.0.1:37379]
[INFO ] 2023-04-16 08:31:49.507 [main] StepDef - Browser closed
Tear Down method executed..
[DEBUG] Using pooled Channel '[id: 0xd0a6c0fe, L:/127.0.0.1:50781 - R:localhost/127.0.0.1:37379]' for 'DELETE' to 'http://localhost:37379/session/3e02b66d27ab80f549823295a686cb06'
[DEBUG] Using open Channel [id: 0xd0a6c0fe, L:/127.0.0.1:50781 - R:localhost/127.0.0.1:37379] for DELETE '/session/3e02b66d27ab80f549823295a686cb06'
[DEBUG] 

Request DefaultFullHttpRequest(decodeResult: success, version: HTTP/1.1, content: EmptyByteBufBE)
DELETE /session/3e02b66d27ab80f549823295a686cb06 HTTP/1.1
User-Agent: selenium/4.8.3 (java windows)
Content-Type: application/json; charset=utf-8
host: localhost:37379
accept: */*

Response DefaultHttpResponse(decodeResult: success, version: HTTP/1.1)
HTTP/1.1 200 OK
Content-Length: 14
Content-Type: application/json; charset=utf-8
cache-control: no-cache

[DEBUG] Adding key: http://localhost:37379 for channel [id: 0xd0a6c0fe, L:/127.0.0.1:50781 - R:localhost/127.0.0.1:37379]
[DEBUG] Channel Closed: [id: 0xd0a6c0fe, L:/127.0.0.1:50781 ! R:localhost/127.0.0.1:37379] with attribute DISCARD
]]></system-out>
    <system-err><![CDATA[Starting ChromeDriver 112.0.5615.49 (bd2a7bcb881c11e8cfe3078709382934e3916914-refs/branch-heads/5615@{#936}) on port 37379
Only local connections are allowed.
Please see https://chromedriver.chromium.org/security-considerations for suggestions on keeping ChromeDriver safe.
ChromeDriver was started successfully.
Apr. 16, 2023 8:31:40 A.M. org.openqa.selenium.devtools.CdpVersionFinder findNearestMatch
WARNING: Unable to find an exact match for CDP version 112, so returning the closest version found: 111
]]></system-err>
  </testcase>
  <testcase name="runScenario[&quot;Successful Login with Valid Credentials&quot;, &quot;Login&quot;](4)" classname="TestRunner.Run" time="5.475">
    <system-out><![CDATA[Setup-Sanity method executed..
[DEBUG] Resolution chrome=112 in cache (valid until 09:16:16 16/04/2023 EDT)
[DEBUG] Resolution chrome112=112.0.5615.49 in cache (valid until 08:16:16 17/04/2023 EDT)
[INFO] Using chromedriver 112.0.5615.49 (resolved driver for Chrome 112)
[DEBUG] Driver chromedriver 112.0.5615.49 found in cache
[INFO] Exporting webdriver.chrome.driver as C:\Users\ghaya\.cache\selenium\chromedriver\win32\112.0.5615.49\chromedriver.exe
[DEBUG] Entry count for : http://localhost:37379 : 1
[DEBUG] Adding Candidate expired Channel [id: 0xd0a6c0fe, L:/127.0.0.1:50781 ! R:localhost/127.0.0.1:37379] isIdleTimeoutExpired=false isRemotelyClosed=true isTtlExpired=false
[DEBUG] Closing Idle Channel [id: 0xd0a6c0fe, L:/127.0.0.1:50781 ! R:localhost/127.0.0.1:37379]
[DEBUG] Closed 1 connections out of 1 in 0 ms
[DEBUG] Using new Channel '[id: 0x9f25a530, L:/127.0.0.1:50804 - R:localhost/127.0.0.1:19748]' for 'POST' to '/session'
[DEBUG] 

Request DefaultHttpRequest(decodeResult: success, version: HTTP/1.1)
POST /session HTTP/1.1
User-Agent: selenium/4.8.3 (java windows)
Content-Length: 439
Content-Type: application/json; charset=utf-8
host: localhost:19748
accept: */*

Response DefaultHttpResponse(decodeResult: success, version: HTTP/1.1)
HTTP/1.1 200 OK
Content-Length: 858
Content-Type: application/json; charset=utf-8
cache-control: no-cache

[DEBUG] Adding key: http://localhost:19748 for channel [id: 0x9f25a530, L:/127.0.0.1:50804 - R:localhost/127.0.0.1:19748]
[DEBUG] Using new Channel '[id: 0x7548fc96, L:/127.0.0.1:50811 - R:localhost/127.0.0.1:50805]' for 'GET' to '/json/version'
[DEBUG] 

Request DefaultFullHttpRequest(decodeResult: success, version: HTTP/1.1, content: EmptyByteBufBE)
GET /json/version HTTP/1.1
User-Agent: selenium/4.8.3 (java windows)
host: localhost:50805
accept: */*

Response DefaultHttpResponse(decodeResult: success, version: HTTP/1.1)
HTTP/1.1 200 OK
Content-Security-Policy: frame-ancestors 'none'
Content-Length: 422
Content-Type: application/json; charset=UTF-8

[DEBUG] Adding key: http://localhost:50805 for channel [id: 0x7548fc96, L:/127.0.0.1:50811 - R:localhost/127.0.0.1:50805]
[DEBUG] Using new Channel '[id: 0xed95270e, L:/127.0.0.1:50812 - R:localhost/127.0.0.1:50805]' for 'GET' to '/devtools/browser/17bd9f82-6c43-4f70-8994-2797e1fd8507'
[DEBUG] 

Request DefaultFullHttpRequest(decodeResult: success, version: HTTP/1.1, content: EmptyByteBufBE)
GET /devtools/browser/17bd9f82-6c43-4f70-8994-2797e1fd8507 HTTP/1.1
upgrade: websocket
connection: upgrade
sec-websocket-key: 11/4nUhTTGh38mJQvREOiQ==
sec-websocket-version: 13
origin: http://localhost:50805
host: localhost:50805
accept: */*
user-agent: AHC/2.1

Response DefaultHttpResponse(decodeResult: success, version: HTTP/1.1)
HTTP/1.1 101 WebSocket Protocol Handshake
Upgrade: WebSocket
Connection: Upgrade
Sec-WebSocket-Accept: 8TbXo0koioXgg84m1VjJSi/tVfM=

[FATAL] 2023-04-16 08:31:51.307 [main] StepDef - Setup1 executed...
[INFO ] 2023-04-16 08:31:51.308 [main] StepDef - chrome browser launched
[DEBUG] Using pooled Channel '[id: 0x9f25a530, L:/127.0.0.1:50804 - R:localhost/127.0.0.1:19748]' for 'POST' to 'http://localhost:19748/session/bab99168c1479dbbc3123c566a08e98c/url'
[DEBUG] Using open Channel [id: 0x9f25a530, L:/127.0.0.1:50804 - R:localhost/127.0.0.1:19748] for POST '/session/bab99168c1479dbbc3123c566a08e98c/url'
[DEBUG] Entry count for : http://localhost:50805 : 1
[DEBUG] 

Request DefaultHttpRequest(decodeResult: success, version: HTTP/1.1)
POST /session/bab99168c1479dbbc3123c566a08e98c/url HTTP/1.1
User-Agent: selenium/4.8.3 (java windows)
Content-Length: 69
Content-Type: application/json; charset=utf-8
host: localhost:19748
accept: */*

Response DefaultHttpResponse(decodeResult: success, version: HTTP/1.1)
HTTP/1.1 200 OK
Content-Length: 14
Content-Type: application/json; charset=utf-8
cache-control: no-cache

[DEBUG] Adding key: http://localhost:19748 for channel [id: 0x9f25a530, L:/127.0.0.1:50804 - R:localhost/127.0.0.1:19748]
[INFO ] 2023-04-16 08:31:52.020 [main] StepDef - url opened
[DEBUG] Using pooled Channel '[id: 0x9f25a530, L:/127.0.0.1:50804 - R:localhost/127.0.0.1:19748]' for 'POST' to 'http://localhost:19748/session/bab99168c1479dbbc3123c566a08e98c/element'
[DEBUG] Using open Channel [id: 0x9f25a530, L:/127.0.0.1:50804 - R:localhost/127.0.0.1:19748] for POST '/session/bab99168c1479dbbc3123c566a08e98c/element'
[DEBUG] 

Request DefaultHttpRequest(decodeResult: success, version: HTTP/1.1)
POST /session/bab99168c1479dbbc3123c566a08e98c/element HTTP/1.1
User-Agent: selenium/4.8.3 (java windows)
Content-Length: 50
Content-Type: application/json; charset=utf-8
host: localhost:19748
accept: */*

Response DefaultHttpResponse(decodeResult: success, version: HTTP/1.1)
HTTP/1.1 200 OK
Content-Length: 88
Content-Type: application/json; charset=utf-8
cache-control: no-cache

[DEBUG] Adding key: http://localhost:19748 for channel [id: 0x9f25a530, L:/127.0.0.1:50804 - R:localhost/127.0.0.1:19748]
[DEBUG] Using pooled Channel '[id: 0x9f25a530, L:/127.0.0.1:50804 - R:localhost/127.0.0.1:19748]' for 'POST' to 'http://localhost:19748/session/bab99168c1479dbbc3123c566a08e98c/element/5e8034cc-66b7-4798-8917-bfc229be2e43/clear'
[DEBUG] Using open Channel [id: 0x9f25a530, L:/127.0.0.1:50804 - R:localhost/127.0.0.1:19748] for POST '/session/bab99168c1479dbbc3123c566a08e98c/element/5e8034cc-66b7-4798-8917-bfc229be2e43/clear'
[DEBUG] 

Request DefaultHttpRequest(decodeResult: success, version: HTTP/1.1)
POST /session/bab99168c1479dbbc3123c566a08e98c/element/5e8034cc-66b7-4798-8917-bfc229be2e43/clear HTTP/1.1
User-Agent: selenium/4.8.3 (java windows)
Content-Length: 50
Content-Type: application/json; charset=utf-8
host: localhost:19748
accept: */*

Response DefaultHttpResponse(decodeResult: success, version: HTTP/1.1)
HTTP/1.1 200 OK
Content-Length: 14
Content-Type: application/json; charset=utf-8
cache-control: no-cache

[DEBUG] Adding key: http://localhost:19748 for channel [id: 0x9f25a530, L:/127.0.0.1:50804 - R:localhost/127.0.0.1:19748]
[DEBUG] Using pooled Channel '[id: 0x9f25a530, L:/127.0.0.1:50804 - R:localhost/127.0.0.1:19748]' for 'POST' to 'http://localhost:19748/session/bab99168c1479dbbc3123c566a08e98c/element'
[DEBUG] Using open Channel [id: 0x9f25a530, L:/127.0.0.1:50804 - R:localhost/127.0.0.1:19748] for POST '/session/bab99168c1479dbbc3123c566a08e98c/element'
[DEBUG] 

Request DefaultHttpRequest(decodeResult: success, version: HTTP/1.1)
POST /session/bab99168c1479dbbc3123c566a08e98c/element HTTP/1.1
User-Agent: selenium/4.8.3 (java windows)
Content-Length: 50
Content-Type: application/json; charset=utf-8
host: localhost:19748
accept: */*

Response DefaultHttpResponse(decodeResult: success, version: HTTP/1.1)
HTTP/1.1 200 OK
Content-Length: 88
Content-Type: application/json; charset=utf-8
cache-control: no-cache

[DEBUG] Adding key: http://localhost:19748 for channel [id: 0x9f25a530, L:/127.0.0.1:50804 - R:localhost/127.0.0.1:19748]
[DEBUG] Using pooled Channel '[id: 0x9f25a530, L:/127.0.0.1:50804 - R:localhost/127.0.0.1:19748]' for 'POST' to 'http://localhost:19748/session/bab99168c1479dbbc3123c566a08e98c/element/5e8034cc-66b7-4798-8917-bfc229be2e43/value'
[DEBUG] Using open Channel [id: 0x9f25a530, L:/127.0.0.1:50804 - R:localhost/127.0.0.1:19748] for POST '/session/bab99168c1479dbbc3123c566a08e98c/element/5e8034cc-66b7-4798-8917-bfc229be2e43/value'
[DEBUG] 

Request DefaultHttpRequest(decodeResult: success, version: HTTP/1.1)
POST /session/bab99168c1479dbbc3123c566a08e98c/element/5e8034cc-66b7-4798-8917-bfc229be2e43/value HTTP/1.1
User-Agent: selenium/4.8.3 (java windows)
Content-Length: 271
Content-Type: application/json; charset=utf-8
host: localhost:19748
accept: */*

Response DefaultHttpResponse(decodeResult: success, version: HTTP/1.1)
HTTP/1.1 200 OK
Content-Length: 14
Content-Type: application/json; charset=utf-8
cache-control: no-cache

[DEBUG] Adding key: http://localhost:19748 for channel [id: 0x9f25a530, L:/127.0.0.1:50804 - R:localhost/127.0.0.1:19748]
[DEBUG] Using pooled Channel '[id: 0x9f25a530, L:/127.0.0.1:50804 - R:localhost/127.0.0.1:19748]' for 'POST' to 'http://localhost:19748/session/bab99168c1479dbbc3123c566a08e98c/element'
[DEBUG] Using open Channel [id: 0x9f25a530, L:/127.0.0.1:50804 - R:localhost/127.0.0.1:19748] for POST '/session/bab99168c1479dbbc3123c566a08e98c/element'
[DEBUG] 

Request DefaultHttpRequest(decodeResult: success, version: HTTP/1.1)
POST /session/bab99168c1479dbbc3123c566a08e98c/element HTTP/1.1
User-Agent: selenium/4.8.3 (java windows)
Content-Length: 53
Content-Type: application/json; charset=utf-8
host: localhost:19748
accept: */*

Response DefaultHttpResponse(decodeResult: success, version: HTTP/1.1)
HTTP/1.1 200 OK
Content-Length: 88
Content-Type: application/json; charset=utf-8
cache-control: no-cache

[DEBUG] Adding key: http://localhost:19748 for channel [id: 0x9f25a530, L:/127.0.0.1:50804 - R:localhost/127.0.0.1:19748]
[DEBUG] Using pooled Channel '[id: 0x9f25a530, L:/127.0.0.1:50804 - R:localhost/127.0.0.1:19748]' for 'POST' to 'http://localhost:19748/session/bab99168c1479dbbc3123c566a08e98c/element/0b66e814-15b4-42cc-8b13-2c0c58118ee8/clear'
[DEBUG] Using open Channel [id: 0x9f25a530, L:/127.0.0.1:50804 - R:localhost/127.0.0.1:19748] for POST '/session/bab99168c1479dbbc3123c566a08e98c/element/0b66e814-15b4-42cc-8b13-2c0c58118ee8/clear'
[DEBUG] 

Request DefaultHttpRequest(decodeResult: success, version: HTTP/1.1)
POST /session/bab99168c1479dbbc3123c566a08e98c/element/0b66e814-15b4-42cc-8b13-2c0c58118ee8/clear HTTP/1.1
User-Agent: selenium/4.8.3 (java windows)
Content-Length: 50
Content-Type: application/json; charset=utf-8
host: localhost:19748
accept: */*

Response DefaultHttpResponse(decodeResult: success, version: HTTP/1.1)
HTTP/1.1 200 OK
Content-Length: 14
Content-Type: application/json; charset=utf-8
cache-control: no-cache

[DEBUG] Adding key: http://localhost:19748 for channel [id: 0x9f25a530, L:/127.0.0.1:50804 - R:localhost/127.0.0.1:19748]
[DEBUG] Using pooled Channel '[id: 0x9f25a530, L:/127.0.0.1:50804 - R:localhost/127.0.0.1:19748]' for 'POST' to 'http://localhost:19748/session/bab99168c1479dbbc3123c566a08e98c/element'
[DEBUG] Using open Channel [id: 0x9f25a530, L:/127.0.0.1:50804 - R:localhost/127.0.0.1:19748] for POST '/session/bab99168c1479dbbc3123c566a08e98c/element'
[DEBUG] 

Request DefaultHttpRequest(decodeResult: success, version: HTTP/1.1)
POST /session/bab99168c1479dbbc3123c566a08e98c/element HTTP/1.1
User-Agent: selenium/4.8.3 (java windows)
Content-Length: 53
Content-Type: application/json; charset=utf-8
host: localhost:19748
accept: */*

Response DefaultHttpResponse(decodeResult: success, version: HTTP/1.1)
HTTP/1.1 200 OK
Content-Length: 88
Content-Type: application/json; charset=utf-8
cache-control: no-cache

[DEBUG] Adding key: http://localhost:19748 for channel [id: 0x9f25a530, L:/127.0.0.1:50804 - R:localhost/127.0.0.1:19748]
[DEBUG] Using pooled Channel '[id: 0x9f25a530, L:/127.0.0.1:50804 - R:localhost/127.0.0.1:19748]' for 'POST' to 'http://localhost:19748/session/bab99168c1479dbbc3123c566a08e98c/element/0b66e814-15b4-42cc-8b13-2c0c58118ee8/value'
[DEBUG] Using open Channel [id: 0x9f25a530, L:/127.0.0.1:50804 - R:localhost/127.0.0.1:19748] for POST '/session/bab99168c1479dbbc3123c566a08e98c/element/0b66e814-15b4-42cc-8b13-2c0c58118ee8/value'
[DEBUG] 

Request DefaultHttpRequest(decodeResult: success, version: HTTP/1.1)
POST /session/bab99168c1479dbbc3123c566a08e98c/element/0b66e814-15b4-42cc-8b13-2c0c58118ee8/value HTTP/1.1
User-Agent: selenium/4.8.3 (java windows)
Content-Length: 131
Content-Type: application/json; charset=utf-8
host: localhost:19748
accept: */*

Response DefaultHttpResponse(decodeResult: success, version: HTTP/1.1)
HTTP/1.1 200 OK
Content-Length: 14
Content-Type: application/json; charset=utf-8
cache-control: no-cache

[DEBUG] Adding key: http://localhost:19748 for channel [id: 0x9f25a530, L:/127.0.0.1:50804 - R:localhost/127.0.0.1:19748]
[INFO ] 2023-04-16 08:31:52.153 [main] StepDef - email address and password entered
[DEBUG] Using pooled Channel '[id: 0x9f25a530, L:/127.0.0.1:50804 - R:localhost/127.0.0.1:19748]' for 'POST' to 'http://localhost:19748/session/bab99168c1479dbbc3123c566a08e98c/element'
[DEBUG] Using open Channel [id: 0x9f25a530, L:/127.0.0.1:50804 - R:localhost/127.0.0.1:19748] for POST '/session/bab99168c1479dbbc3123c566a08e98c/element'
[DEBUG] 

Request DefaultHttpRequest(decodeResult: success, version: HTTP/1.1)
POST /session/bab99168c1479dbbc3123c566a08e98c/element HTTP/1.1
User-Agent: selenium/4.8.3 (java windows)
Content-Length: 87
Content-Type: application/json; charset=utf-8
host: localhost:19748
accept: */*

Response DefaultHttpResponse(decodeResult: success, version: HTTP/1.1)
HTTP/1.1 200 OK
Content-Length: 88
Content-Type: application/json; charset=utf-8
cache-control: no-cache

[DEBUG] Adding key: http://localhost:19748 for channel [id: 0x9f25a530, L:/127.0.0.1:50804 - R:localhost/127.0.0.1:19748]
[DEBUG] Using pooled Channel '[id: 0x9f25a530, L:/127.0.0.1:50804 - R:localhost/127.0.0.1:19748]' for 'POST' to 'http://localhost:19748/session/bab99168c1479dbbc3123c566a08e98c/element/7d61865f-8802-4eb6-a795-150b0a22a605/click'
[DEBUG] Using open Channel [id: 0x9f25a530, L:/127.0.0.1:50804 - R:localhost/127.0.0.1:19748] for POST '/session/bab99168c1479dbbc3123c566a08e98c/element/7d61865f-8802-4eb6-a795-150b0a22a605/click'
[DEBUG] Entry count for : http://localhost:50805 : 1
[DEBUG] Entry count for : http://localhost:50805 : 1
[DEBUG] 

Request DefaultHttpRequest(decodeResult: success, version: HTTP/1.1)
POST /session/bab99168c1479dbbc3123c566a08e98c/element/7d61865f-8802-4eb6-a795-150b0a22a605/click HTTP/1.1
User-Agent: selenium/4.8.3 (java windows)
Content-Length: 50
Content-Type: application/json; charset=utf-8
host: localhost:19748
accept: */*

Response DefaultHttpResponse(decodeResult: success, version: HTTP/1.1)
HTTP/1.1 200 OK
Content-Length: 14
Content-Type: application/json; charset=utf-8
cache-control: no-cache

[DEBUG] Adding key: http://localhost:19748 for channel [id: 0x9f25a530, L:/127.0.0.1:50804 - R:localhost/127.0.0.1:19748]
[INFO ] 2023-04-16 08:31:54.272 [main] StepDef - Clicked on login button
[DEBUG] Using pooled Channel '[id: 0x9f25a530, L:/127.0.0.1:50804 - R:localhost/127.0.0.1:19748]' for 'GET' to 'http://localhost:19748/session/bab99168c1479dbbc3123c566a08e98c/title'
[DEBUG] Using open Channel [id: 0x9f25a530, L:/127.0.0.1:50804 - R:localhost/127.0.0.1:19748] for GET '/session/bab99168c1479dbbc3123c566a08e98c/title'
[DEBUG] 

Request DefaultFullHttpRequest(decodeResult: success, version: HTTP/1.1, content: EmptyByteBufBE)
GET /session/bab99168c1479dbbc3123c566a08e98c/title HTTP/1.1
User-Agent: selenium/4.8.3 (java windows)
Cache-Control: no-cache
Content-Type: application/json; charset=utf-8
host: localhost:19748
accept: */*

Response DefaultHttpResponse(decodeResult: success, version: HTTP/1.1)
HTTP/1.1 200 OK
Content-Length: 50
Content-Type: application/json; charset=utf-8
cache-control: no-cache

[DEBUG] Adding key: http://localhost:19748 for channel [id: 0x9f25a530, L:/127.0.0.1:50804 - R:localhost/127.0.0.1:19748]
[WARN ] 2023-04-16 08:31:54.281 [main] StepDef - Test passed: Login feature :Page title matched.
[DEBUG] Using pooled Channel '[id: 0x9f25a530, L:/127.0.0.1:50804 - R:localhost/127.0.0.1:19748]' for 'POST' to 'http://localhost:19748/session/bab99168c1479dbbc3123c566a08e98c/element'
[DEBUG] Using open Channel [id: 0x9f25a530, L:/127.0.0.1:50804 - R:localhost/127.0.0.1:19748] for POST '/session/bab99168c1479dbbc3123c566a08e98c/element'
[DEBUG] 

Request DefaultHttpRequest(decodeResult: success, version: HTTP/1.1)
POST /session/bab99168c1479dbbc3123c566a08e98c/element HTTP/1.1
User-Agent: selenium/4.8.3 (java windows)
Content-Length: 47
Content-Type: application/json; charset=utf-8
host: localhost:19748
accept: */*

Response DefaultHttpResponse(decodeResult: success, version: HTTP/1.1)
HTTP/1.1 200 OK
Content-Length: 88
Content-Type: application/json; charset=utf-8
cache-control: no-cache

[DEBUG] Adding key: http://localhost:19748 for channel [id: 0x9f25a530, L:/127.0.0.1:50804 - R:localhost/127.0.0.1:19748]
[DEBUG] Using pooled Channel '[id: 0x9f25a530, L:/127.0.0.1:50804 - R:localhost/127.0.0.1:19748]' for 'POST' to 'http://localhost:19748/session/bab99168c1479dbbc3123c566a08e98c/element/75b4220e-0fde-4369-9d25-eed9f10dfb40/click'
[DEBUG] Using open Channel [id: 0x9f25a530, L:/127.0.0.1:50804 - R:localhost/127.0.0.1:19748] for POST '/session/bab99168c1479dbbc3123c566a08e98c/element/75b4220e-0fde-4369-9d25-eed9f10dfb40/click'
[DEBUG] 

Request DefaultHttpRequest(decodeResult: success, version: HTTP/1.1)
POST /session/bab99168c1479dbbc3123c566a08e98c/element/75b4220e-0fde-4369-9d25-eed9f10dfb40/click HTTP/1.1
User-Agent: selenium/4.8.3 (java windows)
Content-Length: 50
Content-Type: application/json; charset=utf-8
host: localhost:19748
accept: */*

Response DefaultHttpResponse(decodeResult: success, version: HTTP/1.1)
HTTP/1.1 200 OK
Content-Length: 14
Content-Type: application/json; charset=utf-8
cache-control: no-cache

[DEBUG] Adding key: http://localhost:19748 for channel [id: 0x9f25a530, L:/127.0.0.1:50804 - R:localhost/127.0.0.1:19748]
[INFO ] 2023-04-16 08:31:54.861 [main] StepDef - user clicked on logout link.
[DEBUG] Using pooled Channel '[id: 0x9f25a530, L:/127.0.0.1:50804 - R:localhost/127.0.0.1:19748]' for 'GET' to 'http://localhost:19748/session/bab99168c1479dbbc3123c566a08e98c/title'
[DEBUG] Using open Channel [id: 0x9f25a530, L:/127.0.0.1:50804 - R:localhost/127.0.0.1:19748] for GET '/session/bab99168c1479dbbc3123c566a08e98c/title'
[DEBUG] 

Request DefaultFullHttpRequest(decodeResult: success, version: HTTP/1.1, content: EmptyByteBufBE)
GET /session/bab99168c1479dbbc3123c566a08e98c/title HTTP/1.1
User-Agent: selenium/4.8.3 (java windows)
Cache-Control: no-cache
Content-Type: application/json; charset=utf-8
host: localhost:19748
accept: */*

Response DefaultHttpResponse(decodeResult: success, version: HTTP/1.1)
HTTP/1.1 200 OK
Content-Length: 29
Content-Type: application/json; charset=utf-8
cache-control: no-cache

[DEBUG] Adding key: http://localhost:19748 for channel [id: 0x9f25a530, L:/127.0.0.1:50804 - R:localhost/127.0.0.1:19748]
[WARN ] 2023-04-16 08:31:54.864 [main] StepDef - Test passed: Login feature :Page title matched.
[DEBUG] Using pooled Channel '[id: 0x9f25a530, L:/127.0.0.1:50804 - R:localhost/127.0.0.1:19748]' for 'DELETE' to 'http://localhost:19748/session/bab99168c1479dbbc3123c566a08e98c/window'
[DEBUG] Using open Channel [id: 0x9f25a530, L:/127.0.0.1:50804 - R:localhost/127.0.0.1:19748] for DELETE '/session/bab99168c1479dbbc3123c566a08e98c/window'
[DEBUG] Channel Closed: [id: 0x7548fc96, L:/127.0.0.1:50811 ! R:localhost/127.0.0.1:50805] with attribute DISCARD
[DEBUG] Channel Closed: [id: 0xed95270e, L:/127.0.0.1:50812 ! R:localhost/127.0.0.1:50805] with attribute NettyResponseFuture{currentRetry=0,
	isDone=1,
	isCancelled=0,
	asyncHandler=org.asynchttpclient.ws.WebSocketUpgradeHandler@f1640f3,
	nettyRequest=org.asynchttpclient.netty.request.NettyRequest@4a14cf75,
	future=java.util.concurrent.CompletableFuture@3e524787[Completed normally],
	uri=ws://localhost:50805/devtools/browser/17bd9f82-6c43-4f70-8994-2797e1fd8507,
	keepAlive=true,
	redirectCount=0,
	timeoutsHolder=null,
	inAuth=0,
	touch=1681648311306}
[DEBUG] Closing Channel [id: 0xed95270e, L:/127.0.0.1:50812 ! R:localhost/127.0.0.1:50805] 
[DEBUG] 

Request DefaultFullHttpRequest(decodeResult: success, version: HTTP/1.1, content: EmptyByteBufBE)
DELETE /session/bab99168c1479dbbc3123c566a08e98c/window HTTP/1.1
User-Agent: selenium/4.8.3 (java windows)
Content-Type: application/json; charset=utf-8
host: localhost:19748
accept: */*

Response DefaultHttpResponse(decodeResult: success, version: HTTP/1.1)
HTTP/1.1 200 OK
Content-Length: 12
Content-Type: application/json; charset=utf-8
cache-control: no-cache

[DEBUG] Adding key: http://localhost:19748 for channel [id: 0x9f25a530, L:/127.0.0.1:50804 - R:localhost/127.0.0.1:19748]
[INFO ] 2023-04-16 08:31:54.967 [main] StepDef - Browser closed
Tear Down method executed..
[DEBUG] Using pooled Channel '[id: 0x9f25a530, L:/127.0.0.1:50804 - R:localhost/127.0.0.1:19748]' for 'DELETE' to 'http://localhost:19748/session/bab99168c1479dbbc3123c566a08e98c'
[DEBUG] Using open Channel [id: 0x9f25a530, L:/127.0.0.1:50804 - R:localhost/127.0.0.1:19748] for DELETE '/session/bab99168c1479dbbc3123c566a08e98c'
[DEBUG] Entry count for : http://localhost:50805 : 1
[DEBUG] Adding Candidate expired Channel [id: 0x7548fc96, L:/127.0.0.1:50811 ! R:localhost/127.0.0.1:50805] isIdleTimeoutExpired=false isRemotelyClosed=true isTtlExpired=false
[DEBUG] Closing Idle Channel [id: 0x7548fc96, L:/127.0.0.1:50811 ! R:localhost/127.0.0.1:50805]
[DEBUG] Closed 1 connections out of 1 in 0 ms
[DEBUG] 

Request DefaultFullHttpRequest(decodeResult: success, version: HTTP/1.1, content: EmptyByteBufBE)
DELETE /session/bab99168c1479dbbc3123c566a08e98c HTTP/1.1
User-Agent: selenium/4.8.3 (java windows)
Content-Type: application/json; charset=utf-8
host: localhost:19748
accept: */*

Response DefaultHttpResponse(decodeResult: success, version: HTTP/1.1)
HTTP/1.1 200 OK
Content-Length: 14
Content-Type: application/json; charset=utf-8
cache-control: no-cache

[DEBUG] Adding key: http://localhost:19748 for channel [id: 0x9f25a530, L:/127.0.0.1:50804 - R:localhost/127.0.0.1:19748]
[DEBUG] Channel Closed: [id: 0x9f25a530, L:/127.0.0.1:50804 ! R:localhost/127.0.0.1:19748] with attribute DISCARD
]]></system-out>
    <system-err><![CDATA[Starting ChromeDriver 112.0.5615.49 (bd2a7bcb881c11e8cfe3078709382934e3916914-refs/branch-heads/5615@{#936}) on port 19748
Only local connections are allowed.
Please see https://chromedriver.chromium.org/security-considerations for suggestions on keeping ChromeDriver safe.
ChromeDriver was started successfully.
Apr. 16, 2023 8:31:51 A.M. org.openqa.selenium.devtools.CdpVersionFinder findNearestMatch
WARNING: Unable to find an exact match for CDP version 112, so returning the closest version found: 111
]]></system-err>
  </testcase>
  <testcase name="runScenario[&quot;Successful Login with Valid Credentials DDT&quot;, &quot;Login&quot;](5)" classname="TestRunner.Run" time="4.673">
    <system-out><![CDATA[Setup-Sanity method executed..
[DEBUG] Resolution chrome=112 in cache (valid until 09:16:16 16/04/2023 EDT)
[DEBUG] Resolution chrome112=112.0.5615.49 in cache (valid until 08:16:16 17/04/2023 EDT)
[INFO] Using chromedriver 112.0.5615.49 (resolved driver for Chrome 112)
[DEBUG] Driver chromedriver 112.0.5615.49 found in cache
[INFO] Exporting webdriver.chrome.driver as C:\Users\ghaya\.cache\selenium\chromedriver\win32\112.0.5615.49\chromedriver.exe
[DEBUG] Entry count for : http://localhost:19748 : 1
[DEBUG] Adding Candidate expired Channel [id: 0x9f25a530, L:/127.0.0.1:50804 ! R:localhost/127.0.0.1:19748] isIdleTimeoutExpired=false isRemotelyClosed=true isTtlExpired=false
[DEBUG] Closing Idle Channel [id: 0x9f25a530, L:/127.0.0.1:50804 ! R:localhost/127.0.0.1:19748]
[DEBUG] Closed 1 connections out of 1 in 0 ms
[DEBUG] Using new Channel '[id: 0xa63e486b, L:/127.0.0.1:50829 - R:localhost/127.0.0.1:1818]' for 'POST' to '/session'
[DEBUG] 

Request DefaultHttpRequest(decodeResult: success, version: HTTP/1.1)
POST /session HTTP/1.1
User-Agent: selenium/4.8.3 (java windows)
Content-Length: 439
Content-Type: application/json; charset=utf-8
host: localhost:1818
accept: */*

Response DefaultHttpResponse(decodeResult: success, version: HTTP/1.1)
HTTP/1.1 200 OK
Content-Length: 857
Content-Type: application/json; charset=utf-8
cache-control: no-cache

[DEBUG] Adding key: http://localhost:1818 for channel [id: 0xa63e486b, L:/127.0.0.1:50829 - R:localhost/127.0.0.1:1818]
[DEBUG] Using new Channel '[id: 0xd5d9c157, L:/127.0.0.1:50836 - R:localhost/127.0.0.1:50830]' for 'GET' to '/json/version'
[DEBUG] 

Request DefaultFullHttpRequest(decodeResult: success, version: HTTP/1.1, content: EmptyByteBufBE)
GET /json/version HTTP/1.1
User-Agent: selenium/4.8.3 (java windows)
host: localhost:50830
accept: */*

Response DefaultHttpResponse(decodeResult: success, version: HTTP/1.1)
HTTP/1.1 200 OK
Content-Security-Policy: frame-ancestors 'none'
Content-Length: 422
Content-Type: application/json; charset=UTF-8

[DEBUG] Adding key: http://localhost:50830 for channel [id: 0xd5d9c157, L:/127.0.0.1:50836 - R:localhost/127.0.0.1:50830]
[DEBUG] Using new Channel '[id: 0x75a0df15, L:/127.0.0.1:50837 - R:localhost/127.0.0.1:50830]' for 'GET' to '/devtools/browser/bd9c6aa7-d40f-4b3e-8d70-f49b960e462f'
[DEBUG] 

Request DefaultFullHttpRequest(decodeResult: success, version: HTTP/1.1, content: EmptyByteBufBE)
GET /devtools/browser/bd9c6aa7-d40f-4b3e-8d70-f49b960e462f HTTP/1.1
upgrade: websocket
connection: upgrade
sec-websocket-key: t52xI16lI+SgL12TegMzzw==
sec-websocket-version: 13
origin: http://localhost:50830
host: localhost:50830
accept: */*
user-agent: AHC/2.1

Response DefaultHttpResponse(decodeResult: success, version: HTTP/1.1)
HTTP/1.1 101 WebSocket Protocol Handshake
Upgrade: WebSocket
Connection: Upgrade
Sec-WebSocket-Accept: QRxLJgdBTD/JfBqB2xeHvqsGGPE=

[FATAL] 2023-04-16 08:31:56.784 [main] StepDef - Setup1 executed...
[INFO ] 2023-04-16 08:31:56.785 [main] StepDef - chrome browser launched
[DEBUG] Using pooled Channel '[id: 0xa63e486b, L:/127.0.0.1:50829 - R:localhost/127.0.0.1:1818]' for 'POST' to 'http://localhost:1818/session/cff40ccc68fb989f70d072543387bd04/url'
[DEBUG] Using open Channel [id: 0xa63e486b, L:/127.0.0.1:50829 - R:localhost/127.0.0.1:1818] for POST '/session/cff40ccc68fb989f70d072543387bd04/url'
[DEBUG] Entry count for : http://localhost:50830 : 1
[DEBUG] 

Request DefaultHttpRequest(decodeResult: success, version: HTTP/1.1)
POST /session/cff40ccc68fb989f70d072543387bd04/url HTTP/1.1
User-Agent: selenium/4.8.3 (java windows)
Content-Length: 69
Content-Type: application/json; charset=utf-8
host: localhost:1818
accept: */*

Response DefaultHttpResponse(decodeResult: success, version: HTTP/1.1)
HTTP/1.1 200 OK
Content-Length: 14
Content-Type: application/json; charset=utf-8
cache-control: no-cache

[DEBUG] Adding key: http://localhost:1818 for channel [id: 0xa63e486b, L:/127.0.0.1:50829 - R:localhost/127.0.0.1:1818]
[INFO ] 2023-04-16 08:31:57.425 [main] StepDef - url opened
[DEBUG] Using pooled Channel '[id: 0xa63e486b, L:/127.0.0.1:50829 - R:localhost/127.0.0.1:1818]' for 'POST' to 'http://localhost:1818/session/cff40ccc68fb989f70d072543387bd04/element'
[DEBUG] Using open Channel [id: 0xa63e486b, L:/127.0.0.1:50829 - R:localhost/127.0.0.1:1818] for POST '/session/cff40ccc68fb989f70d072543387bd04/element'
[DEBUG] 

Request DefaultHttpRequest(decodeResult: success, version: HTTP/1.1)
POST /session/cff40ccc68fb989f70d072543387bd04/element HTTP/1.1
User-Agent: selenium/4.8.3 (java windows)
Content-Length: 50
Content-Type: application/json; charset=utf-8
host: localhost:1818
accept: */*

Response DefaultHttpResponse(decodeResult: success, version: HTTP/1.1)
HTTP/1.1 200 OK
Content-Length: 88
Content-Type: application/json; charset=utf-8
cache-control: no-cache

[DEBUG] Adding key: http://localhost:1818 for channel [id: 0xa63e486b, L:/127.0.0.1:50829 - R:localhost/127.0.0.1:1818]
[DEBUG] Using pooled Channel '[id: 0xa63e486b, L:/127.0.0.1:50829 - R:localhost/127.0.0.1:1818]' for 'POST' to 'http://localhost:1818/session/cff40ccc68fb989f70d072543387bd04/element/600bdd3b-74fd-4dd9-b372-d34699490d5b/clear'
[DEBUG] Using open Channel [id: 0xa63e486b, L:/127.0.0.1:50829 - R:localhost/127.0.0.1:1818] for POST '/session/cff40ccc68fb989f70d072543387bd04/element/600bdd3b-74fd-4dd9-b372-d34699490d5b/clear'
[DEBUG] 

Request DefaultHttpRequest(decodeResult: success, version: HTTP/1.1)
POST /session/cff40ccc68fb989f70d072543387bd04/element/600bdd3b-74fd-4dd9-b372-d34699490d5b/clear HTTP/1.1
User-Agent: selenium/4.8.3 (java windows)
Content-Length: 50
Content-Type: application/json; charset=utf-8
host: localhost:1818
accept: */*

Response DefaultHttpResponse(decodeResult: success, version: HTTP/1.1)
HTTP/1.1 200 OK
Content-Length: 14
Content-Type: application/json; charset=utf-8
cache-control: no-cache

[DEBUG] Adding key: http://localhost:1818 for channel [id: 0xa63e486b, L:/127.0.0.1:50829 - R:localhost/127.0.0.1:1818]
[DEBUG] Using pooled Channel '[id: 0xa63e486b, L:/127.0.0.1:50829 - R:localhost/127.0.0.1:1818]' for 'POST' to 'http://localhost:1818/session/cff40ccc68fb989f70d072543387bd04/element'
[DEBUG] Using open Channel [id: 0xa63e486b, L:/127.0.0.1:50829 - R:localhost/127.0.0.1:1818] for POST '/session/cff40ccc68fb989f70d072543387bd04/element'
[DEBUG] 

Request DefaultHttpRequest(decodeResult: success, version: HTTP/1.1)
POST /session/cff40ccc68fb989f70d072543387bd04/element HTTP/1.1
User-Agent: selenium/4.8.3 (java windows)
Content-Length: 50
Content-Type: application/json; charset=utf-8
host: localhost:1818
accept: */*

Response DefaultHttpResponse(decodeResult: success, version: HTTP/1.1)
HTTP/1.1 200 OK
Content-Length: 88
Content-Type: application/json; charset=utf-8
cache-control: no-cache

[DEBUG] Adding key: http://localhost:1818 for channel [id: 0xa63e486b, L:/127.0.0.1:50829 - R:localhost/127.0.0.1:1818]
[DEBUG] Using pooled Channel '[id: 0xa63e486b, L:/127.0.0.1:50829 - R:localhost/127.0.0.1:1818]' for 'POST' to 'http://localhost:1818/session/cff40ccc68fb989f70d072543387bd04/element/600bdd3b-74fd-4dd9-b372-d34699490d5b/value'
[DEBUG] Using open Channel [id: 0xa63e486b, L:/127.0.0.1:50829 - R:localhost/127.0.0.1:1818] for POST '/session/cff40ccc68fb989f70d072543387bd04/element/600bdd3b-74fd-4dd9-b372-d34699490d5b/value'
[DEBUG] 

Request DefaultHttpRequest(decodeResult: success, version: HTTP/1.1)
POST /session/cff40ccc68fb989f70d072543387bd04/element/600bdd3b-74fd-4dd9-b372-d34699490d5b/value HTTP/1.1
User-Agent: selenium/4.8.3 (java windows)
Content-Length: 271
Content-Type: application/json; charset=utf-8
host: localhost:1818
accept: */*

Response DefaultHttpResponse(decodeResult: success, version: HTTP/1.1)
HTTP/1.1 200 OK
Content-Length: 14
Content-Type: application/json; charset=utf-8
cache-control: no-cache

[DEBUG] Adding key: http://localhost:1818 for channel [id: 0xa63e486b, L:/127.0.0.1:50829 - R:localhost/127.0.0.1:1818]
[DEBUG] Using pooled Channel '[id: 0xa63e486b, L:/127.0.0.1:50829 - R:localhost/127.0.0.1:1818]' for 'POST' to 'http://localhost:1818/session/cff40ccc68fb989f70d072543387bd04/element'
[DEBUG] Using open Channel [id: 0xa63e486b, L:/127.0.0.1:50829 - R:localhost/127.0.0.1:1818] for POST '/session/cff40ccc68fb989f70d072543387bd04/element'
[DEBUG] 

Request DefaultHttpRequest(decodeResult: success, version: HTTP/1.1)
POST /session/cff40ccc68fb989f70d072543387bd04/element HTTP/1.1
User-Agent: selenium/4.8.3 (java windows)
Content-Length: 53
Content-Type: application/json; charset=utf-8
host: localhost:1818
accept: */*

Response DefaultHttpResponse(decodeResult: success, version: HTTP/1.1)
HTTP/1.1 200 OK
Content-Length: 88
Content-Type: application/json; charset=utf-8
cache-control: no-cache

[DEBUG] Adding key: http://localhost:1818 for channel [id: 0xa63e486b, L:/127.0.0.1:50829 - R:localhost/127.0.0.1:1818]
[DEBUG] Using pooled Channel '[id: 0xa63e486b, L:/127.0.0.1:50829 - R:localhost/127.0.0.1:1818]' for 'POST' to 'http://localhost:1818/session/cff40ccc68fb989f70d072543387bd04/element/bef778d6-2744-4530-98bb-e9c37257d6b6/clear'
[DEBUG] Using open Channel [id: 0xa63e486b, L:/127.0.0.1:50829 - R:localhost/127.0.0.1:1818] for POST '/session/cff40ccc68fb989f70d072543387bd04/element/bef778d6-2744-4530-98bb-e9c37257d6b6/clear'
[DEBUG] 

Request DefaultHttpRequest(decodeResult: success, version: HTTP/1.1)
POST /session/cff40ccc68fb989f70d072543387bd04/element/bef778d6-2744-4530-98bb-e9c37257d6b6/clear HTTP/1.1
User-Agent: selenium/4.8.3 (java windows)
Content-Length: 50
Content-Type: application/json; charset=utf-8
host: localhost:1818
accept: */*

Response DefaultHttpResponse(decodeResult: success, version: HTTP/1.1)
HTTP/1.1 200 OK
Content-Length: 14
Content-Type: application/json; charset=utf-8
cache-control: no-cache

[DEBUG] Adding key: http://localhost:1818 for channel [id: 0xa63e486b, L:/127.0.0.1:50829 - R:localhost/127.0.0.1:1818]
[DEBUG] Using pooled Channel '[id: 0xa63e486b, L:/127.0.0.1:50829 - R:localhost/127.0.0.1:1818]' for 'POST' to 'http://localhost:1818/session/cff40ccc68fb989f70d072543387bd04/element'
[DEBUG] Using open Channel [id: 0xa63e486b, L:/127.0.0.1:50829 - R:localhost/127.0.0.1:1818] for POST '/session/cff40ccc68fb989f70d072543387bd04/element'
[DEBUG] 

Request DefaultHttpRequest(decodeResult: success, version: HTTP/1.1)
POST /session/cff40ccc68fb989f70d072543387bd04/element HTTP/1.1
User-Agent: selenium/4.8.3 (java windows)
Content-Length: 53
Content-Type: application/json; charset=utf-8
host: localhost:1818
accept: */*

Response DefaultHttpResponse(decodeResult: success, version: HTTP/1.1)
HTTP/1.1 200 OK
Content-Length: 88
Content-Type: application/json; charset=utf-8
cache-control: no-cache

[DEBUG] Adding key: http://localhost:1818 for channel [id: 0xa63e486b, L:/127.0.0.1:50829 - R:localhost/127.0.0.1:1818]
[DEBUG] Using pooled Channel '[id: 0xa63e486b, L:/127.0.0.1:50829 - R:localhost/127.0.0.1:1818]' for 'POST' to 'http://localhost:1818/session/cff40ccc68fb989f70d072543387bd04/element/bef778d6-2744-4530-98bb-e9c37257d6b6/value'
[DEBUG] Using open Channel [id: 0xa63e486b, L:/127.0.0.1:50829 - R:localhost/127.0.0.1:1818] for POST '/session/cff40ccc68fb989f70d072543387bd04/element/bef778d6-2744-4530-98bb-e9c37257d6b6/value'
[DEBUG] 

Request DefaultHttpRequest(decodeResult: success, version: HTTP/1.1)
POST /session/cff40ccc68fb989f70d072543387bd04/element/bef778d6-2744-4530-98bb-e9c37257d6b6/value HTTP/1.1
User-Agent: selenium/4.8.3 (java windows)
Content-Length: 131
Content-Type: application/json; charset=utf-8
host: localhost:1818
accept: */*

Response DefaultHttpResponse(decodeResult: success, version: HTTP/1.1)
HTTP/1.1 200 OK
Content-Length: 14
Content-Type: application/json; charset=utf-8
cache-control: no-cache

[DEBUG] Adding key: http://localhost:1818 for channel [id: 0xa63e486b, L:/127.0.0.1:50829 - R:localhost/127.0.0.1:1818]
[INFO ] 2023-04-16 08:31:57.537 [main] StepDef - email address and password entered
[DEBUG] Using pooled Channel '[id: 0xa63e486b, L:/127.0.0.1:50829 - R:localhost/127.0.0.1:1818]' for 'POST' to 'http://localhost:1818/session/cff40ccc68fb989f70d072543387bd04/element'
[DEBUG] Using open Channel [id: 0xa63e486b, L:/127.0.0.1:50829 - R:localhost/127.0.0.1:1818] for POST '/session/cff40ccc68fb989f70d072543387bd04/element'
[DEBUG] 

Request DefaultHttpRequest(decodeResult: success, version: HTTP/1.1)
POST /session/cff40ccc68fb989f70d072543387bd04/element HTTP/1.1
User-Agent: selenium/4.8.3 (java windows)
Content-Length: 87
Content-Type: application/json; charset=utf-8
host: localhost:1818
accept: */*

Response DefaultHttpResponse(decodeResult: success, version: HTTP/1.1)
HTTP/1.1 200 OK
Content-Length: 88
Content-Type: application/json; charset=utf-8
cache-control: no-cache

[DEBUG] Adding key: http://localhost:1818 for channel [id: 0xa63e486b, L:/127.0.0.1:50829 - R:localhost/127.0.0.1:1818]
[DEBUG] Using pooled Channel '[id: 0xa63e486b, L:/127.0.0.1:50829 - R:localhost/127.0.0.1:1818]' for 'POST' to 'http://localhost:1818/session/cff40ccc68fb989f70d072543387bd04/element/3e1fa01e-522c-49fd-a342-272533b123fe/click'
[DEBUG] Using open Channel [id: 0xa63e486b, L:/127.0.0.1:50829 - R:localhost/127.0.0.1:1818] for POST '/session/cff40ccc68fb989f70d072543387bd04/element/3e1fa01e-522c-49fd-a342-272533b123fe/click'
[DEBUG] Entry count for : http://localhost:50830 : 1
[DEBUG] 

Request DefaultHttpRequest(decodeResult: success, version: HTTP/1.1)
POST /session/cff40ccc68fb989f70d072543387bd04/element/3e1fa01e-522c-49fd-a342-272533b123fe/click HTTP/1.1
User-Agent: selenium/4.8.3 (java windows)
Content-Length: 50
Content-Type: application/json; charset=utf-8
host: localhost:1818
accept: */*

Response DefaultHttpResponse(decodeResult: success, version: HTTP/1.1)
HTTP/1.1 200 OK
Content-Length: 14
Content-Type: application/json; charset=utf-8
cache-control: no-cache

[DEBUG] Adding key: http://localhost:1818 for channel [id: 0xa63e486b, L:/127.0.0.1:50829 - R:localhost/127.0.0.1:1818]
[INFO ] 2023-04-16 08:31:58.828 [main] StepDef - Clicked on login button
[DEBUG] Using pooled Channel '[id: 0xa63e486b, L:/127.0.0.1:50829 - R:localhost/127.0.0.1:1818]' for 'GET' to 'http://localhost:1818/session/cff40ccc68fb989f70d072543387bd04/title'
[DEBUG] Using open Channel [id: 0xa63e486b, L:/127.0.0.1:50829 - R:localhost/127.0.0.1:1818] for GET '/session/cff40ccc68fb989f70d072543387bd04/title'
[DEBUG] 

Request DefaultFullHttpRequest(decodeResult: success, version: HTTP/1.1, content: EmptyByteBufBE)
GET /session/cff40ccc68fb989f70d072543387bd04/title HTTP/1.1
User-Agent: selenium/4.8.3 (java windows)
Cache-Control: no-cache
Content-Type: application/json; charset=utf-8
host: localhost:1818
accept: */*

Response DefaultHttpResponse(decodeResult: success, version: HTTP/1.1)
HTTP/1.1 200 OK
Content-Length: 50
Content-Type: application/json; charset=utf-8
cache-control: no-cache

[DEBUG] Adding key: http://localhost:1818 for channel [id: 0xa63e486b, L:/127.0.0.1:50829 - R:localhost/127.0.0.1:1818]
[WARN ] 2023-04-16 08:31:58.831 [main] StepDef - Test passed: Login feature :Page title matched.
[DEBUG] Using pooled Channel '[id: 0xa63e486b, L:/127.0.0.1:50829 - R:localhost/127.0.0.1:1818]' for 'POST' to 'http://localhost:1818/session/cff40ccc68fb989f70d072543387bd04/element'
[DEBUG] Using open Channel [id: 0xa63e486b, L:/127.0.0.1:50829 - R:localhost/127.0.0.1:1818] for POST '/session/cff40ccc68fb989f70d072543387bd04/element'
[DEBUG] 

Request DefaultHttpRequest(decodeResult: success, version: HTTP/1.1)
POST /session/cff40ccc68fb989f70d072543387bd04/element HTTP/1.1
User-Agent: selenium/4.8.3 (java windows)
Content-Length: 47
Content-Type: application/json; charset=utf-8
host: localhost:1818
accept: */*

Response DefaultHttpResponse(decodeResult: success, version: HTTP/1.1)
HTTP/1.1 200 OK
Content-Length: 88
Content-Type: application/json; charset=utf-8
cache-control: no-cache

[DEBUG] Adding key: http://localhost:1818 for channel [id: 0xa63e486b, L:/127.0.0.1:50829 - R:localhost/127.0.0.1:1818]
[DEBUG] Using pooled Channel '[id: 0xa63e486b, L:/127.0.0.1:50829 - R:localhost/127.0.0.1:1818]' for 'POST' to 'http://localhost:1818/session/cff40ccc68fb989f70d072543387bd04/element/7b4bcee7-2521-4992-8a18-bd1458122d5c/click'
[DEBUG] Using open Channel [id: 0xa63e486b, L:/127.0.0.1:50829 - R:localhost/127.0.0.1:1818] for POST '/session/cff40ccc68fb989f70d072543387bd04/element/7b4bcee7-2521-4992-8a18-bd1458122d5c/click'
[DEBUG] Entry count for : http://localhost:50830 : 1
[DEBUG] 

Request DefaultHttpRequest(decodeResult: success, version: HTTP/1.1)
POST /session/cff40ccc68fb989f70d072543387bd04/element/7b4bcee7-2521-4992-8a18-bd1458122d5c/click HTTP/1.1
User-Agent: selenium/4.8.3 (java windows)
Content-Length: 50
Content-Type: application/json; charset=utf-8
host: localhost:1818
accept: */*

Response DefaultHttpResponse(decodeResult: success, version: HTTP/1.1)
HTTP/1.1 200 OK
Content-Length: 14
Content-Type: application/json; charset=utf-8
cache-control: no-cache

[DEBUG] Adding key: http://localhost:1818 for channel [id: 0xa63e486b, L:/127.0.0.1:50829 - R:localhost/127.0.0.1:1818]
[INFO ] 2023-04-16 08:31:59.562 [main] StepDef - user clicked on logout link.
[DEBUG] Using pooled Channel '[id: 0xa63e486b, L:/127.0.0.1:50829 - R:localhost/127.0.0.1:1818]' for 'GET' to 'http://localhost:1818/session/cff40ccc68fb989f70d072543387bd04/title'
[DEBUG] Using open Channel [id: 0xa63e486b, L:/127.0.0.1:50829 - R:localhost/127.0.0.1:1818] for GET '/session/cff40ccc68fb989f70d072543387bd04/title'
[DEBUG] 

Request DefaultFullHttpRequest(decodeResult: success, version: HTTP/1.1, content: EmptyByteBufBE)
GET /session/cff40ccc68fb989f70d072543387bd04/title HTTP/1.1
User-Agent: selenium/4.8.3 (java windows)
Cache-Control: no-cache
Content-Type: application/json; charset=utf-8
host: localhost:1818
accept: */*

Response DefaultHttpResponse(decodeResult: success, version: HTTP/1.1)
HTTP/1.1 200 OK
Content-Length: 29
Content-Type: application/json; charset=utf-8
cache-control: no-cache

[DEBUG] Adding key: http://localhost:1818 for channel [id: 0xa63e486b, L:/127.0.0.1:50829 - R:localhost/127.0.0.1:1818]
[WARN ] 2023-04-16 08:31:59.566 [main] StepDef - Test passed: Login feature :Page title matched.
[DEBUG] Using pooled Channel '[id: 0xa63e486b, L:/127.0.0.1:50829 - R:localhost/127.0.0.1:1818]' for 'DELETE' to 'http://localhost:1818/session/cff40ccc68fb989f70d072543387bd04/window'
[DEBUG] Using open Channel [id: 0xa63e486b, L:/127.0.0.1:50829 - R:localhost/127.0.0.1:1818] for DELETE '/session/cff40ccc68fb989f70d072543387bd04/window'
[DEBUG] Channel Closed: [id: 0xd5d9c157, L:/127.0.0.1:50836 ! R:localhost/127.0.0.1:50830] with attribute DISCARD
[DEBUG] Channel Closed: [id: 0x75a0df15, L:/127.0.0.1:50837 ! R:localhost/127.0.0.1:50830] with attribute NettyResponseFuture{currentRetry=0,
	isDone=1,
	isCancelled=0,
	asyncHandler=org.asynchttpclient.ws.WebSocketUpgradeHandler@18d9e76e,
	nettyRequest=org.asynchttpclient.netty.request.NettyRequest@5ddb6a11,
	future=java.util.concurrent.CompletableFuture@43045cc8[Completed normally],
	uri=ws://localhost:50830/devtools/browser/bd9c6aa7-d40f-4b3e-8d70-f49b960e462f,
	keepAlive=true,
	redirectCount=0,
	timeoutsHolder=null,
	inAuth=0,
	touch=1681648316783}
[DEBUG] Closing Channel [id: 0x75a0df15, L:/127.0.0.1:50837 ! R:localhost/127.0.0.1:50830] 
[DEBUG] 

Request DefaultFullHttpRequest(decodeResult: success, version: HTTP/1.1, content: EmptyByteBufBE)
DELETE /session/cff40ccc68fb989f70d072543387bd04/window HTTP/1.1
User-Agent: selenium/4.8.3 (java windows)
Content-Type: application/json; charset=utf-8
host: localhost:1818
accept: */*

Response DefaultHttpResponse(decodeResult: success, version: HTTP/1.1)
HTTP/1.1 200 OK
Content-Length: 12
Content-Type: application/json; charset=utf-8
cache-control: no-cache

[DEBUG] Adding key: http://localhost:1818 for channel [id: 0xa63e486b, L:/127.0.0.1:50829 - R:localhost/127.0.0.1:1818]
[INFO ] 2023-04-16 08:31:59.658 [main] StepDef - Browser closed
Tear Down method executed..
[DEBUG] Using pooled Channel '[id: 0xa63e486b, L:/127.0.0.1:50829 - R:localhost/127.0.0.1:1818]' for 'DELETE' to 'http://localhost:1818/session/cff40ccc68fb989f70d072543387bd04'
[DEBUG] Using open Channel [id: 0xa63e486b, L:/127.0.0.1:50829 - R:localhost/127.0.0.1:1818] for DELETE '/session/cff40ccc68fb989f70d072543387bd04'
[DEBUG] 

Request DefaultFullHttpRequest(decodeResult: success, version: HTTP/1.1, content: EmptyByteBufBE)
DELETE /session/cff40ccc68fb989f70d072543387bd04 HTTP/1.1
User-Agent: selenium/4.8.3 (java windows)
Content-Type: application/json; charset=utf-8
host: localhost:1818
accept: */*

Response DefaultHttpResponse(decodeResult: success, version: HTTP/1.1)
HTTP/1.1 200 OK
Content-Length: 14
Content-Type: application/json; charset=utf-8
cache-control: no-cache

[DEBUG] Adding key: http://localhost:1818 for channel [id: 0xa63e486b, L:/127.0.0.1:50829 - R:localhost/127.0.0.1:1818]
[DEBUG] Channel Closed: [id: 0xa63e486b, L:/127.0.0.1:50829 ! R:localhost/127.0.0.1:1818] with attribute DISCARD
]]></system-out>
    <system-err><![CDATA[Starting ChromeDriver 112.0.5615.49 (bd2a7bcb881c11e8cfe3078709382934e3916914-refs/branch-heads/5615@{#936}) on port 1818
Only local connections are allowed.
Please see https://chromedriver.chromium.org/security-considerations for suggestions on keeping ChromeDriver safe.
ChromeDriver was started successfully.
Apr. 16, 2023 8:31:56 A.M. org.openqa.selenium.devtools.CdpVersionFinder findNearestMatch
WARNING: Unable to find an exact match for CDP version 112, so returning the closest version found: 111
]]></system-err>
  </testcase>
</testsuite>