<?xml version="1.0" encoding="UTF-8"?>
<!-- Generated by org.testng.reporters.JUnitReportReporter -->
<testsuite hostname="Build3" failures="0" tests="5" name="TestRunner.Run" time="40.054" errors="0" timestamp="2023-04-16T09:42:15 EDT" skipped="0">
  <testcase classname="TestRunner.Run" name="runScenario" time="10.365"/>
  <system-out/>
  <testcase classname="TestRunner.Run" name="runScenario" time="3.741"/>
  <system-out/>
  <testcase classname="TestRunner.Run" name="runScenario" time="10.770"/>
  <system-out/>
  <testcase classname="TestRunner.Run" name="runScenario" time="11.545"/>
  <system-out/>
  <testcase classname="TestRunner.Run" name="runScenario" time="3.633"/>
  <system-out/>
</testsuite> <!-- TestRunner.Run -->
