<?xml version="1.0" encoding="UTF-8"?>
<!-- Generated by org.testng.reporters.JUnitReportReporter -->
<testsuite hostname="Build3" failures="0" tests="5" name="TestRunner.Run" time="45.431" errors="0" timestamp="2023-04-16T08:32:00 EDT" skipped="0">
  <testcase classname="TestRunner.Run" name="runScenario" time="12.562"/>
  <system-out/>
  <testcase classname="TestRunner.Run" name="runScenario" time="5.475"/>
  <system-out/>
  <testcase classname="TestRunner.Run" name="runScenario" time="10.976"/>
  <system-out/>
  <testcase classname="TestRunner.Run" name="runScenario" time="4.673"/>
  <system-out/>
  <testcase classname="TestRunner.Run" name="runScenario" time="11.745"/>
  <system-out/>
</testsuite> <!-- TestRunner.Run -->
